#
# A fatal error has been detected by the Java Runtime Environment:
#
#  EXCEPTION_ACCESS_VIOLATION (0xc0000005) at pc=0x00007ff967d59d00, pid=8296, tid=13740
#
# JRE version: Java(TM) SE Runtime Environment (17.0.3.1+2) (build 17.0.3.1+2-LTS-6)
# Java VM: Java HotSpot(TM) 64-Bit Server VM (17.0.3.1+2-LTS-6, mixed mode, sharing, tiered, compressed oops, compressed class ptrs, g1 gc, windows-amd64)
# Problematic frame:
# V  [jvm.dll+0x699d00]
#
# No core dump will be written. Minidumps are not enabled by default on client versions of Windows
#
# If you would like to submit a bug report, please visit:
#   https://bugreport.java.com/bugreport/crash.jsp
#

---------------  S U M M A R Y ------------

Command Line: -Dmaven.multiModuleProjectDirectory=C:\Users\stalo\Documents\GitHub\HotelMenager -Dmaven.home=E:\JetBrains\IntelliJ IDEA 2022.1.1\plugins\maven\lib\maven3 -Dclassworlds.conf=E:\JetBrains\IntelliJ IDEA 2022.1.1\plugins\maven\lib\maven3\bin\m2.conf -Dmaven.ext.class.path=E:\JetBrains\IntelliJ IDEA 2022.1.1\plugins\maven\lib\maven-event-listener.jar -javaagent:E:\JetBrains\IntelliJ IDEA 2022.1.1\lib\idea_rt.jar=62673:E:\JetBrains\IntelliJ IDEA 2022.1.1\bin -Dfile.encoding=UTF-8 org.codehaus.classworlds.Launcher -Didea.version=2022.1.1 clean package javafx:run

Host: Intel(R) Core(TM) i5-8500 CPU @ 3.00GHz, 6 cores, 15G,  Windows 10 , 64 bit Build 19041 (10.0.19041.1706)
Time: Wed Jun  1 11:00:07 2022  Windows 10 , 64 bit Build 19041 (10.0.19041.1706) elapsed time: 3.363686 seconds (0d 0h 0m 3s)

---------------  T H R E A D  ---------------

Current thread (0x000002507f91f870):  JavaThread "C2 CompilerThread0" daemon [_thread_in_native, id=13740, stack(0x000000769bf00000,0x000000769c000000)]


Current CompileTask:
C2:   3363 6607       4       com.sun.tools.javac.code.Types::capture (556 bytes)

Stack: [0x000000769bf00000,0x000000769c000000],  sp=0x000000769bffb6c0,  free space=1005k
Native frames: (J=compiled Java code, j=interpreted, Vv=VM code, C=native code)
V  [jvm.dll+0x699d00]
V  [jvm.dll+0x699b9b]
V  [jvm.dll+0x1b9d7c]
V  [jvm.dll+0x215eb9]
V  [jvm.dll+0x215181]
V  [jvm.dll+0x1a1c3d]
V  [jvm.dll+0x2249c8]
V  [jvm.dll+0x222b2c]
V  [jvm.dll+0x78650b]
V  [jvm.dll+0x780aca]
V  [jvm.dll+0x670045]
C  [ucrtbase.dll+0x21bb2]
C  [KERNEL32.DLL+0x17034]
C  [ntdll.dll+0x52651]


siginfo: EXCEPTION_ACCESS_VIOLATION (0xc0000005), reading address 0x0000024f389ac6d0


Register to memory mapping:

RIP=0x00007ff967d59d00 jvm.dll
RAX=0xffffffffcccccccc is an unknown value
RBX=0x0 is NULL
RCX=0x000000769bffbca0 is pointing into the stack for thread: 0x000002507f91f870
RDX=0x0000025003cf81a0 points into unknown readable memory: 0x0000025003cf99c0 | c0 99 cf 03 50 02 00 00
RSP=0x000000769bffb6c0 is pointing into the stack for thread: 0x000002507f91f870
RBP=0x000002500599da50 points into unknown readable memory: 0x00007ff967f779a0 | a0 79 f7 67 f9 7f 00 00
RSI=0x0000000000000019 is an unknown value
RDI=0x0000025003cf81a0 points into unknown readable memory: 0x0000025003cf99c0 | c0 99 cf 03 50 02 00 00
R8 =0x0000000000000001 is an unknown value
R9 =0x00007ff967f8c178 jvm.dll
R10=0x00000250056793a0 points into unknown readable memory: 0x0000000000000000 | 00 00 00 00 00 00 00 00
R11=0x00007ff96771f9d0 jvm.dll
R12=0x000000769bffbca0 is pointing into the stack for thread: 0x000002507f91f870
R13=0x0000000000000276 is an unknown value
R14=0x0000000000000008 is an unknown value
R15=0x0000025003cf81a0 points into unknown readable memory: 0x0000025003cf99c0 | c0 99 cf 03 50 02 00 00


Registers:
RAX=0xffffffffcccccccc, RBX=0x0000000000000000, RCX=0x000000769bffbca0, RDX=0x0000025003cf81a0
RSP=0x000000769bffb6c0, RBP=0x000002500599da50, RSI=0x0000000000000019, RDI=0x0000025003cf81a0
R8 =0x0000000000000001, R9 =0x00007ff967f8c178, R10=0x00000250056793a0, R11=0x00007ff96771f9d0
R12=0x000000769bffbca0, R13=0x0000000000000276, R14=0x0000000000000008, R15=0x0000025003cf81a0
RIP=0x00007ff967d59d00, EFLAGS=0x0000000000010246

Top of Stack: (sp=0x000000769bffb6c0)
0x000000769bffb6c0:   0000000000000226 0000025005765b08
0x000000769bffb6d0:   000002500341f750 0000025004f81230
0x000000769bffb6e0:   0000000000000150 00007ff9678d5642
0x000000769bffb6f0:   0000000000000276 0000025004f81230
0x000000769bffb700:   000000769bffbca0 00000000000000d7
0x000000769bffb710:   0000025003cf81a0 000002500599da50
0x000000769bffb720:   0000000000000001 00007ff967d59b9b
0x000000769bffb730:   0000025000000000 0000000000000008
0x000000769bffb740:   0000000000000001 0000000000000015
0x000000769bffb750:   000000769bffb768 00000250056f7be0
0x000000769bffb760:   0000025004f85ba8 0000027600000276
0x000000769bffb770:   0000025004f81230 0000000000000000
0x000000769bffb780:   0000000400000000 0000000000000000
0x000000769bffb790:   00000250070f0000 0000000000000000
0x000000769bffb7a0:   0000000000000000 00007ff96800a998
0x000000769bffb7b0:   0000000000000000 0000000000000000 

Instructions: (pc=0x00007ff967d59d00)
0x00007ff967d59c00:   4c 89 00 4c 89 40 08 48 8d 40 10 48 83 e9 01 75
0x00007ff967d59c10:   ef 49 8b 46 48 41 ff c4 44 3b 60 40 0f 82 0e ff
0x00007ff967d59c20:   ff ff 48 8b 9c 24 10 01 00 00 48 8b ac 24 18 01
0x00007ff967d59c30:   00 00 48 83 7d 00 00 4c 8b bc 24 c8 00 00 00 4c
0x00007ff967d59c40:   8b b4 24 d0 00 00 00 4c 8b ac 24 d8 00 00 00 4c
0x00007ff967d59c50:   8b a4 24 e0 00 00 00 48 8b bc 24 e8 00 00 00 48
0x00007ff967d59c60:   8b b4 24 f0 00 00 00 74 18 48 8b 94 24 20 01 00
0x00007ff967d59c70:   00 48 8b cb e8 57 11 a1 ff 48 8b cd e8 bf 10 a1
0x00007ff967d59c80:   ff 48 8b 84 24 28 01 00 00 48 8d 4c 24 50 48 89
0x00007ff967d59c90:   43 18 48 8b 44 24 30 48 89 43 20 48 89 6b 10 e8
0x00007ff967d59ca0:   3c bb b7 ff 48 81 c4 f8 00 00 00 5d 5b c3 cc cc
0x00007ff967d59cb0:   48 8b 41 08 48 8b 48 08 48 8b 01 48 ff 60 78 cc
0x00007ff967d59cc0:   44 89 44 24 18 53 55 57 41 54 41 56 41 57 48 83
0x00007ff967d59cd0:   ec 38 4c 8b 91 08 01 00 00 49 8b e9 4c 8b 4a 08
0x00007ff967d59ce0:   33 db 41 8b c0 4c 8b fa 4c 8b e1 4c 8d 34 c5 00
0x00007ff967d59cf0:   00 00 00 4f 8b 1c 0e 4c 89 74 24 78 49 63 43 28
0x00007ff967d59d00:   41 8b 3c 82 89 7c 24 70 85 ff 0f 84 bc 02 00 00
0x00007ff967d59d10:   48 8b 41 70 48 69 d7 b0 00 00 00 48 8b 48 20 48
0x00007ff967d59d20:   83 7c 0a 18 ff 0f 85 a1 02 00 00 4c 8b 84 24 90
0x00007ff967d59d30:   00 00 00 48 89 b4 24 88 00 00 00 48 63 74 0a 30
0x00007ff967d59d40:   49 8b c9 48 c1 e6 04 4d 8b 40 08 4c 89 6c 24 30
0x00007ff967d59d50:   49 8b d0 48 89 74 24 20 4e 8b 2c 06 4d 85 ed 0f
0x00007ff967d59d60:   84 37 02 00 00 49 63 45 28 41 3b 3c 82 0f 85 29
0x00007ff967d59d70:   02 00 00 4d 3b eb 0f 84 20 02 00 00 41 8b 45 2c
0x00007ff967d59d80:   25 ff 01 00 00 3d 02 01 00 00 75 08 49 8b f5 e9
0x00007ff967d59d90:   bc 01 00 00 65 48 8b 04 25 58 00 00 00 8b 0d 15
0x00007ff967d59da0:   fc 48 00 48 8b 1c c8 b8 50 00 00 00 80 3c 18 00
0x00007ff967d59db0:   75 05 e8 15 27 19 00 b8 20 00 00 00 48 8b 04 18
0x00007ff967d59dc0:   48 8b 88 d0 04 00 00 48 8b 99 80 00 00 00 48 81
0x00007ff967d59dd0:   c3 70 02 00 00 48 8b 73 18 48 83 fe b7 76 18 4c
0x00007ff967d59de0:   8d 05 ca 31 1a 00 ba 48 00 00 00 48 8b cb e8 5d
0x00007ff967d59df0:   10 a1 ff 48 8b 73 18 48 8d 46 48 48 3b 43 20 76 


Stack slot to memory mapping:
stack at sp + 0 slots: 0x0000000000000226 is an unknown value
stack at sp + 1 slots: 0x0000025005765b08 points into unknown readable memory: 0x00007ff967f0d750 | 50 d7 f0 67 f9 7f 00 00
stack at sp + 2 slots: 0x000002500341f750 points into unknown readable memory: 0x00007ff967f779a0 | a0 79 f7 67 f9 7f 00 00
stack at sp + 3 slots: 0x0000025004f81230 points into unknown readable memory: 0x0000000000000000 | 00 00 00 00 00 00 00 00
stack at sp + 4 slots: 0x0000000000000150 is an unknown value
stack at sp + 5 slots: 0x00007ff9678d5642 jvm.dll
stack at sp + 6 slots: 0x0000000000000276 is an unknown value
stack at sp + 7 slots: 0x0000025004f81230 points into unknown readable memory: 0x0000000000000000 | 00 00 00 00 00 00 00 00


---------------  P R O C E S S  ---------------

Threads class SMR info:
_java_thread_list=0x000002507f916c80, length=14, elements={
0x000002505efcae20, 0x000002507f8fe220, 0x000002507f8fefa0, 0x000002507f918b40,
0x000002507f91c420, 0x000002507f91d0f0, 0x000002507f91ebd0, 0x000002507f91f870,
0x000002507f920220, 0x000002507f926030, 0x000002507f9f7fc0, 0x000002507fb4ade0,
0x000002507fb4b2b0, 0x00000250028adb90
}

Java Threads: ( => current thread )
  0x000002505efcae20 JavaThread "main" [_thread_in_Java, id=15816, stack(0x000000769b200000,0x000000769b300000)]
  0x000002507f8fe220 JavaThread "Reference Handler" daemon [_thread_blocked, id=2440, stack(0x000000769b900000,0x000000769ba00000)]
  0x000002507f8fefa0 JavaThread "Finalizer" daemon [_thread_blocked, id=4352, stack(0x000000769ba00000,0x000000769bb00000)]
  0x000002507f918b40 JavaThread "Signal Dispatcher" daemon [_thread_blocked, id=17980, stack(0x000000769bb00000,0x000000769bc00000)]
  0x000002507f91c420 JavaThread "Attach Listener" daemon [_thread_blocked, id=3300, stack(0x000000769bc00000,0x000000769bd00000)]
  0x000002507f91d0f0 JavaThread "Service Thread" daemon [_thread_blocked, id=16280, stack(0x000000769bd00000,0x000000769be00000)]
  0x000002507f91ebd0 JavaThread "Monitor Deflation Thread" daemon [_thread_blocked, id=3344, stack(0x000000769be00000,0x000000769bf00000)]
=>0x000002507f91f870 JavaThread "C2 CompilerThread0" daemon [_thread_in_native, id=13740, stack(0x000000769bf00000,0x000000769c000000)]
  0x000002507f920220 JavaThread "C1 CompilerThread0" daemon [_thread_blocked, id=5700, stack(0x000000769c000000,0x000000769c100000)]
  0x000002507f926030 JavaThread "Sweeper thread" daemon [_thread_blocked, id=11832, stack(0x000000769c100000,0x000000769c200000)]
  0x000002507f9f7fc0 JavaThread "Common-Cleaner" daemon [_thread_blocked, id=13176, stack(0x000000769c200000,0x000000769c300000)]
  0x000002507fb4ade0 JavaThread "Monitor Ctrl-Break" daemon [_thread_in_native, id=14408, stack(0x000000769c300000,0x000000769c400000)]
  0x000002507fb4b2b0 JavaThread "Notification Thread" daemon [_thread_blocked, id=4584, stack(0x000000769c400000,0x000000769c500000)]
  0x00000250028adb90 JavaThread "C2 CompilerThread1" daemon [_thread_in_native, id=8588, stack(0x000000769c600000,0x000000769c700000)]

Other Threads:
  0x000002507f8f8010 VMThread "VM Thread" [stack: 0x000000769b800000,0x000000769b900000] [id=6004]
  0x000002505f056c80 WatcherThread [stack: 0x000000769c500000,0x000000769c600000] [id=14168]
  0x000002505f039cd0 GCTaskThread "GC Thread#0" [stack: 0x000000769b300000,0x000000769b400000] [id=13588]
  0x0000025002ef5760 GCTaskThread "GC Thread#1" [stack: 0x000000769c700000,0x000000769c800000] [id=9648]
  0x00000250031c6010 GCTaskThread "GC Thread#2" [stack: 0x000000769c800000,0x000000769c900000] [id=3080]
  0x00000250031c62c0 GCTaskThread "GC Thread#3" [stack: 0x000000769c900000,0x000000769ca00000] [id=9384]
  0x00000250031c6570 GCTaskThread "GC Thread#4" [stack: 0x000000769ca00000,0x000000769cb00000] [id=5856]
  0x00000250031c6ca0 GCTaskThread "GC Thread#5" [stack: 0x000000769cb00000,0x000000769cc00000] [id=17104]
  0x000002505f04a9a0 ConcurrentGCThread "G1 Main Marker" [stack: 0x000000769b400000,0x000000769b500000] [id=12512]
  0x000002505f04b6f0 ConcurrentGCThread "G1 Conc#0" [stack: 0x000000769b500000,0x000000769b600000] [id=13164]
  0x00000250051ce8d0 ConcurrentGCThread "G1 Conc#1" [stack: 0x000000769cc00000,0x000000769cd00000] [id=17572]
  0x000002507f780490 ConcurrentGCThread "G1 Refine#0" [stack: 0x000000769b600000,0x000000769b700000] [id=17584]
  0x0000025004d15090 ConcurrentGCThread "G1 Refine#1" [stack: 0x000000769cd00000,0x000000769ce00000] [id=16712]
  0x00000250040c9560 ConcurrentGCThread "G1 Refine#2" [stack: 0x000000769ce00000,0x000000769cf00000] [id=8976]
  0x000002507f780dc0 ConcurrentGCThread "G1 Service" [stack: 0x000000769b700000,0x000000769b800000] [id=424]

Threads with active compile tasks:
C2 CompilerThread0     3439 6607       4       com.sun.tools.javac.code.Types::capture (556 bytes)
C2 CompilerThread1     3439 6357   !   4       com.sun.tools.javac.parser.JavaTokenizer::readToken (1731 bytes)

VM state: not at safepoint (normal execution)

VM Mutex/Monitor currently owned by a thread: None

Heap address: 0x0000000701800000, size: 4072 MB, Compressed Oops mode: Zero based, Oop shift amount: 3

CDS archive(s) mapped at: [0x0000000800000000-0x0000000800bc0000-0x0000000800bc0000), size 12320768, SharedBaseAddress: 0x0000000800000000, ArchiveRelocationMode: 0.
Compressed class space mapped at: 0x0000000800c00000-0x0000000840c00000, reserved size: 1073741824
Narrow klass base: 0x0000000800000000, Narrow klass shift: 0, Narrow klass range: 0x100000000

GC Precious Log:
 CPUs: 6 total, 6 available
 Memory: 16285M
 Large Page Support: Disabled
 NUMA Support: Disabled
 Compressed Oops: Enabled (Zero based)
 Heap Region Size: 2M
 Heap Min Capacity: 8M
 Heap Initial Capacity: 256M
 Heap Max Capacity: 4072M
 Pre-touch: Disabled
 Parallel Workers: 6
 Concurrent Workers: 2
 Concurrent Refinement Workers: 6
 Periodic GC: Disabled

Heap:
 garbage-first heap   total 118784K, used 38928K [0x0000000701800000, 0x0000000800000000)
  region size 2048K, 6 young (12288K), 2 survivors (4096K)
 Metaspace       used 27654K, committed 27968K, reserved 1081344K
  class space    used 3076K, committed 3264K, reserved 1048576K

Heap Regions: E=young(eden), S=young(survivor), O=old, HS=humongous(starts), HC=humongous(continues), CS=collection set, F=free, OA=open archive, CA=closed archive, TAMS=top-at-mark-start (previous, next)
|   0|0x0000000701800000, 0x0000000701a00000, 0x0000000701a00000|100%| O|  |TAMS 0x0000000701a00000, 0x0000000701800000| Untracked 
|   1|0x0000000701a00000, 0x0000000701c00000, 0x0000000701c00000|100%| O|  |TAMS 0x0000000701a00000, 0x0000000701a00000| Untracked 
|   2|0x0000000701c00000, 0x0000000701e00000, 0x0000000701e00000|100%| O|  |TAMS 0x0000000701c00000, 0x0000000701c00000| Untracked 
|   3|0x0000000701e00000, 0x0000000702000000, 0x0000000702000000|100%|HS|  |TAMS 0x0000000702000000, 0x0000000701e00000| Complete 
|   4|0x0000000702000000, 0x0000000702200000, 0x0000000702200000|100%| O|  |TAMS 0x0000000702000000, 0x0000000702000000| Untracked 
|   5|0x0000000702200000, 0x0000000702400000, 0x0000000702400000|100%| O|  |TAMS 0x0000000702200000, 0x0000000702200000| Untracked 
|   6|0x0000000702400000, 0x0000000702600000, 0x0000000702600000|100%| O|  |TAMS 0x0000000702400000, 0x0000000702400000| Untracked 
|   7|0x0000000702600000, 0x0000000702800000, 0x0000000702800000|100%| O|  |TAMS 0x0000000702600000, 0x0000000702600000| Untracked 
|   8|0x0000000702800000, 0x0000000702a00000, 0x0000000702a00000|100%| O|  |TAMS 0x0000000702800000, 0x0000000702800000| Untracked 
|   9|0x0000000702a00000, 0x0000000702c00000, 0x0000000702c00000|100%| O|  |TAMS 0x0000000702a00000, 0x0000000702a00000| Untracked 
|  10|0x0000000702c00000, 0x0000000702e00000, 0x0000000702e00000|100%| O|  |TAMS 0x0000000702c00000, 0x0000000702c00000| Untracked 
|  11|0x0000000702e00000, 0x0000000703000000, 0x0000000703000000|100%| O|  |TAMS 0x0000000702e00000, 0x0000000702e00000| Untracked 
|  12|0x0000000703000000, 0x0000000703136c00, 0x0000000703200000| 60%| O|  |TAMS 0x0000000703000000, 0x0000000703000000| Untracked 
|  13|0x0000000703200000, 0x0000000703400000, 0x0000000703400000|100%|HS|  |TAMS 0x0000000703200000, 0x0000000703200000| Complete 
|  14|0x0000000703400000, 0x0000000703400000, 0x0000000703600000|  0%| F|  |TAMS 0x0000000703400000, 0x0000000703400000| Untracked 
|  15|0x0000000703600000, 0x0000000703800000, 0x0000000703800000|100%| O|  |TAMS 0x0000000703600000, 0x0000000703600000| Untracked 
|  16|0x0000000703800000, 0x0000000703800000, 0x0000000703a00000|  0%| F|  |TAMS 0x0000000703800000, 0x0000000703800000| Untracked 
|  17|0x0000000703a00000, 0x0000000703a00000, 0x0000000703c00000|  0%| F|  |TAMS 0x0000000703a00000, 0x0000000703a00000| Untracked 
|  18|0x0000000703c00000, 0x0000000703c00000, 0x0000000703e00000|  0%| F|  |TAMS 0x0000000703c00000, 0x0000000703c00000| Untracked 
|  19|0x0000000703e00000, 0x0000000703e00000, 0x0000000704000000|  0%| F|  |TAMS 0x0000000703e00000, 0x0000000703e00000| Untracked 
|  20|0x0000000704000000, 0x0000000704000000, 0x0000000704200000|  0%| F|  |TAMS 0x0000000704000000, 0x0000000704000000| Untracked 
|  21|0x0000000704200000, 0x0000000704200000, 0x0000000704400000|  0%| F|  |TAMS 0x0000000704200000, 0x0000000704200000| Untracked 
|  22|0x0000000704400000, 0x0000000704400000, 0x0000000704600000|  0%| F|  |TAMS 0x0000000704400000, 0x0000000704400000| Untracked 
|  23|0x0000000704600000, 0x0000000704600000, 0x0000000704800000|  0%| F|  |TAMS 0x0000000704600000, 0x0000000704600000| Untracked 
|  24|0x0000000704800000, 0x0000000704800000, 0x0000000704a00000|  0%| F|  |TAMS 0x0000000704800000, 0x0000000704800000| Untracked 
|  25|0x0000000704a00000, 0x0000000704a00000, 0x0000000704c00000|  0%| F|  |TAMS 0x0000000704a00000, 0x0000000704a00000| Untracked 
|  26|0x0000000704c00000, 0x0000000704c00000, 0x0000000704e00000|  0%| F|  |TAMS 0x0000000704c00000, 0x0000000704c00000| Untracked 
|  27|0x0000000704e00000, 0x0000000704e00000, 0x0000000705000000|  0%| F|  |TAMS 0x0000000704e00000, 0x0000000704e00000| Untracked 
|  28|0x0000000705000000, 0x0000000705000000, 0x0000000705200000|  0%| F|  |TAMS 0x0000000705000000, 0x0000000705000000| Untracked 
|  29|0x0000000705200000, 0x0000000705200000, 0x0000000705400000|  0%| F|  |TAMS 0x0000000705200000, 0x0000000705200000| Untracked 
|  30|0x0000000705400000, 0x00000007054cd620, 0x0000000705600000| 40%| S|CS|TAMS 0x0000000705400000, 0x0000000705400000| Complete 
|  31|0x0000000705600000, 0x0000000705800000, 0x0000000705800000|100%| S|CS|TAMS 0x0000000705600000, 0x0000000705600000| Complete 
|  32|0x0000000705800000, 0x0000000705800000, 0x0000000705a00000|  0%| F|  |TAMS 0x0000000705800000, 0x0000000705800000| Untracked 
|  33|0x0000000705a00000, 0x0000000705a00000, 0x0000000705c00000|  0%| F|  |TAMS 0x0000000705a00000, 0x0000000705a00000| Untracked 
|  34|0x0000000705c00000, 0x0000000705c00000, 0x0000000705e00000|  0%| F|  |TAMS 0x0000000705c00000, 0x0000000705c00000| Untracked 
|  35|0x0000000705e00000, 0x0000000705e00000, 0x0000000706000000|  0%| F|  |TAMS 0x0000000705e00000, 0x0000000705e00000| Untracked 
|  36|0x0000000706000000, 0x0000000706000000, 0x0000000706200000|  0%| F|  |TAMS 0x0000000706000000, 0x0000000706000000| Untracked 
|  37|0x0000000706200000, 0x0000000706200000, 0x0000000706400000|  0%| F|  |TAMS 0x0000000706200000, 0x0000000706200000| Untracked 
|  38|0x0000000706400000, 0x0000000706400000, 0x0000000706600000|  0%| F|  |TAMS 0x0000000706400000, 0x0000000706400000| Untracked 
|  39|0x0000000706600000, 0x0000000706600000, 0x0000000706800000|  0%| F|  |TAMS 0x0000000706600000, 0x0000000706600000| Untracked 
|  40|0x0000000706800000, 0x0000000706800000, 0x0000000706a00000|  0%| F|  |TAMS 0x0000000706800000, 0x0000000706800000| Untracked 
|  41|0x0000000706a00000, 0x0000000706a00000, 0x0000000706c00000|  0%| F|  |TAMS 0x0000000706a00000, 0x0000000706a00000| Untracked 
|  42|0x0000000706c00000, 0x0000000706c00000, 0x0000000706e00000|  0%| F|  |TAMS 0x0000000706c00000, 0x0000000706c00000| Untracked 
|  43|0x0000000706e00000, 0x0000000706e00000, 0x0000000707000000|  0%| F|  |TAMS 0x0000000706e00000, 0x0000000706e00000| Untracked 
|  44|0x0000000707000000, 0x0000000707000000, 0x0000000707200000|  0%| F|  |TAMS 0x0000000707000000, 0x0000000707000000| Untracked 
|  45|0x0000000707200000, 0x0000000707200000, 0x0000000707400000|  0%| F|  |TAMS 0x0000000707200000, 0x0000000707200000| Untracked 
|  46|0x0000000707400000, 0x0000000707400000, 0x0000000707600000|  0%| F|  |TAMS 0x0000000707400000, 0x0000000707400000| Untracked 
|  47|0x0000000707600000, 0x0000000707600000, 0x0000000707800000|  0%| F|  |TAMS 0x0000000707600000, 0x0000000707600000| Untracked 
|  48|0x0000000707800000, 0x0000000707800000, 0x0000000707a00000|  0%| F|  |TAMS 0x0000000707800000, 0x0000000707800000| Untracked 
|  49|0x0000000707a00000, 0x0000000707a00000, 0x0000000707c00000|  0%| F|  |TAMS 0x0000000707a00000, 0x0000000707a00000| Untracked 
|  50|0x0000000707c00000, 0x0000000707c00000, 0x0000000707e00000|  0%| F|  |TAMS 0x0000000707c00000, 0x0000000707c00000| Untracked 
|  70|0x000000070a400000, 0x000000070a400000, 0x000000070a600000|  0%| F|  |TAMS 0x000000070a400000, 0x000000070a400000| Untracked 
|  71|0x000000070a600000, 0x000000070a600000, 0x000000070a800000|  0%| F|  |TAMS 0x000000070a600000, 0x000000070a600000| Untracked 
|  72|0x000000070a800000, 0x000000070a800000, 0x000000070aa00000|  0%| F|  |TAMS 0x000000070a800000, 0x000000070a800000| Untracked 
|  73|0x000000070aa00000, 0x000000070ac00000, 0x000000070ac00000|100%| E|  |TAMS 0x000000070aa00000, 0x000000070aa00000| Complete 
|  74|0x000000070ac00000, 0x000000070ae00000, 0x000000070ae00000|100%| E|CS|TAMS 0x000000070ac00000, 0x000000070ac00000| Complete 
|  75|0x000000070ae00000, 0x000000070b000000, 0x000000070b000000|100%| E|CS|TAMS 0x000000070ae00000, 0x000000070ae00000| Complete 
| 127|0x0000000711600000, 0x0000000711800000, 0x0000000711800000|100%| E|CS|TAMS 0x0000000711600000, 0x0000000711600000| Complete 

Card table byte_map: [0x00000250761c0000,0x00000250769c0000] _byte_map_base: 0x00000250729b4000

Marking Bits (Prev, Next): (CMBitMap*) 0x000002505f03a230, (CMBitMap*) 0x000002505f03a1f0
 Prev Bits: [0x000002507b160000, 0x000002507f100000)
 Next Bits: [0x00000250771c0000, 0x000002507b160000)

Polling page: 0x000002505bd00000

Metaspace:

Usage:
  Non-class:     24.01 MB used.
      Class:      3.00 MB used.
       Both:     27.02 MB used.

Virtual space:
  Non-class space:       32.00 MB reserved,      24.19 MB ( 76%) committed,  4 nodes.
      Class space:        1.00 GB reserved,       3.19 MB ( <1%) committed,  1 nodes.
             Both:        1.03 GB reserved,      27.38 MB (  3%) committed. 

Chunk freelists:
   Non-Class:  3.80 MB
       Class:  877.00 KB
        Both:  4.65 MB

MaxMetaspaceSize: unlimited
CompressedClassSpaceSize: 1.00 GB
Initial GC threshold: 21.00 MB
Current GC threshold: 35.31 MB
CDS: on
MetaspaceReclaimPolicy: balanced
 - commit_granule_bytes: 65536.
 - commit_granule_words: 8192.
 - virtual_space_node_default_size: 1048576.
 - enlarge_chunks_in_place: 1.
 - new_chunks_are_fully_committed: 0.
 - uncommit_free_chunks: 1.
 - use_allocation_guard: 0.
 - handle_deallocations: 1.


Internal statistics:

num_allocs_failed_limit: 3.
num_arena_births: 180.
num_arena_deaths: 0.
num_vsnodes_births: 5.
num_vsnodes_deaths: 0.
num_space_committed: 438.
num_space_uncommitted: 0.
num_chunks_returned_to_freelist: 3.
num_chunks_taken_from_freelist: 1198.
num_chunk_merges: 3.
num_chunk_splits: 833.
num_chunks_enlarged: 650.
num_purges: 0.
num_inconsistent_stats: 0.

CodeHeap 'non-profiled nmethods': size=120000Kb used=2943Kb max_used=2943Kb free=117056Kb
 bounds [0x000002506e380000, 0x000002506e660000, 0x00000250758b0000]
CodeHeap 'profiled nmethods': size=120000Kb used=14488Kb max_used=14488Kb free=105511Kb
 bounds [0x0000025066e50000, 0x0000025067c80000, 0x000002506e380000]
CodeHeap 'non-nmethods': size=5760Kb used=1265Kb max_used=1284Kb free=4494Kb
 bounds [0x00000250668b0000, 0x0000025066b20000, 0x0000025066e50000]
 total_blobs=7409 nmethods=6891 adapters=426
 compilation: enabled
              stopped_count=0, restarted_count=0
 full_count=0

Compilation events (20 events):
Event: 3.349 Thread 0x000002507f920220 nmethod 6844 0x0000025067c42410 code [0x0000025067c42600, 0x0000025067c42a28]
Event: 3.349 Thread 0x000002507f920220 6845       2       com.sun.tools.javac.comp.Enter::getEnv (9 bytes)
Event: 3.350 Thread 0x000002507f920220 nmethod 6845 0x0000025067c42d10 code [0x0000025067c42ec0, 0x0000025067c43028]
Event: 3.352 Thread 0x000002507f920220 6847  s    2       java.nio.channels.Channels$1::write (107 bytes)
Event: 3.352 Thread 0x000002507f920220 nmethod 6847 0x0000025067c43110 code [0x0000025067c43300, 0x0000025067c437e8]
Event: 3.352 Thread 0x000002507f920220 6849       2       java.nio.channels.Channels::writeFullyImpl (33 bytes)
Event: 3.352 Thread 0x000002507f920220 nmethod 6849 0x0000025067c43a10 code [0x0000025067c43bc0, 0x0000025067c43e58]
Event: 3.352 Thread 0x000002507f920220 6848   !   2       java.nio.channels.Channels::writeFully (60 bytes)
Event: 3.353 Thread 0x000002507f920220 nmethod 6848 0x0000025067c44010 code [0x0000025067c44240, 0x0000025067c448e8]
Event: 3.354 Thread 0x000002507f920220 6850       2       com.sun.tools.javac.jvm.ClassReader::sigToTypeParams (111 bytes)
Event: 3.355 Thread 0x000002507f920220 nmethod 6850 0x0000025067c44e10 code [0x0000025067c45000, 0x0000025067c45488]
Event: 3.355 Thread 0x000002507f920220 6851       2       com.sun.tools.javac.comp.ArgumentAttr$ArgumentType::complete (104 bytes)
Event: 3.356 Thread 0x000002507f920220 nmethod 6851 0x0000025067c45710 code [0x0000025067c45900, 0x0000025067c45d68]
Event: 3.356 Thread 0x000002507f920220 6852       2       com.sun.tools.javac.code.Types$DescriptorCache::get (79 bytes)
Event: 3.356 Thread 0x000002507f920220 nmethod 6852 0x0000025067c46010 code [0x0000025067c46200, 0x0000025067c46658]
Event: 3.356 Thread 0x000002507f920220 6854       2       com.sun.tools.javac.comp.Attr::copyScope (94 bytes)
Event: 3.356 Thread 0x000002507f920220 nmethod 6854 0x0000025067c46910 code [0x0000025067c46b40, 0x0000025067c472b8]
Event: 3.356 Thread 0x000002507f920220 6853       2       com.sun.tools.javac.comp.Attr::copyEnv (54 bytes)
Event: 3.356 Thread 0x000002507f920220 nmethod 6853 0x0000025067c47690 code [0x0000025067c47860, 0x0000025067c47b38]
Event: 3.357 Thread 0x000002507f920220 6855       2       com.sun.tools.javac.code.Type$WildcardType::isExtendsBound (26 bytes)

GC Heap History (14 events):
Event: 0.468 GC heap before
{Heap before GC invocations=0 (full 0):
 garbage-first heap   total 262144K, used 20480K [0x0000000701800000, 0x0000000800000000)
  region size 2048K, 10 young (20480K), 0 survivors (0K)
 Metaspace       used 5623K, committed 5760K, reserved 1056768K
  class space    used 644K, committed 704K, reserved 1048576K
}
Event: 0.470 GC heap after
{Heap after GC invocations=1 (full 0):
 garbage-first heap   total 262144K, used 3878K [0x0000000701800000, 0x0000000800000000)
  region size 2048K, 2 young (4096K), 2 survivors (4096K)
 Metaspace       used 5623K, committed 5760K, reserved 1056768K
  class space    used 644K, committed 704K, reserved 1048576K
}
Event: 0.733 GC heap before
{Heap before GC invocations=1 (full 0):
 garbage-first heap   total 262144K, used 28454K [0x0000000701800000, 0x0000000800000000)
  region size 2048K, 14 young (28672K), 2 survivors (4096K)
 Metaspace       used 8833K, committed 9024K, reserved 1064960K
  class space    used 1047K, committed 1152K, reserved 1048576K
}
Event: 0.736 GC heap after
{Heap after GC invocations=2 (full 0):
 garbage-first heap   total 262144K, used 5141K [0x0000000701800000, 0x0000000800000000)
  region size 2048K, 1 young (2048K), 1 survivors (2048K)
 Metaspace       used 8833K, committed 9024K, reserved 1064960K
  class space    used 1047K, committed 1152K, reserved 1048576K
}
Event: 1.998 GC heap before
{Heap before GC invocations=2 (full 0):
 garbage-first heap   total 262144K, used 111637K [0x0000000701800000, 0x0000000800000000)
  region size 2048K, 52 young (106496K), 1 survivors (2048K)
 Metaspace       used 21266K, committed 21504K, reserved 1073152K
  class space    used 2489K, committed 2624K, reserved 1048576K
}
Event: 2.003 GC heap after
{Heap after GC invocations=3 (full 0):
 garbage-first heap   total 262144K, used 18654K [0x0000000701800000, 0x0000000800000000)
  region size 2048K, 6 young (12288K), 6 survivors (12288K)
 Metaspace       used 21266K, committed 21504K, reserved 1073152K
  class space    used 2489K, committed 2624K, reserved 1048576K
}
Event: 2.309 GC heap before
{Heap before GC invocations=4 (full 0):
 garbage-first heap   total 75776K, used 51422K [0x0000000701800000, 0x0000000800000000)
  region size 2048K, 22 young (45056K), 6 survivors (12288K)
 Metaspace       used 23525K, committed 23808K, reserved 1073152K
  class space    used 2687K, committed 2816K, reserved 1048576K
}
Event: 2.319 GC heap after
{Heap after GC invocations=5 (full 0):
 garbage-first heap   total 75776K, used 23601K [0x0000000701800000, 0x0000000800000000)
  region size 2048K, 3 young (6144K), 3 survivors (6144K)
 Metaspace       used 23525K, committed 23808K, reserved 1073152K
  class space    used 2687K, committed 2816K, reserved 1048576K
}
Event: 2.359 GC heap before
{Heap before GC invocations=5 (full 0):
 garbage-first heap   total 75776K, used 25649K [0x0000000701800000, 0x0000000800000000)
  region size 2048K, 4 young (8192K), 3 survivors (6144K)
 Metaspace       used 24067K, committed 24320K, reserved 1073152K
  class space    used 2758K, committed 2880K, reserved 1048576K
}
Event: 2.364 GC heap after
{Heap after GC invocations=6 (full 0):
 garbage-first heap   total 75776K, used 25728K [0x0000000701800000, 0x0000000800000000)
  region size 2048K, 1 young (2048K), 1 survivors (2048K)
 Metaspace       used 24067K, committed 24320K, reserved 1073152K
  class space    used 2758K, committed 2880K, reserved 1048576K
}
Event: 2.715 GC heap before
{Heap before GC invocations=6 (full 0):
 garbage-first heap   total 75776K, used 52352K [0x0000000701800000, 0x0000000800000000)
  region size 2048K, 14 young (28672K), 1 survivors (2048K)
 Metaspace       used 25814K, committed 26112K, reserved 1073152K
  class space    used 2921K, committed 3072K, reserved 1048576K
}
Event: 2.722 GC heap after
{Heap after GC invocations=7 (full 0):
 garbage-first heap   total 75776K, used 28156K [0x0000000701800000, 0x0000000800000000)
  region size 2048K, 2 young (4096K), 2 survivors (4096K)
 Metaspace       used 25814K, committed 26112K, reserved 1073152K
  class space    used 2921K, committed 3072K, reserved 1048576K
}
Event: 2.946 GC heap before
{Heap before GC invocations=7 (full 0):
 garbage-first heap   total 75776K, used 52732K [0x0000000701800000, 0x0000000800000000)
  region size 2048K, 14 young (28672K), 2 survivors (4096K)
 Metaspace       used 26950K, committed 27328K, reserved 1073152K
  class space    used 3067K, committed 3264K, reserved 1048576K
}
Event: 2.951 GC heap after
{Heap after GC invocations=8 (full 0):
 garbage-first heap   total 118784K, used 28890K [0x0000000701800000, 0x0000000800000000)
  region size 2048K, 1 young (2048K), 1 survivors (2048K)
 Metaspace       used 26950K, committed 27328K, reserved 1073152K
  class space    used 3067K, committed 3264K, reserved 1048576K
}

Deoptimization events (20 events):
Event: 3.125 Thread 0x000002505efcae20 Uncommon trap: trap_request=0xffffffc6 fr.pc=0x000002506e5cb668 relative=0x0000000000001028
Event: 3.125 Thread 0x000002505efcae20 Uncommon trap: reason=bimorphic_or_optimized_type_check action=maybe_recompile pc=0x000002506e5cb668 method=com.sun.tools.javac.file.BaseFileManager.getKind(Ljava/nio/file/Path;)Ljavax/tools/JavaFileObject$Kind; @ 1 c2
Event: 3.125 Thread 0x000002505efcae20 DEOPT PACKING pc=0x000002506e5cb668 sp=0x000000769b2fd1c0
Event: 3.125 Thread 0x000002505efcae20 DEOPT UNPACKING pc=0x00000250669023a3 sp=0x000000769b2fd148 mode 2
Event: 3.125 Thread 0x000002505efcae20 Uncommon trap: trap_request=0xffffffc6 fr.pc=0x000002506e5cb668 relative=0x0000000000001028
Event: 3.125 Thread 0x000002505efcae20 Uncommon trap: reason=bimorphic_or_optimized_type_check action=maybe_recompile pc=0x000002506e5cb668 method=com.sun.tools.javac.file.BaseFileManager.getKind(Ljava/nio/file/Path;)Ljavax/tools/JavaFileObject$Kind; @ 1 c2
Event: 3.125 Thread 0x000002505efcae20 DEOPT PACKING pc=0x000002506e5cb668 sp=0x000000769b2fd210
Event: 3.126 Thread 0x000002505efcae20 DEOPT UNPACKING pc=0x00000250669023a3 sp=0x000000769b2fd1a0 mode 2
Event: 3.255 Thread 0x000002505efcae20 Uncommon trap: trap_request=0xffffff45 fr.pc=0x000002506e5d02ec relative=0x00000000000009ac
Event: 3.255 Thread 0x000002505efcae20 Uncommon trap: reason=unstable_if action=reinterpret pc=0x000002506e5d02ec method=com.sun.tools.javac.jvm.ClassReader.sigToType()Lcom/sun/tools/javac/code/Type; @ 695 c2
Event: 3.255 Thread 0x000002505efcae20 DEOPT PACKING pc=0x000002506e5d02ec sp=0x000000769b2fbd60
Event: 3.255 Thread 0x000002505efcae20 DEOPT UNPACKING pc=0x00000250669023a3 sp=0x000000769b2fbd48 mode 2
Event: 3.264 Thread 0x000002505efcae20 Uncommon trap: trap_request=0xffffff45 fr.pc=0x000002506e56cf24 relative=0x0000000000000364
Event: 3.264 Thread 0x000002505efcae20 Uncommon trap: reason=unstable_if action=reinterpret pc=0x000002506e56cf24 method=com.sun.tools.javac.util.IntHashTable.lookup(Ljava/lang/Object;)I @ 73 c2
Event: 3.264 Thread 0x000002505efcae20 DEOPT PACKING pc=0x000002506e56cf24 sp=0x000000769b2fd650
Event: 3.264 Thread 0x000002505efcae20 DEOPT UNPACKING pc=0x00000250669023a3 sp=0x000000769b2fd560 mode 2
Event: 3.264 Thread 0x000002505efcae20 Uncommon trap: trap_request=0xffffff45 fr.pc=0x000002506e56b198 relative=0x0000000000000178
Event: 3.264 Thread 0x000002505efcae20 Uncommon trap: reason=unstable_if action=reinterpret pc=0x000002506e56b198 method=com.sun.tools.javac.util.IntHashTable.lookup(Ljava/lang/Object;)I @ 73 c2
Event: 3.264 Thread 0x000002505efcae20 DEOPT PACKING pc=0x000002506e56b198 sp=0x000000769b2fd5e0
Event: 3.264 Thread 0x000002505efcae20 DEOPT UNPACKING pc=0x00000250669023a3 sp=0x000000769b2fd558 mode 2

Classes unloaded (0 events):
No events

Classes redefined (0 events):
No events

Internal exceptions (20 events):
Event: 3.303 Thread 0x000002505efcae20 Exception <a 'sun/nio/fs/WindowsException'{0x000000070626e7f0}> (0x000000070626e7f0) 
thrown [t:\workspace\open\src\hotspot\share\prims\jni.cpp, line 516]
Event: 3.303 Thread 0x000002505efcae20 Exception <a 'sun/nio/fs/WindowsException'{0x000000070626eac0}> (0x000000070626eac0) 
thrown [t:\workspace\open\src\hotspot\share\prims\jni.cpp, line 516]
Event: 3.303 Thread 0x000002505efcae20 Exception <a 'sun/nio/fs/WindowsException'{0x00000007062704a0}> (0x00000007062704a0) 
thrown [t:\workspace\open\src\hotspot\share\prims\jni.cpp, line 516]
Event: 3.303 Thread 0x000002505efcae20 Exception <a 'sun/nio/fs/WindowsException'{0x0000000706270800}> (0x0000000706270800) 
thrown [t:\workspace\open\src\hotspot\share\prims\jni.cpp, line 516]
Event: 3.303 Thread 0x000002505efcae20 Exception <a 'sun/nio/fs/WindowsException'{0x0000000706275698}> (0x0000000706275698) 
thrown [t:\workspace\open\src\hotspot\share\prims\jni.cpp, line 516]
Event: 3.304 Thread 0x000002505efcae20 Exception <a 'sun/nio/fs/WindowsException'{0x0000000706275998}> (0x0000000706275998) 
thrown [t:\workspace\open\src\hotspot\share\prims\jni.cpp, line 516]
Event: 3.304 Thread 0x000002505efcae20 Exception <a 'sun/nio/fs/WindowsException'{0x000000070627e118}> (0x000000070627e118) 
thrown [t:\workspace\open\src\hotspot\share\prims\jni.cpp, line 516]
Event: 3.304 Thread 0x000002505efcae20 Exception <a 'sun/nio/fs/WindowsException'{0x000000070627e3d8}> (0x000000070627e3d8) 
thrown [t:\workspace\open\src\hotspot\share\prims\jni.cpp, line 516]
Event: 3.304 Thread 0x000002505efcae20 Exception <a 'sun/nio/fs/WindowsException'{0x000000070628dd78}> (0x000000070628dd78) 
thrown [t:\workspace\open\src\hotspot\share\prims\jni.cpp, line 516]
Event: 3.304 Thread 0x000002505efcae20 Exception <a 'sun/nio/fs/WindowsException'{0x000000070628e078}> (0x000000070628e078) 
thrown [t:\workspace\open\src\hotspot\share\prims\jni.cpp, line 516]
Event: 3.304 Thread 0x000002505efcae20 Exception <a 'sun/nio/fs/WindowsException'{0x000000070628fa80}> (0x000000070628fa80) 
thrown [t:\workspace\open\src\hotspot\share\prims\jni.cpp, line 516]
Event: 3.304 Thread 0x000002505efcae20 Exception <a 'sun/nio/fs/WindowsException'{0x000000070628fe10}> (0x000000070628fe10) 
thrown [t:\workspace\open\src\hotspot\share\prims\jni.cpp, line 516]
Event: 3.313 Thread 0x000002505efcae20 Exception <a 'sun/nio/fs/WindowsException'{0x00000007063efe78}> (0x00000007063efe78) 
thrown [t:\workspace\open\src\hotspot\share\prims\jni.cpp, line 516]
Event: 3.316 Thread 0x000002505efcae20 Exception <a 'sun/nio/fs/WindowsException'{0x000000070601d710}> (0x000000070601d710) 
thrown [t:\workspace\open\src\hotspot\share\prims\jni.cpp, line 516]
Event: 3.317 Thread 0x000002505efcae20 Exception <a 'sun/nio/fs/WindowsException'{0x0000000706020558}> (0x0000000706020558) 
thrown [t:\workspace\open\src\hotspot\share\prims\jni.cpp, line 516]
Event: 3.336 Thread 0x000002505efcae20 Exception <a 'sun/nio/fs/WindowsException'{0x0000000705ea5288}> (0x0000000705ea5288) 
thrown [t:\workspace\open\src\hotspot\share\prims\jni.cpp, line 516]
Event: 3.345 Thread 0x000002505efcae20 Exception <a 'sun/nio/fs/WindowsException'{0x0000000705fbfc00}> (0x0000000705fbfc00) 
thrown [t:\workspace\open\src\hotspot\share\prims\jni.cpp, line 516]
Event: 3.348 Thread 0x000002505efcae20 Exception <a 'sun/nio/fs/WindowsException'{0x0000000705fdda28}> (0x0000000705fdda28) 
thrown [t:\workspace\open\src\hotspot\share\prims\jni.cpp, line 516]
Event: 3.350 Thread 0x000002505efcae20 Exception <a 'sun/nio/fs/WindowsException'{0x0000000705ff0190}> (0x0000000705ff0190) 
thrown [t:\workspace\open\src\hotspot\share\prims\jni.cpp, line 516]
Event: 3.351 Thread 0x000002505efcae20 Exception <a 'sun/nio/fs/WindowsException'{0x0000000705c04ca8}> (0x0000000705c04ca8) 
thrown [t:\workspace\open\src\hotspot\share\prims\jni.cpp, line 516]

VM Operations (20 events):
Event: 2.576 Executing VM operation: HandshakeAllThreads
Event: 2.576 Executing VM operation: HandshakeAllThreads done
Event: 2.609 Executing VM operation: ICBufferFull
Event: 2.609 Executing VM operation: ICBufferFull done
Event: 2.626 Executing VM operation: HandshakeAllThreads
Event: 2.626 Executing VM operation: HandshakeAllThreads done
Event: 2.626 Executing VM operation: HandshakeAllThreads
Event: 2.626 Executing VM operation: HandshakeAllThreads done
Event: 2.712 Executing VM operation: ICBufferFull
Event: 2.712 Executing VM operation: ICBufferFull done
Event: 2.715 Executing VM operation: G1CollectForAllocation
Event: 2.722 Executing VM operation: G1CollectForAllocation done
Event: 2.908 Executing VM operation: HandshakeAllThreads
Event: 2.908 Executing VM operation: HandshakeAllThreads done
Event: 2.946 Executing VM operation: G1CollectForAllocation
Event: 2.951 Executing VM operation: G1CollectForAllocation done
Event: 3.212 Executing VM operation: ICBufferFull
Event: 3.213 Executing VM operation: ICBufferFull done
Event: 3.281 Executing VM operation: ICBufferFull
Event: 3.281 Executing VM operation: ICBufferFull done

Events (20 events):
Event: 2.650 loading class java/util/EnumMap$ValueIterator
Event: 2.650 loading class java/util/EnumMap$ValueIterator done
Event: 2.651 loading class java/util/WeakHashMap$KeyIterator
Event: 2.651 loading class java/util/WeakHashMap$HashIterator
Event: 2.651 loading class java/util/WeakHashMap$HashIterator done
Event: 2.651 loading class java/util/WeakHashMap$KeyIterator done
Event: 2.654 loading class java/text/MessageFormat$Field
Event: 2.654 loading class java/text/MessageFormat$Field done
Event: 2.820 loading class java/lang/IllegalAccessError
Event: 2.820 loading class java/lang/IllegalAccessError done
Event: 2.903 loading class java/util/zip/GZIPInputStream
Event: 2.903 loading class java/util/zip/GZIPInputStream done
Event: 2.941 loading class java/util/Vector$Itr
Event: 2.941 loading class java/util/Vector$Itr done
Event: 2.967 loading class java/util/zip/Deflater
Event: 2.967 loading class java/util/zip/Deflater done
Event: 2.967 loading class java/util/zip/Deflater$DeflaterZStreamRef
Event: 2.967 loading class java/util/zip/Deflater$DeflaterZStreamRef done
Event: 2.968 loading class java/util/Vector$1
Event: 2.968 loading class java/util/Vector$1 done


Dynamic libraries:
0x00007ff6474e0000 - 0x00007ff6474f0000 	C:\Program Files\Java\jdk-17.0.3.1\bin\java.exe
0x00007ff9c4230000 - 0x00007ff9c4425000 	C:\Windows\SYSTEM32\ntdll.dll
0x00007ff9c3150000 - 0x00007ff9c320d000 	C:\Windows\System32\KERNEL32.DLL
0x00007ff9c1b20000 - 0x00007ff9c1ded000 	C:\Windows\System32\KERNELBASE.dll
0x00007ff9c1e70000 - 0x00007ff9c1f70000 	C:\Windows\System32\ucrtbase.dll
0x00007ff9bef90000 - 0x00007ff9befa8000 	C:\Program Files\Java\jdk-17.0.3.1\bin\jli.dll
0x00007ff9b9800000 - 0x00007ff9b981a000 	C:\Program Files\Java\jdk-17.0.3.1\bin\VCRUNTIME140.dll
0x00007ff9c3ff0000 - 0x00007ff9c409e000 	C:\Windows\System32\ADVAPI32.dll
0x00007ff9c3050000 - 0x00007ff9c30ee000 	C:\Windows\System32\msvcrt.dll
0x00007ff9c3f50000 - 0x00007ff9c3fec000 	C:\Windows\System32\sechost.dll
0x00007ff9c2f20000 - 0x00007ff9c3045000 	C:\Windows\System32\RPCRT4.dll
0x00007ff9c2840000 - 0x00007ff9c29e0000 	C:\Windows\System32\USER32.dll
0x00007ff9b06a0000 - 0x00007ff9b093a000 	C:\Windows\WinSxS\amd64_microsoft.windows.common-controls_6595b64144ccf1df_6.0.19041.1110_none_60b5254171f9507e\COMCTL32.dll
0x00007ff9c1df0000 - 0x00007ff9c1e12000 	C:\Windows\System32\win32u.dll
0x00007ff9c3ec0000 - 0x00007ff9c3eea000 	C:\Windows\System32\GDI32.dll
0x00007ff9c1fa0000 - 0x00007ff9c20ab000 	C:\Windows\System32\gdi32full.dll
0x00007ff9c1940000 - 0x00007ff9c19dd000 	C:\Windows\System32\msvcp_win.dll
0x00007ff9bb4e0000 - 0x00007ff9bb4ea000 	C:\Windows\SYSTEM32\VERSION.dll
0x00007ff9c40a0000 - 0x00007ff9c40d0000 	C:\Windows\System32\IMM32.DLL
0x00007ff998560000 - 0x00007ff99873d000 	C:\Program Files (x86)\Steam\gameoverlayrenderer64.dll
0x00007ff9c2280000 - 0x00007ff9c23aa000 	C:\Windows\System32\ole32.dll
0x00007ff9c2a00000 - 0x00007ff9c2d54000 	C:\Windows\System32\combase.dll
0x00007ff9c2d70000 - 0x00007ff9c2e3d000 	C:\Windows\System32\OLEAUT32.dll
0x00007ff9c2d60000 - 0x00007ff9c2d68000 	C:\Windows\System32\PSAPI.DLL
0x00007ff9b92a0000 - 0x00007ff9b92c7000 	C:\Windows\SYSTEM32\WINMM.dll
0x00007ff9bef80000 - 0x00007ff9bef8c000 	C:\Program Files\Java\jdk-17.0.3.1\bin\vcruntime140_1.dll
0x00007ff9a9540000 - 0x00007ff9a95cd000 	C:\Program Files\Java\jdk-17.0.3.1\bin\msvcp140.dll
0x00007ff9676c0000 - 0x00007ff968280000 	C:\Program Files\Java\jdk-17.0.3.1\bin\server\jvm.dll
0x00007ff9befb0000 - 0x00007ff9befb9000 	C:\Windows\SYSTEM32\WSOCK32.dll
0x00007ff9c3210000 - 0x00007ff9c327b000 	C:\Windows\System32\WS2_32.dll
0x00007ff9bf860000 - 0x00007ff9bf872000 	C:\Windows\SYSTEM32\kernel.appcore.dll
0x00007ff9b3e10000 - 0x00007ff9b3e1a000 	C:\Program Files\Java\jdk-17.0.3.1\bin\jimage.dll
0x00007ff9b94b0000 - 0x00007ff9b9694000 	C:\Windows\SYSTEM32\DBGHELP.DLL
0x00007ff9b4a00000 - 0x00007ff9b4a2c000 	C:\Windows\SYSTEM32\dbgcore.DLL
0x00007ff9c1a90000 - 0x00007ff9c1b12000 	C:\Windows\System32\bcryptPrimitives.dll
0x00007ff9b97f0000 - 0x00007ff9b97fe000 	C:\Program Files\Java\jdk-17.0.3.1\bin\instrument.dll
0x00007ff9b2cf0000 - 0x00007ff9b2d15000 	C:\Program Files\Java\jdk-17.0.3.1\bin\java.dll
0x00007ff9a41c0000 - 0x00007ff9a4296000 	C:\Program Files\Java\jdk-17.0.3.1\bin\jsvml.dll
0x00007ff9c3680000 - 0x00007ff9c3dc4000 	C:\Windows\System32\SHELL32.dll
0x00007ff9bfa60000 - 0x00007ff9c01f4000 	C:\Windows\SYSTEM32\windows.storage.dll
0x00007ff9c13a0000 - 0x00007ff9c13cc000 	C:\Windows\SYSTEM32\Wldp.dll
0x00007ff9c3280000 - 0x00007ff9c332d000 	C:\Windows\System32\SHCORE.dll
0x00007ff9c3ef0000 - 0x00007ff9c3f45000 	C:\Windows\System32\shlwapi.dll
0x00007ff9c1880000 - 0x00007ff9c189f000 	C:\Windows\SYSTEM32\profapi.dll
0x00007ff9b0bb0000 - 0x00007ff9b0bc8000 	C:\Program Files\Java\jdk-17.0.3.1\bin\zip.dll
0x00007ff9b1f00000 - 0x00007ff9b1f19000 	C:\Program Files\Java\jdk-17.0.3.1\bin\net.dll
0x00007ff9ba2b0000 - 0x00007ff9ba3ba000 	C:\Windows\SYSTEM32\WINHTTP.dll
0x00007ff9c1100000 - 0x00007ff9c116a000 	C:\Windows\system32\mswsock.dll
0x00007ff9b0eb0000 - 0x00007ff9b0ec6000 	C:\Program Files\Java\jdk-17.0.3.1\bin\nio.dll
0x00007ff9b0a80000 - 0x00007ff9b0a9a000 	E:\JetBrains\IntelliJ IDEA 2022.1.1\bin\breakgen64.dll
0x00007ff9b6660000 - 0x00007ff9b6670000 	C:\Program Files\Java\jdk-17.0.3.1\bin\verify.dll
0x00007ff9c12f0000 - 0x00007ff9c1308000 	C:\Windows\SYSTEM32\CRYPTSP.dll
0x00007ff9c0a10000 - 0x00007ff9c0a44000 	C:\Windows\system32\rsaenh.dll
0x00007ff9c1f70000 - 0x00007ff9c1f97000 	C:\Windows\System32\bcrypt.dll
0x00007ff9c1840000 - 0x00007ff9c186e000 	C:\Windows\SYSTEM32\USERENV.dll
0x00007ff9c1310000 - 0x00007ff9c131c000 	C:\Windows\SYSTEM32\CRYPTBASE.dll
0x00007ff9c0da0000 - 0x00007ff9c0ddb000 	C:\Windows\SYSTEM32\IPHLPAPI.DLL
0x00007ff9c23b0000 - 0x00007ff9c23b8000 	C:\Windows\System32\NSI.dll
0x00007ff9bbd30000 - 0x00007ff9bbd47000 	C:\Windows\SYSTEM32\dhcpcsvc6.DLL
0x00007ff9bbd10000 - 0x00007ff9bbd2d000 	C:\Windows\SYSTEM32\dhcpcsvc.DLL
0x00007ff9c0de0000 - 0x00007ff9c0eab000 	C:\Windows\SYSTEM32\DNSAPI.dll
0x00007ff9b2e10000 - 0x00007ff9b2e1a000 	C:\Users\stalo\AppData\Local\Temp\jansi-1.17.1-10290747261161745620.dll
0x00007ff9b1100000 - 0x00007ff9b110a000 	C:\Users\stalo\AppData\Local\Temp\jansi-1.17.1-14364887472238114030.dll

dbghelp: loaded successfully - version: 4.0.5 - missing functions: none
symbol engine: initialized successfully - sym options: 0x614 - pdb path: .;C:\Program Files\Java\jdk-17.0.3.1\bin;C:\Windows\SYSTEM32;C:\Windows\WinSxS\amd64_microsoft.windows.common-controls_6595b64144ccf1df_6.0.19041.1110_none_60b5254171f9507e;C:\Program Files (x86)\Steam;C:\Program Files\Java\jdk-17.0.3.1\bin\server;E:\JetBrains\IntelliJ IDEA 2022.1.1\bin;C:\Users\stalo\AppData\Local\Temp

VM Arguments:
jvm_args: -Dmaven.multiModuleProjectDirectory=C:\Users\stalo\Documents\GitHub\HotelMenager -Dmaven.home=E:\JetBrains\IntelliJ IDEA 2022.1.1\plugins\maven\lib\maven3 -Dclassworlds.conf=E:\JetBrains\IntelliJ IDEA 2022.1.1\plugins\maven\lib\maven3\bin\m2.conf -Dmaven.ext.class.path=E:\JetBrains\IntelliJ IDEA 2022.1.1\plugins\maven\lib\maven-event-listener.jar -javaagent:E:\JetBrains\IntelliJ IDEA 2022.1.1\lib\idea_rt.jar=62673:E:\JetBrains\IntelliJ IDEA 2022.1.1\bin -Dfile.encoding=UTF-8 
java_command: org.codehaus.classworlds.Launcher -Didea.version=2022.1.1 clean package javafx:run
java_class_path (initial): E:\JetBrains\IntelliJ IDEA 2022.1.1\plugins\maven\lib\maven3\boot\plexus-classworlds-2.6.0.jar;E:\JetBrains\IntelliJ IDEA 2022.1.1\plugins\maven\lib\maven3\boot\plexus-classworlds.license
Launcher Type: SUN_STANDARD

[Global flags]
     intx CICompilerCount                          = 3                                         {product} {ergonomic}
     uint ConcGCThreads                            = 2                                         {product} {ergonomic}
     uint G1ConcRefinementThreads                  = 6                                         {product} {ergonomic}
   size_t G1HeapRegionSize                         = 2097152                                   {product} {ergonomic}
    uintx GCDrainStackTargetSize                   = 64                                        {product} {ergonomic}
   size_t InitialHeapSize                          = 268435456                                 {product} {ergonomic}
   size_t MarkStackSize                            = 4194304                                   {product} {ergonomic}
   size_t MaxHeapSize                              = 4269801472                                {product} {ergonomic}
   size_t MaxNewSize                               = 2560622592                                {product} {ergonomic}
   size_t MinHeapDeltaBytes                        = 2097152                                   {product} {ergonomic}
   size_t MinHeapSize                              = 8388608                                   {product} {ergonomic}
    uintx NonNMethodCodeHeapSize                   = 5832780                                {pd product} {ergonomic}
    uintx NonProfiledCodeHeapSize                  = 122912730                              {pd product} {ergonomic}
    uintx ProfiledCodeHeapSize                     = 122912730                              {pd product} {ergonomic}
    uintx ReservedCodeCacheSize                    = 251658240                              {pd product} {ergonomic}
     bool SegmentedCodeCache                       = true                                      {product} {ergonomic}
   size_t SoftMaxHeapSize                          = 4269801472                             {manageable} {ergonomic}
     bool UseCompressedClassPointers               = true                           {product lp64_product} {ergonomic}
     bool UseCompressedOops                        = true                           {product lp64_product} {ergonomic}
     bool UseG1GC                                  = true                                      {product} {ergonomic}
     bool UseLargePagesIndividualAllocation        = false                                  {pd product} {ergonomic}

Logging:
Log output configuration:
 #0: stdout all=warning uptime,level,tags
 #1: stderr all=off uptime,level,tags

Environment Variables:
PATH=C:\Program Files (x86)\Steam;C:\Program Files (x86)\Steam;C:\Program Files\Common Files\Oracle\Java\javapath;C:\Windows\system32;C:\Windows;C:\Windows\System32\Wbem;C:\Windows\System32\WindowsPowerShell\v1.0\;C:\Windows\System32\OpenSSH\;C:\Program Files\Git\cmd;C:\Users\stalo\AppData\Local\Microsoft\WindowsApps;E:\JetBrains\IntelliJ IDEA 2022.1.1\bin
USERNAME=stalo
OS=Windows_NT
PROCESSOR_IDENTIFIER=Intel64 Family 6 Model 158 Stepping 10, GenuineIntel



---------------  S Y S T E M  ---------------

OS:
 Windows 10 , 64 bit Build 19041 (10.0.19041.1706)
OS uptime: 2 days 11:39 hours

CPU: total 6 (initial active 6) (6 cores per cpu, 1 threads per core) family 6 model 158 stepping 10 microcode 0xb4, cx8, cmov, fxsr, mmx, 3dnowpref, sse, sse2, sse3, ssse3, sse4.1, sse4.2, popcnt, lzcnt, tsc, tscinvbit, avx, avx2, aes, erms, clmul, bmi1, bmi2, rtm, adx, fma, vzeroupper, clflush, clflushopt

Memory: 4k page, system-wide physical 16285M (5827M free)
TotalPageFile size 23965M (AvailPageFile size 5067M)
current process WorkingSet (physical memory assigned to process): 270M, peak: 278M
current process commit charge ("private bytes"): 283M, peak: 399M

vm_info: Java HotSpot(TM) 64-Bit Server VM (17.0.3.1+2-LTS-6) for windows-amd64 JRE (17.0.3.1+2-LTS-6), built on Apr 25 2022 22:04:21 by "mach5one" with MS VC++ 16.8 / 16.9 (VS2019)

END.
