#
# A fatal error has been detected by the Java Runtime Environment:
#
#  EXCEPTION_ACCESS_VIOLATION (0xc0000005) at pc=0x00000262f6bd5620, pid=16532, tid=12836
#
# JRE version: Java(TM) SE Runtime Environment (17.0.3.1+2) (build 17.0.3.1+2-LTS-6)
# Java VM: Java HotSpot(TM) 64-Bit Server VM (17.0.3.1+2-LTS-6, mixed mode, sharing, tiered, compressed oops, compressed class ptrs, g1 gc, windows-amd64)
# Problematic frame:
# C  0x00000262f6bd5620
#
# No core dump will be written. Minidumps are not enabled by default on client versions of Windows
#
# If you would like to submit a bug report, please visit:
#   https://bugreport.java.com/bugreport/crash.jsp
#

---------------  S U M M A R Y ------------

Command Line: -Dmaven.multiModuleProjectDirectory=C:\Users\stalo\Documents\GitHub\HotelMenager -Dmaven.home=E:\JetBrains\IntelliJ IDEA 2022.1.1\plugins\maven\lib\maven3 -Dclassworlds.conf=E:\JetBrains\IntelliJ IDEA 2022.1.1\plugins\maven\lib\maven3\bin\m2.conf -Dmaven.ext.class.path=E:\JetBrains\IntelliJ IDEA 2022.1.1\plugins\maven\lib\maven-event-listener.jar -javaagent:E:\JetBrains\IntelliJ IDEA 2022.1.1\lib\idea_rt.jar=62690:E:\JetBrains\IntelliJ IDEA 2022.1.1\bin -Dfile.encoding=UTF-8 org.codehaus.classworlds.Launcher -Didea.version=2022.1.1 clean package javafx:run

Host: Intel(R) Core(TM) i5-8500 CPU @ 3.00GHz, 6 cores, 15G,  Windows 10 , 64 bit Build 19041 (10.0.19041.1706)
Time: Wed Jun  1 11:03:16 2022  Windows 10 , 64 bit Build 19041 (10.0.19041.1706) elapsed time: 2.731466 seconds (0d 0h 0m 2s)

---------------  T H R E A D  ---------------

Current thread (0x00000262f6b4a890):  JavaThread "C2 CompilerThread1" daemon [_thread_in_native, id=12836, stack(0x000000bbc5800000,0x000000bbc5900000)]


Current CompileTask:
C2:   2731 5937       4       com.sun.tools.javac.code.Symtab::enterClass (71 bytes)

Stack: [0x000000bbc5800000,0x000000bbc5900000],  sp=0x000000bbc58fb768,  free space=1005k
Native frames: (J=compiled Java code, j=interpreted, Vv=VM code, C=native code)
C  0x00000262f6bd5620


siginfo: EXCEPTION_ACCESS_VIOLATION (0xc0000005), data execution prevention violation at address 0x00000262f6bd5620


Register to memory mapping:

RIP=0x00000262f6bd5620 points into unknown readable memory: 0x00007ff96801d658 | 58 d6 01 68 f9 7f 00 00
RAX=0x00000262f6df3f58 points into unknown readable memory: 0x00007ff967f87d70 | 70 7d f8 67 f9 7f 00 00
RBX=0x000000bbc58fc3b8 is pointing into the stack for thread: 0x00000262f6b4a890
RCX=0x00000262f6df4500 points into unknown readable memory: 0x00000262f6df3f58 | 58 3f df f6 62 02 00 00
RDX=0x0 is NULL
RSP=0x000000bbc58fb768 is pointing into the stack for thread: 0x00000262f6b4a890
RBP=0x0000000000003215 is an unknown value
RSI=0x000000000534cdea is an unknown value
RDI=0x00000262f6df4500 points into unknown readable memory: 0x00000262f6df3f58 | 58 3f df f6 62 02 00 00
R8 =0x00000262fa0f2380 points into unknown readable memory: 0x00007ff967f0d688 | 88 d6 f0 67 f9 7f 00 00
R9 =0x00000262f915c8c0 points into unknown readable memory: 0x0000000000000000 | 00 00 00 00 00 00 00 00
R10=0x0000000000004deb is an unknown value
R11=0x0000000000007fff is an unknown value
R12=0x0000000000002ef8 is an unknown value
R13=0x0000000000002ef9 is an unknown value
R14=0x00000262f76d4010 points into unknown readable memory: 0x0000000000000000 | 00 00 00 00 00 00 00 00
R15=0x0000000000004000 is an unknown value


Registers:
RAX=0x00000262f6df3f58, RBX=0x000000bbc58fc3b8, RCX=0x00000262f6df4500, RDX=0x0000000000000000
RSP=0x000000bbc58fb768, RBP=0x0000000000003215, RSI=0x000000000534cdea, RDI=0x00000262f6df4500
R8 =0x00000262fa0f2380, R9 =0x00000262f915c8c0, R10=0x0000000000004deb, R11=0x0000000000007fff
R12=0x0000000000002ef8, R13=0x0000000000002ef9, R14=0x00000262f76d4010, R15=0x0000000000004000
RIP=0x00000262f6bd5620, EFLAGS=0x0000000000010283

Top of Stack: (sp=0x000000bbc58fb768)
0x000000bbc58fb768:   00007ff967d561fb 000000bbc58fc3b8
0x000000bbc58fb778:   00000000063a4de1 0000000000040000
0x000000bbc58fb788:   00007ff967c4a232 00000262f641ef98
0x000000bbc58fb798:   0000000000001df1 0000000000000000
0x000000bbc58fb7a8:   00007ff967d565e3 0000000000000001
0x000000bbc58fb7b8:   0000000000000105 000000bbc58fc3b8
0x000000bbc58fb7c8:   00007ff967d56379 00000262f62bcc08
0x000000bbc58fb7d8:   0000000000002a48 00000262d295d3c0
0x000000bbc58fb7e8:   0000000000000000 00000262f641ef98
0x000000bbc58fb7f8:   00007ff967d57e92 00000262f641ef98
0x000000bbc58fb808:   000000bb00000105 0000000000000549
0x000000bbc58fb818:   000000bbc58fba30 000000bbc58fba30
0x000000bbc58fb828:   00007ff967d56baa 000000bbc58fe9b0
0x000000bbc58fb838:   0000000000000549 00000262f641ef98
0x000000bbc58fb848:   0000000000000050 0000000000000050
0x000000bbc58fb858:   0000000000000200 00007ff967f9b5a0 

Instructions: (pc=0x00000262f6bd5620)
0x00000262f6bd5520:   00 00 00 00 00 00 00 00 30 c1 2c f5 62 02 00 00
0x00000262f6bd5530:   10 c2 2c f5 62 02 00 00 d8 c1 2c f5 62 02 00 00
0x00000262f6bd5540:   c8 d7 2c f5 62 02 00 00 48 c2 2c f5 62 02 00 00
0x00000262f6bd5550:   90 04 1c fa 62 02 00 00 00 05 1c fa 62 02 00 00
0x00000262f6bd5560:   80 07 1c fa 62 02 00 00 58 c7 01 68 f9 7f 00 00
0x00000262f6bd5570:   d0 55 bd f6 62 02 00 00 08 00 00 00 00 00 00 00
0x00000262f6bd5580:   08 00 00 00 00 00 00 00 28 55 bd f6 62 02 00 00
0x00000262f6bd5590:   30 c1 2c f5 62 02 00 00 10 c2 2c f5 62 02 00 00
0x00000262f6bd55a0:   d8 c1 2c f5 62 02 00 00 00 d8 2c f5 62 02 00 00
0x00000262f6bd55b0:   48 c2 2c f5 62 02 00 00 40 04 1c fa 62 02 00 00
0x00000262f6bd55c0:   70 05 1c fa 62 02 00 00 f0 07 1c fa 62 02 00 00
0x00000262f6bd55d0:   58 c7 01 68 f9 7f 00 00 68 55 bd f6 62 02 00 00
0x00000262f6bd55e0:   08 00 00 00 00 00 00 00 08 00 00 00 00 00 00 00
0x00000262f6bd55f0:   90 55 bd f6 62 02 00 00 30 c1 2c f5 62 02 00 00
0x00000262f6bd5600:   10 c2 2c f5 62 02 00 00 d8 c1 2c f5 62 02 00 00
0x00000262f6bd5610:   c8 d7 2c f5 62 02 00 00 48 c2 2c f5 62 02 00 00
0x00000262f6bd5620:   58 d6 01 68 f9 7f 00 00 20 56 bd f6 62 02 00 00
0x00000262f6bd5630:   18 00 00 00 00 00 00 00 68 55 bd f6 62 02 00 00
0x00000262f6bd5640:   10 da 2c f5 62 02 00 00 30 c1 2c f5 62 02 00 00
0x00000262f6bd5650:   30 c1 2c f5 62 02 00 00 d8 c1 2c f5 62 02 00 00
0x00000262f6bd5660:   c8 d7 2c f5 62 02 00 00 48 c2 2c f5 62 02 00 00
0x00000262f6bd5670:   04 00 00 00 62 02 00 00 00 00 00 00 00 00 00 00
0x00000262f6bd5680:   90 c6 01 68 f9 7f 00 00 b0 56 bd f6 62 02 00 00
0x00000262f6bd5690:   04 00 00 00 62 02 00 00 00 00 00 00 00 00 00 00
0x00000262f6bd56a0:   ff ff ff ff ff 07 00 00 03 00 00 00 62 02 00 00
0x00000262f6bd56b0:   90 c6 01 68 f9 7f 00 00 80 56 bd f6 62 02 00 00
0x00000262f6bd56c0:   04 00 00 00 00 00 00 00 ff ff ff ff ff 07 00 00
0x00000262f6bd56d0:   00 00 00 00 00 00 00 00 00 00 70 f6 62 02 00 00
0x00000262f6bd56e0:   90 c6 01 68 f9 7f 00 00 10 57 bd f6 62 02 00 00
0x00000262f6bd56f0:   04 00 00 00 62 02 00 00 00 00 00 00 00 00 00 00
0x00000262f6bd5700:   ff ff ff ff ff ff 7f 00 03 00 00 00 62 02 00 00
0x00000262f6bd5710:   90 c6 01 68 f9 7f 00 00 e0 56 bd f6 62 02 00 00 


Stack slot to memory mapping:
stack at sp + 0 slots: 0x00007ff967d561fb jvm.dll
stack at sp + 1 slots: 0x000000bbc58fc3b8 is pointing into the stack for thread: 0x00000262f6b4a890
stack at sp + 2 slots: 0x00000000063a4de1 is an unknown value
stack at sp + 3 slots: 0x0000000000040000 is an unknown value
stack at sp + 4 slots: 0x00007ff967c4a232 jvm.dll
stack at sp + 5 slots: 0x00000262f641ef98 points into unknown readable memory: 0x00007ff967f0d688 | 88 d6 f0 67 f9 7f 00 00
stack at sp + 6 slots: 0x0000000000001df1 is an unknown value
stack at sp + 7 slots: 0x0 is NULL


---------------  P R O C E S S  ---------------

Threads class SMR info:
_java_thread_list=0x00000262f66ca790, length=14, elements={
0x00000262d296c470, 0x00000262f526c3f0, 0x00000262f526d260, 0x00000262f5286160,
0x00000262f5289b30, 0x00000262f528a4e0, 0x00000262f528bea0, 0x00000262f5295980,
0x00000262f529db50, 0x00000262f52a3490, 0x00000262f52574d0, 0x00000262f545ddb0,
0x00000262f545e280, 0x00000262f6b4a890
}

Java Threads: ( => current thread )
  0x00000262d296c470 JavaThread "main" [_thread_in_vm, id=1884, stack(0x000000bbc4400000,0x000000bbc4500000)]
  0x00000262f526c3f0 JavaThread "Reference Handler" daemon [_thread_blocked, id=1876, stack(0x000000bbc4b00000,0x000000bbc4c00000)]
  0x00000262f526d260 JavaThread "Finalizer" daemon [_thread_blocked, id=2572, stack(0x000000bbc4c00000,0x000000bbc4d00000)]
  0x00000262f5286160 JavaThread "Signal Dispatcher" daemon [_thread_blocked, id=12968, stack(0x000000bbc4d00000,0x000000bbc4e00000)]
  0x00000262f5289b30 JavaThread "Attach Listener" daemon [_thread_blocked, id=6876, stack(0x000000bbc4e00000,0x000000bbc4f00000)]
  0x00000262f528a4e0 JavaThread "Service Thread" daemon [_thread_blocked, id=17028, stack(0x000000bbc4f00000,0x000000bbc5000000)]
  0x00000262f528bea0 JavaThread "Monitor Deflation Thread" daemon [_thread_blocked, id=10256, stack(0x000000bbc5000000,0x000000bbc5100000)]
  0x00000262f5295980 JavaThread "C2 CompilerThread0" daemon [_thread_in_native, id=8324, stack(0x000000bbc5100000,0x000000bbc5200000)]
  0x00000262f529db50 JavaThread "C1 CompilerThread0" daemon [_thread_blocked, id=18008, stack(0x000000bbc5200000,0x000000bbc5300000)]
  0x00000262f52a3490 JavaThread "Sweeper thread" daemon [_thread_blocked, id=16088, stack(0x000000bbc5300000,0x000000bbc5400000)]
  0x00000262f52574d0 JavaThread "Common-Cleaner" daemon [_thread_blocked, id=12220, stack(0x000000bbc5400000,0x000000bbc5500000)]
  0x00000262f545ddb0 JavaThread "Monitor Ctrl-Break" daemon [_thread_in_native, id=3000, stack(0x000000bbc5500000,0x000000bbc5600000)]
  0x00000262f545e280 JavaThread "Notification Thread" daemon [_thread_blocked, id=3764, stack(0x000000bbc5600000,0x000000bbc5700000)]
=>0x00000262f6b4a890 JavaThread "C2 CompilerThread1" daemon [_thread_in_native, id=12836, stack(0x000000bbc5800000,0x000000bbc5900000)]

Other Threads:
  0x00000262f5267f40 VMThread "VM Thread" [stack: 0x000000bbc4a00000,0x000000bbc4b00000] [id=12884]
  0x00000262d29fe4e0 WatcherThread [stack: 0x000000bbc5700000,0x000000bbc5800000] [id=8136]
  0x00000262d29d71c0 GCTaskThread "GC Thread#0" [stack: 0x000000bbc4500000,0x000000bbc4600000] [id=13348]
  0x00000262f54dfbf0 GCTaskThread "GC Thread#1" [stack: 0x000000bbc5900000,0x000000bbc5a00000] [id=18312]
  0x00000262f6c58880 GCTaskThread "GC Thread#2" [stack: 0x000000bbc5a00000,0x000000bbc5b00000] [id=6508]
  0x00000262f6c58b30 GCTaskThread "GC Thread#3" [stack: 0x000000bbc5b00000,0x000000bbc5c00000] [id=1280]
  0x00000262f6c1ed90 GCTaskThread "GC Thread#4" [stack: 0x000000bbc5c00000,0x000000bbc5d00000] [id=1824]
  0x00000262f6c1f040 GCTaskThread "GC Thread#5" [stack: 0x000000bbc5d00000,0x000000bbc5e00000] [id=12028]
  0x00000262d29e7f80 ConcurrentGCThread "G1 Main Marker" [stack: 0x000000bbc4600000,0x000000bbc4700000] [id=2732]
  0x00000262d29e8dc0 ConcurrentGCThread "G1 Conc#0" [stack: 0x000000bbc4700000,0x000000bbc4800000] [id=16288]
  0x00000262f7515b50 ConcurrentGCThread "G1 Conc#1" [stack: 0x000000bbc5e00000,0x000000bbc5f00000] [id=13324]
  0x00000262d2a9df00 ConcurrentGCThread "G1 Refine#0" [stack: 0x000000bbc4800000,0x000000bbc4900000] [id=3484]
  0x00000262f855d6e0 ConcurrentGCThread "G1 Refine#1" [stack: 0x000000bbc5f00000,0x000000bbc6000000] [id=15772]
  0x00000262f85569c0 ConcurrentGCThread "G1 Refine#2" [stack: 0x000000bbc6000000,0x000000bbc6100000] [id=13332]
  0x00000262f8556ca0 ConcurrentGCThread "G1 Refine#3" [stack: 0x000000bbc6100000,0x000000bbc6200000] [id=18264]
  0x00000262f862c800 ConcurrentGCThread "G1 Refine#4" [stack: 0x000000bbc6200000,0x000000bbc6300000] [id=4980]
  0x00000262d2a9e920 ConcurrentGCThread "G1 Service" [stack: 0x000000bbc4900000,0x000000bbc4a00000] [id=9036]

Threads with active compile tasks:
C2 CompilerThread0     2802 5356       4       com.sun.tools.javac.code.Symtab::lookupPackage (259 bytes)
C1 CompilerThread0     2802 6115       2       org.apache.maven.model.Dependency::setLocation (390 bytes)
C2 CompilerThread1     2802 5937       4       com.sun.tools.javac.code.Symtab::enterClass (71 bytes)

VM state: not at safepoint (normal execution)

VM Mutex/Monitor currently owned by a thread: None

Heap address: 0x0000000701800000, size: 4072 MB, Compressed Oops mode: Zero based, Oop shift amount: 3

CDS archive(s) mapped at: [0x0000000800000000-0x0000000800bc0000-0x0000000800bc0000), size 12320768, SharedBaseAddress: 0x0000000800000000, ArchiveRelocationMode: 0.
Compressed class space mapped at: 0x0000000800c00000-0x0000000840c00000, reserved size: 1073741824
Narrow klass base: 0x0000000800000000, Narrow klass shift: 0, Narrow klass range: 0x100000000

GC Precious Log:
 CPUs: 6 total, 6 available
 Memory: 16285M
 Large Page Support: Disabled
 NUMA Support: Disabled
 Compressed Oops: Enabled (Zero based)
 Heap Region Size: 2M
 Heap Min Capacity: 8M
 Heap Initial Capacity: 256M
 Heap Max Capacity: 4072M
 Pre-touch: Disabled
 Parallel Workers: 6
 Concurrent Workers: 2
 Concurrent Refinement Workers: 6
 Periodic GC: Disabled

Heap:
 garbage-first heap   total 75776K, used 28455K [0x0000000701800000, 0x0000000800000000)
  region size 2048K, 3 young (6144K), 2 survivors (4096K)
 Metaspace       used 25856K, committed 26176K, reserved 1073152K
  class space    used 2920K, committed 3072K, reserved 1048576K

Heap Regions: E=young(eden), S=young(survivor), O=old, HS=humongous(starts), HC=humongous(continues), CS=collection set, F=free, OA=open archive, CA=closed archive, TAMS=top-at-mark-start (previous, next)
|   0|0x0000000701800000, 0x0000000701a00000, 0x0000000701a00000|100%| O|  |TAMS 0x0000000701a00000, 0x0000000701800000| Untracked 
|   1|0x0000000701a00000, 0x0000000701a00000, 0x0000000701c00000|  0%| F|  |TAMS 0x0000000701a00000, 0x0000000701a00000| Untracked 
|   2|0x0000000701c00000, 0x0000000701e00000, 0x0000000701e00000|100%| O|  |TAMS 0x0000000701c00000, 0x0000000701c00000| Untracked 
|   3|0x0000000701e00000, 0x0000000702000000, 0x0000000702000000|100%|HS|  |TAMS 0x0000000702000000, 0x0000000701e00000| Complete 
|   4|0x0000000702000000, 0x0000000702200000, 0x0000000702200000|100%| O|  |TAMS 0x0000000702000000, 0x0000000702000000| Untracked 
|   5|0x0000000702200000, 0x0000000702400000, 0x0000000702400000|100%| O|  |TAMS 0x0000000702200000, 0x0000000702200000| Untracked 
|   6|0x0000000702400000, 0x0000000702600000, 0x0000000702600000|100%| O|  |TAMS 0x0000000702400000, 0x0000000702400000| Untracked 
|   7|0x0000000702600000, 0x0000000702800000, 0x0000000702800000|100%| O|  |TAMS 0x0000000702600000, 0x0000000702600000| Untracked 
|   8|0x0000000702800000, 0x0000000702a00000, 0x0000000702a00000|100%| O|  |TAMS 0x0000000702800000, 0x0000000702800000| Untracked 
|   9|0x0000000702a00000, 0x0000000702c00000, 0x0000000702c00000|100%| O|  |TAMS 0x0000000702a00000, 0x0000000702a00000| Untracked 
|  10|0x0000000702c00000, 0x0000000702e00000, 0x0000000702e00000|100%| O|  |TAMS 0x0000000702c00000, 0x0000000702c00000| Untracked 
|  11|0x0000000702e00000, 0x0000000702e00000, 0x0000000703000000|  0%| F|  |TAMS 0x0000000702e00000, 0x0000000702e00000| Untracked 
|  12|0x0000000703000000, 0x0000000703000000, 0x0000000703200000|  0%| F|  |TAMS 0x0000000703000000, 0x0000000703000000| Untracked 
|  13|0x0000000703200000, 0x0000000703200000, 0x0000000703400000|  0%| F|  |TAMS 0x0000000703200000, 0x0000000703200000| Untracked 
|  14|0x0000000703400000, 0x0000000703600000, 0x0000000703600000|100%| O|  |TAMS 0x0000000703400000, 0x0000000703400000| Untracked 
|  15|0x0000000703600000, 0x0000000703800000, 0x0000000703800000|100%| O|  |TAMS 0x0000000703600000, 0x0000000703600000| Untracked 
|  16|0x0000000703800000, 0x00000007038bb000, 0x0000000703a00000| 36%| O|  |TAMS 0x0000000703800000, 0x0000000703800000| Untracked 
|  17|0x0000000703a00000, 0x0000000703a00000, 0x0000000703c00000|  0%| F|  |TAMS 0x0000000703a00000, 0x0000000703a00000| Untracked 
|  18|0x0000000703c00000, 0x0000000703c00000, 0x0000000703e00000|  0%| F|  |TAMS 0x0000000703c00000, 0x0000000703c00000| Untracked 
|  19|0x0000000703e00000, 0x0000000703e00000, 0x0000000704000000|  0%| F|  |TAMS 0x0000000703e00000, 0x0000000703e00000| Untracked 
|  20|0x0000000704000000, 0x0000000704000000, 0x0000000704200000|  0%| F|  |TAMS 0x0000000704000000, 0x0000000704000000| Untracked 
|  21|0x0000000704200000, 0x0000000704200000, 0x0000000704400000|  0%| F|  |TAMS 0x0000000704200000, 0x0000000704200000| Untracked 
|  22|0x0000000704400000, 0x000000070450ec20, 0x0000000704600000| 52%| S|CS|TAMS 0x0000000704400000, 0x0000000704400000| Complete 
|  23|0x0000000704600000, 0x0000000704800000, 0x0000000704800000|100%| S|CS|TAMS 0x0000000704600000, 0x0000000704600000| Complete 
|  24|0x0000000704800000, 0x0000000704800000, 0x0000000704a00000|  0%| F|  |TAMS 0x0000000704800000, 0x0000000704800000| Untracked 
|  25|0x0000000704a00000, 0x0000000704a00000, 0x0000000704c00000|  0%| F|  |TAMS 0x0000000704a00000, 0x0000000704a00000| Untracked 
|  26|0x0000000704c00000, 0x0000000704c00000, 0x0000000704e00000|  0%| F|  |TAMS 0x0000000704c00000, 0x0000000704c00000| Untracked 
|  27|0x0000000704e00000, 0x0000000704e00000, 0x0000000705000000|  0%| F|  |TAMS 0x0000000704e00000, 0x0000000704e00000| Untracked 
|  28|0x0000000705000000, 0x0000000705000000, 0x0000000705200000|  0%| F|  |TAMS 0x0000000705000000, 0x0000000705000000| Untracked 
|  29|0x0000000705200000, 0x0000000705200000, 0x0000000705400000|  0%| F|  |TAMS 0x0000000705200000, 0x0000000705200000| Untracked 
|  70|0x000000070a400000, 0x000000070a400000, 0x000000070a600000|  0%| F|  |TAMS 0x000000070a400000, 0x000000070a400000| Untracked 
|  71|0x000000070a600000, 0x000000070a600000, 0x000000070a800000|  0%| F|  |TAMS 0x000000070a600000, 0x000000070a600000| Untracked 
|  72|0x000000070a800000, 0x000000070a800000, 0x000000070aa00000|  0%| F|  |TAMS 0x000000070a800000, 0x000000070a800000| Untracked 
|  73|0x000000070aa00000, 0x000000070aa00000, 0x000000070ac00000|  0%| F|  |TAMS 0x000000070aa00000, 0x000000070aa00000| Untracked 
|  74|0x000000070ac00000, 0x000000070ac00000, 0x000000070ae00000|  0%| F|  |TAMS 0x000000070ac00000, 0x000000070ac00000| Untracked 
|  75|0x000000070ae00000, 0x000000070ae00000, 0x000000070b000000|  0%| F|  |TAMS 0x000000070ae00000, 0x000000070ae00000| Untracked 
| 127|0x0000000711600000, 0x000000071175be48, 0x0000000711800000| 67%| E|  |TAMS 0x0000000711600000, 0x0000000711600000| Complete 

Card table byte_map: [0x00000262e9b60000,0x00000262ea360000] _byte_map_base: 0x00000262e6354000

Marking Bits (Prev, Next): (CMBitMap*) 0x00000262d29d7810, (CMBitMap*) 0x00000262d29d77d0
 Prev Bits: [0x00000262eeb00000, 0x00000262f2aa0000)
 Next Bits: [0x00000262eab60000, 0x00000262eeb00000)

Polling page: 0x00000262d20b0000

Metaspace:

Usage:
  Non-class:     22.40 MB used.
      Class:      2.85 MB used.
       Both:     25.25 MB used.

Virtual space:
  Non-class space:       24.00 MB reserved,      22.56 MB ( 94%) committed,  3 nodes.
      Class space:        1.00 GB reserved,       3.00 MB ( <1%) committed,  1 nodes.
             Both:        1.02 GB reserved,      25.56 MB (  2%) committed. 

Chunk freelists:
   Non-Class:  1.27 MB
       Class:  1.01 MB
        Both:  2.28 MB

MaxMetaspaceSize: unlimited
CompressedClassSpaceSize: 1.00 GB
Initial GC threshold: 21.00 MB
Current GC threshold: 35.31 MB
CDS: on
MetaspaceReclaimPolicy: balanced
 - commit_granule_bytes: 65536.
 - commit_granule_words: 8192.
 - virtual_space_node_default_size: 1048576.
 - enlarge_chunks_in_place: 1.
 - new_chunks_are_fully_committed: 0.
 - uncommit_free_chunks: 1.
 - use_allocation_guard: 0.
 - handle_deallocations: 1.


Internal statistics:

num_allocs_failed_limit: 3.
num_arena_births: 168.
num_arena_deaths: 0.
num_vsnodes_births: 4.
num_vsnodes_deaths: 0.
num_space_committed: 409.
num_space_uncommitted: 0.
num_chunks_returned_to_freelist: 3.
num_chunks_taken_from_freelist: 1082.
num_chunk_merges: 3.
num_chunk_splits: 763.
num_chunks_enlarged: 601.
num_purges: 0.
num_inconsistent_stats: 0.

CodeHeap 'non-profiled nmethods': size=120000Kb used=2484Kb max_used=2484Kb free=117516Kb
 bounds [0x00000262e1d20000, 0x00000262e1f90000, 0x00000262e9250000]
CodeHeap 'profiled nmethods': size=120000Kb used=12404Kb max_used=12404Kb free=107596Kb
 bounds [0x00000262da7f0000, 0x00000262db410000, 0x00000262e1d20000]
CodeHeap 'non-nmethods': size=5760Kb used=1207Kb max_used=1274Kb free=4552Kb
 bounds [0x00000262da250000, 0x00000262da4c0000, 0x00000262da7f0000]
 total_blobs=6605 nmethods=6094 adapters=421
 compilation: enabled
              stopped_count=0, restarted_count=0
 full_count=0

Compilation events (20 events):
Event: 2.712 Thread 0x00000262f529db50 6010       2       com.sun.tools.javac.comp.TransTypes::visitVarDef (60 bytes)
Event: 2.713 Thread 0x00000262f529db50 nmethod 6010 0x00000262db3dbc10 code [0x00000262db3dbe40, 0x00000262db3dc4f8]
Event: 2.713 Thread 0x00000262f529db50 6011   !   2       com.sun.tools.javac.comp.TransPatterns::visitVarDef (124 bytes)
Event: 2.713 Thread 0x00000262f529db50 nmethod 6011 0x00000262db3dc810 code [0x00000262db3dca20, 0x00000262db3dd358]
Event: 2.713 Thread 0x00000262f529db50 6009       2       com.sun.tools.javac.comp.Resolve$InapplicableSymbolError::<init> (19 bytes)
Event: 2.713 Thread 0x00000262f529db50 nmethod 6009 0x00000262db3dd710 code [0x00000262db3dd8c0, 0x00000262db3ddac8]
Event: 2.713 Thread 0x00000262f529db50 6007       2       com.sun.tools.javac.comp.Check$ClashFilter::test (9 bytes)
Event: 2.713 Thread 0x00000262f529db50 nmethod 6007 0x00000262db3ddb90 code [0x00000262db3ddd20, 0x00000262db3dde88]
Event: 2.714 Thread 0x00000262f529db50 6012       2       com.sun.tools.javac.comp.ArgumentAttr$UniquePos::<init> (29 bytes)
Event: 2.714 Thread 0x00000262f529db50 nmethod 6012 0x00000262db3ddf90 code [0x00000262db3de120, 0x00000262db3de318]
Event: 2.716 Thread 0x00000262f529db50 6013       2       com.sun.tools.javac.comp.TypeEnter$ImportsPhase$$Lambda$186/0x0000000800eb3c50::accepts (14 bytes)
Event: 2.716 Thread 0x00000262f529db50 nmethod 6013 0x00000262db3de410 code [0x00000262db3de5c0, 0x00000262db3de768]
Event: 2.716 Thread 0x00000262f529db50 6017       2       com.sun.tools.javac.code.Symbol$VarSymbol::isExceptionParameter (16 bytes)
Event: 2.716 Thread 0x00000262f529db50 nmethod 6017 0x00000262db3de890 code [0x00000262db3dea20, 0x00000262db3deb58]
Event: 2.716 Thread 0x00000262f529db50 6014       2       com.sun.tools.javac.comp.TypeEnter$ImportsPhase::lambda$resolveImports$2 (31 bytes)
Event: 2.716 Thread 0x00000262f529db50 nmethod 6014 0x00000262db3dec10 code [0x00000262db3dedc0, 0x00000262db3def48]
Event: 2.716 Thread 0x00000262f529db50 6015   !   2       com.sun.tools.javac.comp.Check::importAccessible (68 bytes)
Event: 2.717 Thread 0x00000262f529db50 nmethod 6015 0x00000262db3df090 code [0x00000262db3df260, 0x00000262db3df568]
Event: 2.717 Thread 0x00000262f529db50 6016       2       com.sun.tools.javac.util.Iterators$2::next (15 bytes)
Event: 2.717 Thread 0x00000262f529db50 nmethod 6016 0x00000262db3df710 code [0x00000262db3df8a0, 0x00000262db3dfa28]

GC Heap History (10 events):
Event: 0.432 GC heap before
{Heap before GC invocations=0 (full 0):
 garbage-first heap   total 262144K, used 20480K [0x0000000701800000, 0x0000000800000000)
  region size 2048K, 10 young (20480K), 0 survivors (0K)
 Metaspace       used 5612K, committed 5696K, reserved 1056768K
  class space    used 644K, committed 704K, reserved 1048576K
}
Event: 0.434 GC heap after
{Heap after GC invocations=1 (full 0):
 garbage-first heap   total 262144K, used 3829K [0x0000000701800000, 0x0000000800000000)
  region size 2048K, 2 young (4096K), 2 survivors (4096K)
 Metaspace       used 5612K, committed 5696K, reserved 1056768K
  class space    used 644K, committed 704K, reserved 1048576K
}
Event: 0.704 GC heap before
{Heap before GC invocations=1 (full 0):
 garbage-first heap   total 262144K, used 28405K [0x0000000701800000, 0x0000000800000000)
  region size 2048K, 14 young (28672K), 2 survivors (4096K)
 Metaspace       used 8831K, committed 9024K, reserved 1064960K
  class space    used 1048K, committed 1152K, reserved 1048576K
}
Event: 0.707 GC heap after
{Heap after GC invocations=2 (full 0):
 garbage-first heap   total 262144K, used 5287K [0x0000000701800000, 0x0000000800000000)
  region size 2048K, 1 young (2048K), 1 survivors (2048K)
 Metaspace       used 8831K, committed 9024K, reserved 1064960K
  class space    used 1048K, committed 1152K, reserved 1048576K
}
Event: 2.011 GC heap before
{Heap before GC invocations=2 (full 0):
 garbage-first heap   total 262144K, used 109735K [0x0000000701800000, 0x0000000800000000)
  region size 2048K, 52 young (106496K), 1 survivors (2048K)
 Metaspace       used 21261K, committed 21504K, reserved 1073152K
  class space    used 2487K, committed 2624K, reserved 1048576K
}
Event: 2.017 GC heap after
{Heap after GC invocations=3 (full 0):
 garbage-first heap   total 262144K, used 18769K [0x0000000701800000, 0x0000000800000000)
  region size 2048K, 6 young (12288K), 6 survivors (12288K)
 Metaspace       used 21261K, committed 21504K, reserved 1073152K
  class space    used 2487K, committed 2624K, reserved 1048576K
}
Event: 2.367 GC heap before
{Heap before GC invocations=4 (full 0):
 garbage-first heap   total 75776K, used 53585K [0x0000000701800000, 0x0000000800000000)
  region size 2048K, 23 young (47104K), 6 survivors (12288K)
 Metaspace       used 24169K, committed 24384K, reserved 1073152K
  class space    used 2769K, committed 2880K, reserved 1048576K
}
Event: 2.378 GC heap after
{Heap after GC invocations=5 (full 0):
 garbage-first heap   total 75776K, used 24045K [0x0000000701800000, 0x0000000800000000)
  region size 2048K, 3 young (6144K), 3 survivors (6144K)
 Metaspace       used 24169K, committed 24384K, reserved 1073152K
  class space    used 2769K, committed 2880K, reserved 1048576K
}
Event: 2.435 GC heap before
{Heap before GC invocations=5 (full 0):
 garbage-first heap   total 75776K, used 24045K [0x0000000701800000, 0x0000000800000000)
  region size 2048K, 4 young (8192K), 3 survivors (6144K)
 Metaspace       used 24688K, committed 24960K, reserved 1073152K
  class space    used 2850K, committed 2944K, reserved 1048576K
}
Event: 2.442 GC heap after
{Heap after GC invocations=6 (full 0):
 garbage-first heap   total 75776K, used 26451K [0x0000000701800000, 0x0000000800000000)
  region size 2048K, 1 young (2048K), 1 survivors (2048K)
 Metaspace       used 24688K, committed 24960K, reserved 1073152K
  class space    used 2850K, committed 2944K, reserved 1048576K
}

Deoptimization events (20 events):
Event: 2.648 Thread 0x00000262d296c470 Uncommon trap: trap_request=0xffffff45 fr.pc=0x00000262e1d2fba0 relative=0x00000000000001a0
Event: 2.648 Thread 0x00000262d296c470 Uncommon trap: reason=unstable_if action=reinterpret pc=0x00000262e1d2fba0 method=java.lang.String.equals(Ljava/lang/Object;)Z @ 33 c2
Event: 2.648 Thread 0x00000262d296c470 DEOPT PACKING pc=0x00000262e1d2fba0 sp=0x000000bbc44fc6f0
Event: 2.648 Thread 0x00000262d296c470 DEOPT UNPACKING pc=0x00000262da2a23a3 sp=0x000000bbc44fc690 mode 2
Event: 2.648 Thread 0x00000262d296c470 Uncommon trap: trap_request=0xffffff45 fr.pc=0x00000262e1d38fd8 relative=0x0000000000000158
Event: 2.648 Thread 0x00000262d296c470 Uncommon trap: reason=unstable_if action=reinterpret pc=0x00000262e1d38fd8 method=java.lang.String.indexOf(II)I @ 4 c2
Event: 2.648 Thread 0x00000262d296c470 DEOPT PACKING pc=0x00000262e1d38fd8 sp=0x000000bbc44fc700
Event: 2.648 Thread 0x00000262d296c470 DEOPT UNPACKING pc=0x00000262da2a23a3 sp=0x000000bbc44fc630 mode 2
Event: 2.648 Thread 0x00000262d296c470 Uncommon trap: trap_request=0xffffff45 fr.pc=0x00000262e1dccc40 relative=0x00000000000001a0
Event: 2.648 Thread 0x00000262d296c470 Uncommon trap: reason=unstable_if action=reinterpret pc=0x00000262e1dccc40 method=java.lang.String.indexOf(II)I @ 4 c2
Event: 2.648 Thread 0x00000262d296c470 DEOPT PACKING pc=0x00000262e1dccc40 sp=0x000000bbc44fc690
Event: 2.648 Thread 0x00000262d296c470 DEOPT UNPACKING pc=0x00000262da2a23a3 sp=0x000000bbc44fc630 mode 2
Event: 2.687 Thread 0x00000262d296c470 DEOPT PACKING pc=0x00000262db17df4c sp=0x000000bbc44f9f00
Event: 2.687 Thread 0x00000262d296c470 DEOPT UNPACKING pc=0x00000262da2a2b43 sp=0x000000bbc44f9448 mode 0
Event: 2.687 Thread 0x00000262d296c470 DEOPT PACKING pc=0x00000262db1fc6a4 sp=0x000000bbc44fa060
Event: 2.687 Thread 0x00000262d296c470 DEOPT UNPACKING pc=0x00000262da2a2b43 sp=0x000000bbc44f9570 mode 0
Event: 2.719 Thread 0x00000262d296c470 Uncommon trap: trap_request=0xffffff45 fr.pc=0x00000262e1e22d60 relative=0x0000000000000240
Event: 2.719 Thread 0x00000262d296c470 Uncommon trap: reason=unstable_if action=reinterpret pc=0x00000262e1e22d60 method=java.io.BufferedWriter.flushBuffer()V @ 15 c2
Event: 2.719 Thread 0x00000262d296c470 DEOPT PACKING pc=0x00000262e1e22d60 sp=0x000000bbc44fd890
Event: 2.719 Thread 0x00000262d296c470 DEOPT UNPACKING pc=0x00000262da2a23a3 sp=0x000000bbc44fd850 mode 2

Classes unloaded (0 events):
No events

Classes redefined (0 events):
No events

Internal exceptions (20 events):
Event: 2.580 Thread 0x00000262d296c470 Exception <a 'sun/nio/fs/WindowsException'{0x000000070a9c6dd0}> (0x000000070a9c6dd0) 
thrown [t:\workspace\open\src\hotspot\share\prims\jni.cpp, line 516]
Event: 2.580 Thread 0x00000262d296c470 Exception <a 'sun/nio/fs/WindowsException'{0x000000070a9c7160}> (0x000000070a9c7160) 
thrown [t:\workspace\open\src\hotspot\share\prims\jni.cpp, line 516]
Event: 2.608 Thread 0x00000262d296c470 Exception <a 'sun/nio/fs/WindowsException'{0x000000070a773350}> (0x000000070a773350) 
thrown [t:\workspace\open\src\hotspot\share\prims\jni.cpp, line 516]
Event: 2.612 Thread 0x00000262d296c470 Exception <a 'sun/nio/fs/WindowsException'{0x000000070a7a0c58}> (0x000000070a7a0c58) 
thrown [t:\workspace\open\src\hotspot\share\prims\jni.cpp, line 516]
Event: 2.612 Thread 0x00000262d296c470 Exception <a 'sun/nio/fs/WindowsException'{0x000000070a7a1390}> (0x000000070a7a1390) 
thrown [t:\workspace\open\src\hotspot\share\prims\jni.cpp, line 516]
Event: 2.614 Thread 0x00000262d296c470 Exception <a 'sun/nio/fs/WindowsException'{0x000000070a7a4060}> (0x000000070a7a4060) 
thrown [t:\workspace\open\src\hotspot\share\prims\jni.cpp, line 516]
Event: 2.629 Thread 0x00000262d296c470 Exception <a 'java/lang/NoSuchMethodError'{0x000000070a4c9c10}: 'java.lang.Object java.lang.invoke.DirectMethodHandle$Holder.newInvokeSpecial(java.lang.Object, java.lang.Object, java.lang.Object, int)'> (0x000000070a4c9c10) 
thrown [t:\workspace\open\src\hotspot\share\interpreter\linkResolver.cpp, line 766]
Event: 2.629 Thread 0x00000262d296c470 Exception <a 'java/lang/NoSuchMethodError'{0x000000070a4ce540}: 'java.lang.Object java.lang.invoke.DirectMethodHandle$Holder.invokeSpecial(java.lang.Object, java.lang.Object, java.lang.Object, java.lang.Object, int)'> (0x000000070a4ce540) 
thrown [t:\workspace\open\src\hotspot\share\interpreter\linkResolver.cpp, line 766]
Event: 2.630 Thread 0x00000262d296c470 Exception <a 'java/lang/NoSuchMethodError'{0x000000070a4d2658}: 'java.lang.Object java.lang.invoke.Invokers$Holder.linkToTargetMethod(java.lang.Object, java.lang.Object, int, java.lang.Object)'> (0x000000070a4d2658) 
thrown [t:\workspace\open\src\hotspot\share\interpreter\linkResolver.cpp, line 766]
Event: 2.652 Thread 0x00000262d296c470 Exception <a 'sun/nio/fs/WindowsException'{0x000000070525ece0}> (0x000000070525ece0) 
thrown [t:\workspace\open\src\hotspot\share\prims\jni.cpp, line 516]
Event: 2.652 Thread 0x00000262d296c470 Exception <a 'sun/nio/fs/WindowsException'{0x000000070525f410}> (0x000000070525f410) 
thrown [t:\workspace\open\src\hotspot\share\prims\jni.cpp, line 516]
Event: 2.669 Thread 0x00000262d296c470 Exception <a 'sun/nio/fs/WindowsException'{0x000000070537a260}> (0x000000070537a260) 
thrown [t:\workspace\open\src\hotspot\share\prims\jni.cpp, line 516]
Event: 2.672 Thread 0x00000262d296c470 Exception <a 'sun/nio/fs/WindowsException'{0x0000000705398148}> (0x0000000705398148) 
thrown [t:\workspace\open\src\hotspot\share\prims\jni.cpp, line 516]
Event: 2.675 Thread 0x00000262d296c470 Exception <a 'sun/nio/fs/WindowsException'{0x00000007053aa8f0}> (0x00000007053aa8f0) 
thrown [t:\workspace\open\src\hotspot\share\prims\jni.cpp, line 516]
Event: 2.677 Thread 0x00000262d296c470 Exception <a 'sun/nio/fs/WindowsException'{0x00000007053befa8}> (0x00000007053befa8) 
thrown [t:\workspace\open\src\hotspot\share\prims\jni.cpp, line 516]
Event: 2.696 Thread 0x00000262d296c470 Exception <a 'sun/nio/fs/WindowsException'{0x00000007050e83b8}> (0x00000007050e83b8) 
thrown [t:\workspace\open\src\hotspot\share\prims\jni.cpp, line 516]
Event: 2.709 Thread 0x00000262d296c470 Exception <a 'sun/nio/fs/WindowsException'{0x00000007051d1208}> (0x00000007051d1208) 
thrown [t:\workspace\open\src\hotspot\share\prims\jni.cpp, line 516]
Event: 2.712 Thread 0x00000262d296c470 Exception <a 'sun/nio/fs/WindowsException'{0x00000007051e98b8}> (0x00000007051e98b8) 
thrown [t:\workspace\open\src\hotspot\share\prims\jni.cpp, line 516]
Event: 2.716 Thread 0x00000262d296c470 Exception <a 'sun/nio/fs/WindowsException'{0x0000000704e277e0}> (0x0000000704e277e0) 
thrown [t:\workspace\open\src\hotspot\share\prims\jni.cpp, line 516]
Event: 2.717 Thread 0x00000262d296c470 Exception <a 'sun/nio/fs/WindowsException'{0x0000000704e27f10}> (0x0000000704e27f10) 
thrown [t:\workspace\open\src\hotspot\share\prims\jni.cpp, line 516]

VM Operations (20 events):
Event: 2.435 Executing VM operation: G1CollectForAllocation
Event: 2.442 Executing VM operation: G1CollectForAllocation done
Event: 2.491 Executing VM operation: ICBufferFull
Event: 2.492 Executing VM operation: ICBufferFull done
Event: 2.560 Executing VM operation: ICBufferFull
Event: 2.560 Executing VM operation: ICBufferFull done
Event: 2.592 Executing VM operation: HandshakeAllThreads
Event: 2.592 Executing VM operation: HandshakeAllThreads done
Event: 2.605 Executing VM operation: HandshakeAllThreads
Event: 2.605 Executing VM operation: HandshakeAllThreads done
Event: 2.626 Executing VM operation: ICBufferFull
Event: 2.626 Executing VM operation: ICBufferFull done
Event: 2.628 Executing VM operation: HandshakeAllThreads
Event: 2.628 Executing VM operation: HandshakeAllThreads done
Event: 2.684 Executing VM operation: ICBufferFull
Event: 2.685 Executing VM operation: ICBufferFull done
Event: 2.686 Executing VM operation: HandshakeAllThreads
Event: 2.686 Executing VM operation: HandshakeAllThreads done
Event: 2.687 Executing VM operation: HandshakeAllThreads
Event: 2.687 Executing VM operation: HandshakeAllThreads done

Events (20 events):
Event: 2.403 loading class java/util/EnumMap$EntryIterator
Event: 2.403 loading class java/util/EnumMap$EnumMapIterator
Event: 2.403 loading class java/util/EnumMap$EnumMapIterator done
Event: 2.403 loading class java/util/EnumMap$EntryIterator done
Event: 2.403 loading class java/util/EnumMap$EntryIterator$Entry
Event: 2.403 loading class java/util/EnumMap$EntryIterator$Entry done
Event: 2.693 loading class java/util/stream/ReduceOps$2
Event: 2.693 loading class java/util/stream/ReduceOps$2 done
Event: 2.693 loading class java/util/stream/ReduceOps$2ReducingSink
Event: 2.693 loading class java/util/stream/ReduceOps$2ReducingSink done
Event: 2.695 loading class java/io/DataOutputStream
Event: 2.695 loading class java/io/DataOutputStream done
Event: 2.719 loading class java/util/EnumMap$Values
Event: 2.719 loading class java/util/EnumMap$Values done
Event: 2.719 loading class java/util/EnumMap$ValueIterator
Event: 2.719 loading class java/util/EnumMap$ValueIterator done
Event: 2.719 loading class java/util/WeakHashMap$KeyIterator
Event: 2.719 loading class java/util/WeakHashMap$HashIterator
Event: 2.719 loading class java/util/WeakHashMap$HashIterator done
Event: 2.720 loading class java/util/WeakHashMap$KeyIterator done


Dynamic libraries:
0x00007ff6474e0000 - 0x00007ff6474f0000 	C:\Program Files\Java\jdk-17.0.3.1\bin\java.exe
0x00007ff9c4230000 - 0x00007ff9c4425000 	C:\Windows\SYSTEM32\ntdll.dll
0x00007ff9c3150000 - 0x00007ff9c320d000 	C:\Windows\System32\KERNEL32.DLL
0x00007ff9c1b20000 - 0x00007ff9c1ded000 	C:\Windows\System32\KERNELBASE.dll
0x00007ff9c1e70000 - 0x00007ff9c1f70000 	C:\Windows\System32\ucrtbase.dll
0x00007ff9bef90000 - 0x00007ff9befa8000 	C:\Program Files\Java\jdk-17.0.3.1\bin\jli.dll
0x00007ff9b9800000 - 0x00007ff9b981a000 	C:\Program Files\Java\jdk-17.0.3.1\bin\VCRUNTIME140.dll
0x00007ff9c3ff0000 - 0x00007ff9c409e000 	C:\Windows\System32\ADVAPI32.dll
0x00007ff9c3050000 - 0x00007ff9c30ee000 	C:\Windows\System32\msvcrt.dll
0x00007ff9c3f50000 - 0x00007ff9c3fec000 	C:\Windows\System32\sechost.dll
0x00007ff9c2f20000 - 0x00007ff9c3045000 	C:\Windows\System32\RPCRT4.dll
0x00007ff9c2840000 - 0x00007ff9c29e0000 	C:\Windows\System32\USER32.dll
0x00007ff9b06a0000 - 0x00007ff9b093a000 	C:\Windows\WinSxS\amd64_microsoft.windows.common-controls_6595b64144ccf1df_6.0.19041.1110_none_60b5254171f9507e\COMCTL32.dll
0x00007ff9c1df0000 - 0x00007ff9c1e12000 	C:\Windows\System32\win32u.dll
0x00007ff9c3ec0000 - 0x00007ff9c3eea000 	C:\Windows\System32\GDI32.dll
0x00007ff9c1fa0000 - 0x00007ff9c20ab000 	C:\Windows\System32\gdi32full.dll
0x00007ff9c1940000 - 0x00007ff9c19dd000 	C:\Windows\System32\msvcp_win.dll
0x00007ff9bb4e0000 - 0x00007ff9bb4ea000 	C:\Windows\SYSTEM32\VERSION.dll
0x00007ff9c40a0000 - 0x00007ff9c40d0000 	C:\Windows\System32\IMM32.DLL
0x00007ff998560000 - 0x00007ff99873d000 	C:\Program Files (x86)\Steam\gameoverlayrenderer64.dll
0x00007ff9c2280000 - 0x00007ff9c23aa000 	C:\Windows\System32\ole32.dll
0x00007ff9c2a00000 - 0x00007ff9c2d54000 	C:\Windows\System32\combase.dll
0x00007ff9c2d70000 - 0x00007ff9c2e3d000 	C:\Windows\System32\OLEAUT32.dll
0x00007ff9c2d60000 - 0x00007ff9c2d68000 	C:\Windows\System32\PSAPI.DLL
0x00007ff9b92a0000 - 0x00007ff9b92c7000 	C:\Windows\SYSTEM32\WINMM.dll
0x00007ff9bef80000 - 0x00007ff9bef8c000 	C:\Program Files\Java\jdk-17.0.3.1\bin\vcruntime140_1.dll
0x00007ff9a9540000 - 0x00007ff9a95cd000 	C:\Program Files\Java\jdk-17.0.3.1\bin\msvcp140.dll
0x00007ff9676c0000 - 0x00007ff968280000 	C:\Program Files\Java\jdk-17.0.3.1\bin\server\jvm.dll
0x00007ff9befb0000 - 0x00007ff9befb9000 	C:\Windows\SYSTEM32\WSOCK32.dll
0x00007ff9c3210000 - 0x00007ff9c327b000 	C:\Windows\System32\WS2_32.dll
0x00007ff9bf860000 - 0x00007ff9bf872000 	C:\Windows\SYSTEM32\kernel.appcore.dll
0x00007ff9b3e10000 - 0x00007ff9b3e1a000 	C:\Program Files\Java\jdk-17.0.3.1\bin\jimage.dll
0x00007ff9b94b0000 - 0x00007ff9b9694000 	C:\Windows\SYSTEM32\DBGHELP.DLL
0x00007ff9b4a00000 - 0x00007ff9b4a2c000 	C:\Windows\SYSTEM32\dbgcore.DLL
0x00007ff9c1a90000 - 0x00007ff9c1b12000 	C:\Windows\System32\bcryptPrimitives.dll
0x00007ff9b97f0000 - 0x00007ff9b97fe000 	C:\Program Files\Java\jdk-17.0.3.1\bin\instrument.dll
0x00007ff9b2cf0000 - 0x00007ff9b2d15000 	C:\Program Files\Java\jdk-17.0.3.1\bin\java.dll
0x00007ff9a41c0000 - 0x00007ff9a4296000 	C:\Program Files\Java\jdk-17.0.3.1\bin\jsvml.dll
0x00007ff9c3680000 - 0x00007ff9c3dc4000 	C:\Windows\System32\SHELL32.dll
0x00007ff9bfa60000 - 0x00007ff9c01f4000 	C:\Windows\SYSTEM32\windows.storage.dll
0x00007ff9c13a0000 - 0x00007ff9c13cc000 	C:\Windows\SYSTEM32\Wldp.dll
0x00007ff9c3280000 - 0x00007ff9c332d000 	C:\Windows\System32\SHCORE.dll
0x00007ff9c3ef0000 - 0x00007ff9c3f45000 	C:\Windows\System32\shlwapi.dll
0x00007ff9c1880000 - 0x00007ff9c189f000 	C:\Windows\SYSTEM32\profapi.dll
0x00007ff9b0bb0000 - 0x00007ff9b0bc8000 	C:\Program Files\Java\jdk-17.0.3.1\bin\zip.dll
0x00007ff9b1f00000 - 0x00007ff9b1f19000 	C:\Program Files\Java\jdk-17.0.3.1\bin\net.dll
0x00007ff9ba2b0000 - 0x00007ff9ba3ba000 	C:\Windows\SYSTEM32\WINHTTP.dll
0x00007ff9c1100000 - 0x00007ff9c116a000 	C:\Windows\system32\mswsock.dll
0x00007ff9b0eb0000 - 0x00007ff9b0ec6000 	C:\Program Files\Java\jdk-17.0.3.1\bin\nio.dll
0x00007ff9b0a80000 - 0x00007ff9b0a9a000 	E:\JetBrains\IntelliJ IDEA 2022.1.1\bin\breakgen64.dll
0x00007ff9b6660000 - 0x00007ff9b6670000 	C:\Program Files\Java\jdk-17.0.3.1\bin\verify.dll
0x00007ff9c12f0000 - 0x00007ff9c1308000 	C:\Windows\SYSTEM32\CRYPTSP.dll
0x00007ff9c0a10000 - 0x00007ff9c0a44000 	C:\Windows\system32\rsaenh.dll
0x00007ff9c1f70000 - 0x00007ff9c1f97000 	C:\Windows\System32\bcrypt.dll
0x00007ff9c1840000 - 0x00007ff9c186e000 	C:\Windows\SYSTEM32\USERENV.dll
0x00007ff9c1310000 - 0x00007ff9c131c000 	C:\Windows\SYSTEM32\CRYPTBASE.dll
0x00007ff9c0da0000 - 0x00007ff9c0ddb000 	C:\Windows\SYSTEM32\IPHLPAPI.DLL
0x00007ff9c23b0000 - 0x00007ff9c23b8000 	C:\Windows\System32\NSI.dll
0x00007ff9bbd30000 - 0x00007ff9bbd47000 	C:\Windows\SYSTEM32\dhcpcsvc6.DLL
0x00007ff9bbd10000 - 0x00007ff9bbd2d000 	C:\Windows\SYSTEM32\dhcpcsvc.DLL
0x00007ff9c0de0000 - 0x00007ff9c0eab000 	C:\Windows\SYSTEM32\DNSAPI.dll
0x00007ff9b2e10000 - 0x00007ff9b2e1a000 	C:\Users\stalo\AppData\Local\Temp\jansi-1.17.1-15288537930288454225.dll
0x00007ff9b1100000 - 0x00007ff9b110a000 	C:\Users\stalo\AppData\Local\Temp\jansi-1.17.1-4076773669121680817.dll

dbghelp: loaded successfully - version: 4.0.5 - missing functions: none
symbol engine: initialized successfully - sym options: 0x614 - pdb path: .;C:\Program Files\Java\jdk-17.0.3.1\bin;C:\Windows\SYSTEM32;C:\Windows\WinSxS\amd64_microsoft.windows.common-controls_6595b64144ccf1df_6.0.19041.1110_none_60b5254171f9507e;C:\Program Files (x86)\Steam;C:\Program Files\Java\jdk-17.0.3.1\bin\server;E:\JetBrains\IntelliJ IDEA 2022.1.1\bin;C:\Users\stalo\AppData\Local\Temp

VM Arguments:
jvm_args: -Dmaven.multiModuleProjectDirectory=C:\Users\stalo\Documents\GitHub\HotelMenager -Dmaven.home=E:\JetBrains\IntelliJ IDEA 2022.1.1\plugins\maven\lib\maven3 -Dclassworlds.conf=E:\JetBrains\IntelliJ IDEA 2022.1.1\plugins\maven\lib\maven3\bin\m2.conf -Dmaven.ext.class.path=E:\JetBrains\IntelliJ IDEA 2022.1.1\plugins\maven\lib\maven-event-listener.jar -javaagent:E:\JetBrains\IntelliJ IDEA 2022.1.1\lib\idea_rt.jar=62690:E:\JetBrains\IntelliJ IDEA 2022.1.1\bin -Dfile.encoding=UTF-8 
java_command: org.codehaus.classworlds.Launcher -Didea.version=2022.1.1 clean package javafx:run
java_class_path (initial): E:\JetBrains\IntelliJ IDEA 2022.1.1\plugins\maven\lib\maven3\boot\plexus-classworlds-2.6.0.jar;E:\JetBrains\IntelliJ IDEA 2022.1.1\plugins\maven\lib\maven3\boot\plexus-classworlds.license
Launcher Type: SUN_STANDARD

[Global flags]
     intx CICompilerCount                          = 3                                         {product} {ergonomic}
     uint ConcGCThreads                            = 2                                         {product} {ergonomic}
     uint G1ConcRefinementThreads                  = 6                                         {product} {ergonomic}
   size_t G1HeapRegionSize                         = 2097152                                   {product} {ergonomic}
    uintx GCDrainStackTargetSize                   = 64                                        {product} {ergonomic}
   size_t InitialHeapSize                          = 268435456                                 {product} {ergonomic}
   size_t MarkStackSize                            = 4194304                                   {product} {ergonomic}
   size_t MaxHeapSize                              = 4269801472                                {product} {ergonomic}
   size_t MaxNewSize                               = 2560622592                                {product} {ergonomic}
   size_t MinHeapDeltaBytes                        = 2097152                                   {product} {ergonomic}
   size_t MinHeapSize                              = 8388608                                   {product} {ergonomic}
    uintx NonNMethodCodeHeapSize                   = 5832780                                {pd product} {ergonomic}
    uintx NonProfiledCodeHeapSize                  = 122912730                              {pd product} {ergonomic}
    uintx ProfiledCodeHeapSize                     = 122912730                              {pd product} {ergonomic}
    uintx ReservedCodeCacheSize                    = 251658240                              {pd product} {ergonomic}
     bool SegmentedCodeCache                       = true                                      {product} {ergonomic}
   size_t SoftMaxHeapSize                          = 4269801472                             {manageable} {ergonomic}
     bool UseCompressedClassPointers               = true                           {product lp64_product} {ergonomic}
     bool UseCompressedOops                        = true                           {product lp64_product} {ergonomic}
     bool UseG1GC                                  = true                                      {product} {ergonomic}
     bool UseLargePagesIndividualAllocation        = false                                  {pd product} {ergonomic}

Logging:
Log output configuration:
 #0: stdout all=warning uptime,level,tags
 #1: stderr all=off uptime,level,tags

Environment Variables:
PATH=C:\Program Files (x86)\Steam;C:\Program Files (x86)\Steam;C:\Program Files\Common Files\Oracle\Java\javapath;C:\Windows\system32;C:\Windows;C:\Windows\System32\Wbem;C:\Windows\System32\WindowsPowerShell\v1.0\;C:\Windows\System32\OpenSSH\;C:\Program Files\Git\cmd;C:\Users\stalo\AppData\Local\Microsoft\WindowsApps;E:\JetBrains\IntelliJ IDEA 2022.1.1\bin
USERNAME=stalo
OS=Windows_NT
PROCESSOR_IDENTIFIER=Intel64 Family 6 Model 158 Stepping 10, GenuineIntel



---------------  S Y S T E M  ---------------

OS:
 Windows 10 , 64 bit Build 19041 (10.0.19041.1706)
OS uptime: 2 days 11:42 hours

CPU: total 6 (initial active 6) (6 cores per cpu, 1 threads per core) family 6 model 158 stepping 10 microcode 0xb4, cx8, cmov, fxsr, mmx, 3dnowpref, sse, sse2, sse3, ssse3, sse4.1, sse4.2, popcnt, lzcnt, tsc, tscinvbit, avx, avx2, aes, erms, clmul, bmi1, bmi2, rtm, adx, fma, vzeroupper, clflush, clflushopt

Memory: 4k page, system-wide physical 16285M (5826M free)
TotalPageFile size 23965M (AvailPageFile size 5079M)
current process WorkingSet (physical memory assigned to process): 228M, peak: 238M
current process commit charge ("private bytes"): 239M, peak: 397M

vm_info: Java HotSpot(TM) 64-Bit Server VM (17.0.3.1+2-LTS-6) for windows-amd64 JRE (17.0.3.1+2-LTS-6), built on Apr 25 2022 22:04:21 by "mach5one" with MS VC++ 16.8 / 16.9 (VS2019)

END.
