#
# A fatal error has been detected by the Java Runtime Environment:
#
#  EXCEPTION_ACCESS_VIOLATION (0xc0000005) at pc=0x00007ff9679a6c9f, pid=896, tid=13916
#
# JRE version: Java(TM) SE Runtime Environment (17.0.3.1+2) (build 17.0.3.1+2-LTS-6)
# Java VM: Java HotSpot(TM) 64-Bit Server VM (17.0.3.1+2-LTS-6, mixed mode, sharing, tiered, compressed oops, compressed class ptrs, g1 gc, windows-amd64)
# Problematic frame:
# V  [jvm.dll+0x2e6c9f]
#
# No core dump will be written. Minidumps are not enabled by default on client versions of Windows
#
# If you would like to submit a bug report, please visit:
#   https://bugreport.java.com/bugreport/crash.jsp
#

---------------  S U M M A R Y ------------

Command Line: -Dmaven.multiModuleProjectDirectory=C:\Users\stalo\Documents\GitHub\HotelMenager -Dmaven.home=E:\JetBrains\IntelliJ IDEA 2022.1.1\plugins\maven\lib\maven3 -Dclassworlds.conf=E:\JetBrains\IntelliJ IDEA 2022.1.1\plugins\maven\lib\maven3\bin\m2.conf -Dmaven.ext.class.path=E:\JetBrains\IntelliJ IDEA 2022.1.1\plugins\maven\lib\maven-event-listener.jar -javaagent:E:\JetBrains\IntelliJ IDEA 2022.1.1\lib\idea_rt.jar=62642:E:\JetBrains\IntelliJ IDEA 2022.1.1\bin -Dfile.encoding=UTF-8 org.codehaus.classworlds.Launcher -Didea.version=2022.1.1 clean package javafx:run

Host: Intel(R) Core(TM) i5-8500 CPU @ 3.00GHz, 6 cores, 15G,  Windows 10 , 64 bit Build 19041 (10.0.19041.1706)
Time: Wed Jun  1 10:53:47 2022  Windows 10 , 64 bit Build 19041 (10.0.19041.1706) elapsed time: 2.052951 seconds (0d 0h 0m 2s)

---------------  T H R E A D  ---------------

Current thread (0x0000017232ad8020):  ConcurrentGCThread "G1 Conc#1" [stack: 0x0000005d4ba00000,0x0000005d4bb00000] [id=13916]

Stack: [0x0000005d4ba00000,0x0000005d4bb00000],  sp=0x0000005d4baff5e0,  free space=1021k
Native frames: (J=compiled Java code, j=interpreted, Vv=VM code, C=native code)
V  [jvm.dll+0x2e6c9f]
V  [jvm.dll+0x7fddfb]
V  [jvm.dll+0x7fde46]
V  [jvm.dll+0x780aca]
V  [jvm.dll+0x670045]
C  [ucrtbase.dll+0x21bb2]
C  [KERNEL32.DLL+0x17034]
C  [ntdll.dll+0x52651]


siginfo: EXCEPTION_ACCESS_VIOLATION (0xc0000005), reading address 0xffffffffffffffff


Register to memory mapping:

RIP=0x00007ff9679a6c9f jvm.dll
RAX=0x000000000cff4193 is an unknown value
RBX=0x0000000800dfd3f0 is pointing into metadata
RCX=0x0000005d4baff600 points into unknown readable memory: 0x00007ff967fb0800 | 00 08 fb 67 f9 7f 00 00
RDX=0x000000070a93a000 points into unknown readable memory: 0x0000000000000009 | 09 00 00 00 00 00 00 00
RSP=0x0000005d4baff5e0 points into unknown readable memory: 0x0000000000000005 | 05 00 00 00 00 00 00 00
RBP=0x000001720dec5f40 points into unknown readable memory: 0x000001720dec6560 | 60 65 ec 0d 72 01 00 00
RSI=0x000000070a93a000 points into unknown readable memory: 0x0000000000000009 | 09 00 00 00 00 00 00 00
RDI=0x000000000cff4193 is an unknown value
R8 =0x0000000800dfd3f0 is pointing into metadata
R9 =0x0000000000007ff9 is an unknown value
R10=0x0000000000000041 is an unknown value
R11=0x0000000000000003 is an unknown value
R12=0x0000000000000001 is an unknown value
R13=0x00007ff968143e00 jvm.dll
R14=0x000000070aa00000 is an oop: java.util.HashMap$Node 
{0x000000070aa00000} - klass: 'java/util/HashMap$Node'
 - ---- fields (total size 4 words):
 - final 'hash' 'I' @12  -1980934911 (89ed5501)
 - final 'key' 'Ljava/lang/Object;' @16  "org.apache.maven.lifecycle.internal.builder.multithreaded.MultiThreadedBuilder"{0x000000070af01ed8} (e15e03db)
 - 'value' 'Ljava/lang/Object;' @20  a 'org/eclipse/sisu/plexus/PlexusXmlMetadata'{0x000000070aa00020} (e1540004)
 - 'next' 'Ljava/util/HashMap$Node;' @24  NULL (0)
R15=0x0000005d4a2ff550 points into unknown readable memory: 0x00007ff967fb0d88 | 88 0d fb 67 f9 7f 00 00


Registers:
RAX=0x000000000cff4193, RBX=0x0000000800dfd3f0, RCX=0x0000005d4baff600, RDX=0x000000070a93a000
RSP=0x0000005d4baff5e0, RBP=0x000001720dec5f40, RSI=0x000000070a93a000, RDI=0x000000000cff4193
R8 =0x0000000800dfd3f0, R9 =0x0000000000007ff9, R10=0x0000000000000041, R11=0x0000000000000003
R12=0x0000000000000001, R13=0x00007ff968143e00, R14=0x000000070aa00000, R15=0x0000005d4a2ff550
RIP=0x00007ff9679a6c9f, EFLAGS=0x0000000000010206

Top of Stack: (sp=0x0000005d4baff5e0)
0x0000005d4baff5e0:   0000000000000005 0000000800dfd3f8
0x0000005d4baff5f0:   000001720dec5f40 0000017200000001
0x0000005d4baff600:   00007ff967fb0800 0000000000000000
0x0000005d4baff610:   0000000000000003 000001720de70350
0x0000005d4baff620:   000001720dec5e90 0000000000000001
0x0000005d4baff630:   0000017232ad8020 0000000000000000
0x0000005d4baff640:   0000000000000000 0000000000000000
0x0000005d4baff650:   0000000000000000 00007ff967ebddfb
0x0000005d4baff660:   0000000000000002 0000017232ad8020
0x0000005d4baff670:   0000005d4a2ff550 0000005d4a2ff550
0x0000005d4baff680:   00000000000075a3 00007ff967ebde46
0x0000005d4baff690:   0000017232ad8020 0000005dffffffff
0x0000005d4baff6a0:   000001720de5b8d0 0000000000000000
0x0000005d4baff6b0:   0000017232ad8020 00007ff967e40aca
0x0000005d4baff6c0:   0000000000000000 00000000000075a3
0x0000005d4baff6d0:   0000017232ad8020 00007ff9c1e83a81 

Instructions: (pc=0x00007ff9679a6c9f)
0x00007ff9679a6b9f:   cc 4c 8b dc 55 41 54 41 57 48 83 ec 60 48 8b 69
0x00007ff9679a6baf:   18 44 8b e2 48 81 c5 b0 00 00 00 4c 8b f9 0f b6
0x00007ff9679a6bbf:   45 21 84 c0 0f 85 44 01 00 00 4c 8b 45 18 48 8b
0x00007ff9679a6bcf:   45 10 4c 3b c0 0f 83 33 01 00 00 ba 01 00 00 00
0x00007ff9679a6bdf:   f0 48 0f c1 55 18 48 8b 45 10 48 3b d0 0f 83 1b
0x00007ff9679a6bef:   01 00 00 48 c1 e2 04 48 03 55 00 0f 84 0d 01 00
0x00007ff9679a6bff:   00 49 89 5b 08 48 8d 05 f5 9b 60 00 49 89 73 10
0x00007ff9679a6c0f:   49 89 7b 18 4d 89 6b e0 4c 8d 2d e2 d1 79 00 4d
0x00007ff9679a6c1f:   89 73 d8 49 8b 4f 18 48 8b 32 48 89 44 24 20 48
0x00007ff9679a6c2f:   c7 44 24 28 00 00 00 00 48 8b 41 08 48 89 44 24
0x00007ff9679a6c3f:   38 48 8b 42 08 c7 44 24 30 03 00 00 00 48 89 4c
0x00007ff9679a6c4f:   24 40 44 89 64 24 48 4c 8d 34 c6 49 3b f6 73 4e
0x00007ff9679a6c5f:   90 80 3d 2c 3d 80 00 00 74 15 8b 5e 08 8b 0d 56
0x00007ff9679a6c6f:   c6 79 00 48 d3 e3 48 03 1d 44 c6 79 00 eb 04 48
0x00007ff9679a6c7f:   8b 5e 08 48 8b d3 48 8b ce e8 43 60 ec ff 4c 63
0x00007ff9679a6c8f:   4b 0c 48 8d 4c 24 20 4c 8b c3 48 63 f8 48 8b d6
0x00007ff9679a6c9f:   43 ff 54 cd 00 48 8d 34 fe 49 3b f6 72 b3 0f b6
0x00007ff9679a6caf:   45 21 84 c0 75 36 48 8b 4d 18 48 8b 45 10 48 3b
0x00007ff9679a6cbf:   c8 73 29 ba 01 00 00 00 f0 48 0f c1 55 18 48 8b
0x00007ff9679a6ccf:   45 10 48 3b d0 73 15 48 c1 e2 04 48 8d 05 1f 9b
0x00007ff9679a6cdf:   60 00 48 03 55 00 0f 85 37 ff ff ff 4c 8b 6c 24
0x00007ff9679a6cef:   58 48 8b bc 24 90 00 00 00 48 8b b4 24 88 00 00
0x00007ff9679a6cff:   00 48 8b 9c 24 80 00 00 00 4c 8b 74 24 50 48 83
0x00007ff9679a6d0f:   c4 60 41 5f 41 5c 5d c3 cc cc cc cc cc cc cc cc
0x00007ff9679a6d1f:   cc 48 89 5c 24 08 48 89 74 24 10 57 48 83 ec 20
0x00007ff9679a6d2f:   80 79 48 00 48 8d 79 38 8b da 48 8d 71 18 74 2e
0x00007ff9679a6d3f:   e8 6c 54 45 00 48 8b 0d 1d a2 83 00 44 8b cb 4c
0x00007ff9679a6d4f:   8b c7 48 8b d6 e8 37 17 ff ff 48 8b 5c 24 30 48
0x00007ff9679a6d5f:   8b 74 24 38 48 83 c4 20 5f e9 a3 54 45 00 48 8b
0x00007ff9679a6d6f:   0d f4 a1 83 00 44 8b cb 4c 8b c7 48 8b d6 48 8b
0x00007ff9679a6d7f:   5c 24 30 48 8b 74 24 38 48 83 c4 20 5f e9 ff 16
0x00007ff9679a6d8f:   ff ff cc cc cc cc cc cc cc cc cc cc cc cc cc cc 


Stack slot to memory mapping:
stack at sp + 0 slots: 0x0000000000000005 is an unknown value
stack at sp + 1 slots: 0x0000000800dfd3f8 is a pointer to class: 
jdk.nio.zipfs.ZipFileSystem$IndexNode {0x0000000800dfd400}
 - instance size:     5
 - klass size:        66
 - access:            synchronized 
 - state:             fully_initialized
 - name:              'jdk/nio/zipfs/ZipFileSystem$IndexNode'
 - super:             'java/lang/Object'
 - sub:               'jdk/nio/zipfs/ZipFileSystem$ParentLookup'   'jdk/nio/zipfs/ZipFileSystem$Entry'   
 - arrays:            'jdk/nio/zipfs/ZipFileSystem$IndexNode'[]
 - methods:           Array<T>(0x0000017233aaa8d0)
 - method ordering:   Array<T>(0x00000008008f2908)
 - default_methods:   Array<T>(0x0000000000000000)
 - local interfaces:  Array<T>(0x00000008005cf800)
 - trans. interfaces: Array<T>(0x00000008005cf800)
 - constants:         constant pool [155]/operands[5] {0x0000017233aaa2e8} for 'jdk/nio/zipfs/ZipFileSystem$IndexNode' cache=0x0000017233abfcf0
 - class loader data:  loader data: 0x00000172308766b0 for instance a 'jdk/internal/loader/ClassLoaders$PlatformClassLoader'{0x0000000701804f70}
 - source file:       'ZipFileSystem.java'
 - class annotations:       Array<T>(0x0000000000000000)
 - class type annotations:  Array<T>(0x0000000000000000)
 - field annotations:       Array<T>(0x0000000000000000)
 - field type annotations:  Array<T>(0x0000000000000000)
 - inner classes:     Array<T>(0x0000017233aab608)
 - nest members:     Array<T>(0x00000008005cf790)
 - permitted subclasses:     Array<T>(0x00000008005cf790)
 - java mirror:       a 'java/lang/Class'{0x000000070ae946e0} = 'jdk/nio/zipfs/ZipFileSystem$IndexNode'
 - vtable length      6  (start addr: 0x0000000800dfd5c0)
 - itable length      2 (start addr: 0x0000000800dfd5f0)
 - ---- static fields (1 words):
 - private static final 'cachedKey' 'Ljava/lang/ThreadLocal;' @112 
 - ---- non-static fields (6 words):
 - 'hashcode' 'I' @12 
 - 'pos' 'I' @16 
 - 'isdir' 'Z' @20 
 - 'name' '[B' @24 
 - 'child' 'Ljdk/nio/zipfs/ZipFileSystem$IndexNode;' @28 
 - 'sibling' 'Ljdk/nio/zipfs/ZipFileSystem$IndexNode;' @32 
 - non-static oop maps: 24-32 
stack at sp + 2 slots: 0x000001720dec5f40 points into unknown readable memory: 0x000001720dec6560 | 60 65 ec 0d 72 01 00 00
stack at sp + 3 slots: 0x0000017200000001 is an unknown value
stack at sp + 4 slots: 0x00007ff967fb0800 jvm.dll
stack at sp + 5 slots: 0x0 is NULL
stack at sp + 6 slots: 0x0000000000000003 is an unknown value
stack at sp + 7 slots: 0x000001720de70350 points into unknown readable memory: 0x00007ff967faeae8 | e8 ea fa 67 f9 7f 00 00


---------------  P R O C E S S  ---------------

Threads class SMR info:
_java_thread_list=0x0000017231413810, length=14, elements={
0x000001720de60830, 0x00000172307846d0, 0x0000017230785540, 0x000001723079f050,
0x00000172307a0a10, 0x00000172307a13c0, 0x00000172307a2d80, 0x00000172307a4a70,
0x00000172307da5e0, 0x00000172307dcfe0, 0x00000172308d6a40, 0x0000017230957500,
0x000001723095f9e0, 0x0000017231458720
}

Java Threads: ( => current thread )
  0x000001720de60830 JavaThread "main" [_thread_in_Java, id=16468, stack(0x0000005d4a000000,0x0000005d4a100000)]
  0x00000172307846d0 JavaThread "Reference Handler" daemon [_thread_blocked, id=10028, stack(0x0000005d4a700000,0x0000005d4a800000)]
  0x0000017230785540 JavaThread "Finalizer" daemon [_thread_blocked, id=17016, stack(0x0000005d4a800000,0x0000005d4a900000)]
  0x000001723079f050 JavaThread "Signal Dispatcher" daemon [_thread_blocked, id=10936, stack(0x0000005d4a900000,0x0000005d4aa00000)]
  0x00000172307a0a10 JavaThread "Attach Listener" daemon [_thread_blocked, id=2192, stack(0x0000005d4aa00000,0x0000005d4ab00000)]
  0x00000172307a13c0 JavaThread "Service Thread" daemon [_thread_blocked, id=15988, stack(0x0000005d4ab00000,0x0000005d4ac00000)]
  0x00000172307a2d80 JavaThread "Monitor Deflation Thread" daemon [_thread_blocked, id=2252, stack(0x0000005d4ac00000,0x0000005d4ad00000)]
  0x00000172307a4a70 JavaThread "C2 CompilerThread0" daemon [_thread_in_native, id=13060, stack(0x0000005d4ad00000,0x0000005d4ae00000)]
  0x00000172307da5e0 JavaThread "C1 CompilerThread0" daemon [_thread_in_native, id=8232, stack(0x0000005d4ae00000,0x0000005d4af00000)]
  0x00000172307dcfe0 JavaThread "Sweeper thread" daemon [_thread_blocked, id=5188, stack(0x0000005d4af00000,0x0000005d4b000000)]
  0x00000172308d6a40 JavaThread "Common-Cleaner" daemon [_thread_blocked, id=14852, stack(0x0000005d4b000000,0x0000005d4b100000)]
  0x0000017230957500 JavaThread "Monitor Ctrl-Break" daemon [_thread_in_native, id=1356, stack(0x0000005d4b100000,0x0000005d4b200000)]
  0x000001723095f9e0 JavaThread "Notification Thread" daemon [_thread_blocked, id=16392, stack(0x0000005d4b200000,0x0000005d4b300000)]
  0x0000017231458720 JavaThread "C2 CompilerThread1" daemon [_thread_in_native, id=14724, stack(0x0000005d4b400000,0x0000005d4b500000)]

Other Threads:
  0x0000017230780220 VMThread "VM Thread" [stack: 0x0000005d4a600000,0x0000005d4a700000] [id=17928]
  0x000001720dee4910 WatcherThread [stack: 0x0000005d4b300000,0x0000005d4b400000] [id=13500]
  0x000001720dec59f0 GCTaskThread "GC Thread#0" [stack: 0x0000005d4a100000,0x0000005d4a200000] [id=17860]
  0x0000017231b820a0 GCTaskThread "GC Thread#1" [stack: 0x0000005d4b500000,0x0000005d4b600000] [id=3648]
  0x00000172321d9c60 GCTaskThread "GC Thread#2" [stack: 0x0000005d4b600000,0x0000005d4b700000] [id=13572]
  0x00000172320d5f60 GCTaskThread "GC Thread#3" [stack: 0x0000005d4b700000,0x0000005d4b800000] [id=15164]
  0x0000017231bcd030 GCTaskThread "GC Thread#4" [stack: 0x0000005d4b800000,0x0000005d4b900000] [id=4588]
  0x00000172320d6210 GCTaskThread "GC Thread#5" [stack: 0x0000005d4b900000,0x0000005d4ba00000] [id=12296]
  0x000001720ded6410 ConcurrentGCThread "G1 Main Marker" [stack: 0x0000005d4a200000,0x0000005d4a300000] [id=5492]
  0x000001720ded75c0 ConcurrentGCThread "G1 Conc#0" [stack: 0x0000005d4a300000,0x0000005d4a400000] [id=11308]
=>0x0000017232ad8020 ConcurrentGCThread "G1 Conc#1" [stack: 0x0000005d4ba00000,0x0000005d4bb00000] [id=13916]
  0x00000172306524c0 ConcurrentGCThread "G1 Refine#0" [stack: 0x0000005d4a400000,0x0000005d4a500000] [id=14964]
  0x0000017230652ee0 ConcurrentGCThread "G1 Service" [stack: 0x0000005d4a500000,0x0000005d4a600000] [id=9076]

Threads with active compile tasks:
C2 CompilerThread0     2125 4103       4       com.sun.tools.javac.parser.JavaTokenizer::put (27 bytes)
C1 CompilerThread0     2125 4088       3       com.sun.tools.javac.parser.JavacParser::term3Rest (732 bytes)
C2 CompilerThread1     2125 3989   !   4       jdk.internal.loader.BuiltinClassLoader::loadClassOrNull (143 bytes)

VM state: not at safepoint (normal execution)

VM Mutex/Monitor currently owned by a thread:  ([mutex/lock_event])
[0x000001720de5aac0] CodeCache_lock - owner thread: 0x00000172307da5e0
[0x000001720de5d6a0] Compile_lock - owner thread: 0x00000172307da5e0
[0x000001720de5d970] MethodCompileQueue_lock - owner thread: 0x00000172307da5e0

Heap address: 0x0000000701800000, size: 4072 MB, Compressed Oops mode: Zero based, Oop shift amount: 3

CDS archive(s) mapped at: [0x0000000800000000-0x0000000800bc0000-0x0000000800bc0000), size 12320768, SharedBaseAddress: 0x0000000800000000, ArchiveRelocationMode: 0.
Compressed class space mapped at: 0x0000000800c00000-0x0000000840c00000, reserved size: 1073741824
Narrow klass base: 0x0000000800000000, Narrow klass shift: 0, Narrow klass range: 0x100000000

GC Precious Log:
 CPUs: 6 total, 6 available
 Memory: 16285M
 Large Page Support: Disabled
 NUMA Support: Disabled
 Compressed Oops: Enabled (Zero based)
 Heap Region Size: 2M
 Heap Min Capacity: 8M
 Heap Initial Capacity: 256M
 Heap Max Capacity: 4072M
 Pre-touch: Disabled
 Parallel Workers: 6
 Concurrent Workers: 2
 Concurrent Refinement Workers: 6
 Periodic GC: Disabled

Heap:
 garbage-first heap   total 262144K, used 20922K [0x0000000701800000, 0x0000000800000000)
  region size 2048K, 8 young (16384K), 6 survivors (12288K)
 Metaspace       used 22435K, committed 22656K, reserved 1073152K
  class space    used 2578K, committed 2688K, reserved 1048576K

Heap Regions: E=young(eden), S=young(survivor), O=old, HS=humongous(starts), HC=humongous(continues), CS=collection set, F=free, OA=open archive, CA=closed archive, TAMS=top-at-mark-start (previous, next)
|   0|0x0000000701800000, 0x0000000701a00000, 0x0000000701a00000|100%| O|  |TAMS 0x0000000701800000, 0x0000000701a00000| Untracked 
|   1|0x0000000701a00000, 0x0000000701bc0600, 0x0000000701c00000| 87%| O|  |TAMS 0x0000000701a00000, 0x0000000701bc0600| Untracked 
|   2|0x0000000701c00000, 0x0000000701e00000, 0x0000000701e00000|100%|HS|  |TAMS 0x0000000701c00000, 0x0000000701e00000| Complete 
|   3|0x0000000701e00000, 0x0000000702000000, 0x0000000702000000|100%|HS|  |TAMS 0x0000000701e00000, 0x0000000702000000| Complete 
|   4|0x0000000702000000, 0x0000000702000000, 0x0000000702200000|  0%| F|  |TAMS 0x0000000702000000, 0x0000000702000000| Untracked 
|   5|0x0000000702200000, 0x0000000702200000, 0x0000000702400000|  0%| F|  |TAMS 0x0000000702200000, 0x0000000702200000| Untracked 
|   6|0x0000000702400000, 0x0000000702400000, 0x0000000702600000|  0%| F|  |TAMS 0x0000000702400000, 0x0000000702400000| Untracked 
|   7|0x0000000702600000, 0x0000000702600000, 0x0000000702800000|  0%| F|  |TAMS 0x0000000702600000, 0x0000000702600000| Untracked 
|   8|0x0000000702800000, 0x0000000702800000, 0x0000000702a00000|  0%| F|  |TAMS 0x0000000702800000, 0x0000000702800000| Untracked 
|   9|0x0000000702a00000, 0x0000000702a00000, 0x0000000702c00000|  0%| F|  |TAMS 0x0000000702a00000, 0x0000000702a00000| Untracked 
|  10|0x0000000702c00000, 0x0000000702c00000, 0x0000000702e00000|  0%| F|  |TAMS 0x0000000702c00000, 0x0000000702c00000| Untracked 
|  11|0x0000000702e00000, 0x0000000702e00000, 0x0000000703000000|  0%| F|  |TAMS 0x0000000702e00000, 0x0000000702e00000| Untracked 
|  12|0x0000000703000000, 0x0000000703000000, 0x0000000703200000|  0%| F|  |TAMS 0x0000000703000000, 0x0000000703000000| Untracked 
|  13|0x0000000703200000, 0x0000000703200000, 0x0000000703400000|  0%| F|  |TAMS 0x0000000703200000, 0x0000000703200000| Untracked 
|  14|0x0000000703400000, 0x0000000703400000, 0x0000000703600000|  0%| F|  |TAMS 0x0000000703400000, 0x0000000703400000| Untracked 
|  15|0x0000000703600000, 0x0000000703600000, 0x0000000703800000|  0%| F|  |TAMS 0x0000000703600000, 0x0000000703600000| Untracked 
|  16|0x0000000703800000, 0x0000000703800000, 0x0000000703a00000|  0%| F|  |TAMS 0x0000000703800000, 0x0000000703800000| Untracked 
|  17|0x0000000703a00000, 0x0000000703a00000, 0x0000000703c00000|  0%| F|  |TAMS 0x0000000703a00000, 0x0000000703a00000| Untracked 
|  18|0x0000000703c00000, 0x0000000703c00000, 0x0000000703e00000|  0%| F|  |TAMS 0x0000000703c00000, 0x0000000703c00000| Untracked 
|  19|0x0000000703e00000, 0x0000000703e00000, 0x0000000704000000|  0%| F|  |TAMS 0x0000000703e00000, 0x0000000703e00000| Untracked 
|  20|0x0000000704000000, 0x0000000704000000, 0x0000000704200000|  0%| F|  |TAMS 0x0000000704000000, 0x0000000704000000| Untracked 
|  21|0x0000000704200000, 0x0000000704200000, 0x0000000704400000|  0%| F|  |TAMS 0x0000000704200000, 0x0000000704200000| Untracked 
|  22|0x0000000704400000, 0x0000000704400000, 0x0000000704600000|  0%| F|  |TAMS 0x0000000704400000, 0x0000000704400000| Untracked 
|  23|0x0000000704600000, 0x0000000704600000, 0x0000000704800000|  0%| F|  |TAMS 0x0000000704600000, 0x0000000704600000| Untracked 
|  24|0x0000000704800000, 0x0000000704800000, 0x0000000704a00000|  0%| F|  |TAMS 0x0000000704800000, 0x0000000704800000| Untracked 
|  25|0x0000000704a00000, 0x0000000704a00000, 0x0000000704c00000|  0%| F|  |TAMS 0x0000000704a00000, 0x0000000704a00000| Untracked 
|  26|0x0000000704c00000, 0x0000000704c00000, 0x0000000704e00000|  0%| F|  |TAMS 0x0000000704c00000, 0x0000000704c00000| Untracked 
|  27|0x0000000704e00000, 0x0000000704e00000, 0x0000000705000000|  0%| F|  |TAMS 0x0000000704e00000, 0x0000000704e00000| Untracked 
|  28|0x0000000705000000, 0x0000000705000000, 0x0000000705200000|  0%| F|  |TAMS 0x0000000705000000, 0x0000000705000000| Untracked 
|  29|0x0000000705200000, 0x0000000705200000, 0x0000000705400000|  0%| F|  |TAMS 0x0000000705200000, 0x0000000705200000| Untracked 
|  30|0x0000000705400000, 0x0000000705400000, 0x0000000705600000|  0%| F|  |TAMS 0x0000000705400000, 0x0000000705400000| Untracked 
|  31|0x0000000705600000, 0x0000000705600000, 0x0000000705800000|  0%| F|  |TAMS 0x0000000705600000, 0x0000000705600000| Untracked 
|  32|0x0000000705800000, 0x0000000705800000, 0x0000000705a00000|  0%| F|  |TAMS 0x0000000705800000, 0x0000000705800000| Untracked 
|  33|0x0000000705a00000, 0x0000000705a00000, 0x0000000705c00000|  0%| F|  |TAMS 0x0000000705a00000, 0x0000000705a00000| Untracked 
|  34|0x0000000705c00000, 0x0000000705c00000, 0x0000000705e00000|  0%| F|  |TAMS 0x0000000705c00000, 0x0000000705c00000| Untracked 
|  35|0x0000000705e00000, 0x0000000705e00000, 0x0000000706000000|  0%| F|  |TAMS 0x0000000705e00000, 0x0000000705e00000| Untracked 
|  36|0x0000000706000000, 0x0000000706000000, 0x0000000706200000|  0%| F|  |TAMS 0x0000000706000000, 0x0000000706000000| Untracked 
|  37|0x0000000706200000, 0x0000000706200000, 0x0000000706400000|  0%| F|  |TAMS 0x0000000706200000, 0x0000000706200000| Untracked 
|  38|0x0000000706400000, 0x0000000706400000, 0x0000000706600000|  0%| F|  |TAMS 0x0000000706400000, 0x0000000706400000| Untracked 
|  39|0x0000000706600000, 0x0000000706600000, 0x0000000706800000|  0%| F|  |TAMS 0x0000000706600000, 0x0000000706600000| Untracked 
|  40|0x0000000706800000, 0x0000000706800000, 0x0000000706a00000|  0%| F|  |TAMS 0x0000000706800000, 0x0000000706800000| Untracked 
|  41|0x0000000706a00000, 0x0000000706a00000, 0x0000000706c00000|  0%| F|  |TAMS 0x0000000706a00000, 0x0000000706a00000| Untracked 
|  42|0x0000000706c00000, 0x0000000706c00000, 0x0000000706e00000|  0%| F|  |TAMS 0x0000000706c00000, 0x0000000706c00000| Untracked 
|  43|0x0000000706e00000, 0x0000000706e00000, 0x0000000707000000|  0%| F|  |TAMS 0x0000000706e00000, 0x0000000706e00000| Untracked 
|  44|0x0000000707000000, 0x0000000707000000, 0x0000000707200000|  0%| F|  |TAMS 0x0000000707000000, 0x0000000707000000| Untracked 
|  45|0x0000000707200000, 0x0000000707200000, 0x0000000707400000|  0%| F|  |TAMS 0x0000000707200000, 0x0000000707200000| Untracked 
|  46|0x0000000707400000, 0x0000000707400000, 0x0000000707600000|  0%| F|  |TAMS 0x0000000707400000, 0x0000000707400000| Untracked 
|  47|0x0000000707600000, 0x0000000707600000, 0x0000000707800000|  0%| F|  |TAMS 0x0000000707600000, 0x0000000707600000| Untracked 
|  48|0x0000000707800000, 0x0000000707800000, 0x0000000707a00000|  0%| F|  |TAMS 0x0000000707800000, 0x0000000707800000| Untracked 
|  49|0x0000000707a00000, 0x0000000707a00000, 0x0000000707c00000|  0%| F|  |TAMS 0x0000000707a00000, 0x0000000707a00000| Untracked 
|  50|0x0000000707c00000, 0x0000000707c00000, 0x0000000707e00000|  0%| F|  |TAMS 0x0000000707c00000, 0x0000000707c00000| Untracked 
|  51|0x0000000707e00000, 0x0000000707e00000, 0x0000000708000000|  0%| F|  |TAMS 0x0000000707e00000, 0x0000000707e00000| Untracked 
|  52|0x0000000708000000, 0x0000000708000000, 0x0000000708200000|  0%| F|  |TAMS 0x0000000708000000, 0x0000000708000000| Untracked 
|  53|0x0000000708200000, 0x0000000708200000, 0x0000000708400000|  0%| F|  |TAMS 0x0000000708200000, 0x0000000708200000| Untracked 
|  54|0x0000000708400000, 0x0000000708400000, 0x0000000708600000|  0%| F|  |TAMS 0x0000000708400000, 0x0000000708400000| Untracked 
|  55|0x0000000708600000, 0x0000000708600000, 0x0000000708800000|  0%| F|  |TAMS 0x0000000708600000, 0x0000000708600000| Untracked 
|  56|0x0000000708800000, 0x0000000708800000, 0x0000000708a00000|  0%| F|  |TAMS 0x0000000708800000, 0x0000000708800000| Untracked 
|  57|0x0000000708a00000, 0x0000000708a00000, 0x0000000708c00000|  0%| F|  |TAMS 0x0000000708a00000, 0x0000000708a00000| Untracked 
|  58|0x0000000708c00000, 0x0000000708c00000, 0x0000000708e00000|  0%| F|  |TAMS 0x0000000708c00000, 0x0000000708c00000| Untracked 
|  59|0x0000000708e00000, 0x0000000708e00000, 0x0000000709000000|  0%| F|  |TAMS 0x0000000708e00000, 0x0000000708e00000| Untracked 
|  60|0x0000000709000000, 0x0000000709000000, 0x0000000709200000|  0%| F|  |TAMS 0x0000000709000000, 0x0000000709000000| Untracked 
|  61|0x0000000709200000, 0x0000000709200000, 0x0000000709400000|  0%| F|  |TAMS 0x0000000709200000, 0x0000000709200000| Untracked 
|  62|0x0000000709400000, 0x0000000709400000, 0x0000000709600000|  0%| F|  |TAMS 0x0000000709400000, 0x0000000709400000| Untracked 
|  63|0x0000000709600000, 0x0000000709600000, 0x0000000709800000|  0%| F|  |TAMS 0x0000000709600000, 0x0000000709600000| Untracked 
|  64|0x0000000709800000, 0x0000000709800000, 0x0000000709a00000|  0%| F|  |TAMS 0x0000000709800000, 0x0000000709800000| Untracked 
|  65|0x0000000709a00000, 0x0000000709a00000, 0x0000000709c00000|  0%| F|  |TAMS 0x0000000709a00000, 0x0000000709a00000| Untracked 
|  66|0x0000000709c00000, 0x0000000709c00000, 0x0000000709e00000|  0%| F|  |TAMS 0x0000000709c00000, 0x0000000709c00000| Untracked 
|  67|0x0000000709e00000, 0x0000000709e00000, 0x000000070a000000|  0%| F|  |TAMS 0x0000000709e00000, 0x0000000709e00000| Untracked 
|  68|0x000000070a000000, 0x000000070a000000, 0x000000070a200000|  0%| F|  |TAMS 0x000000070a000000, 0x000000070a000000| Untracked 
|  69|0x000000070a200000, 0x000000070a200000, 0x000000070a400000|  0%| F|  |TAMS 0x000000070a200000, 0x000000070a200000| Untracked 
|  70|0x000000070a400000, 0x000000070a4ae210, 0x000000070a600000| 34%| S|CS|TAMS 0x000000070a400000, 0x000000070a400000| Complete 
|  71|0x000000070a600000, 0x000000070a800000, 0x000000070a800000|100%| S|CS|TAMS 0x000000070a600000, 0x000000070a600000| Complete 
|  72|0x000000070a800000, 0x000000070aa00000, 0x000000070aa00000|100%| S|CS|TAMS 0x000000070a800000, 0x000000070a800000| Complete 
|  73|0x000000070aa00000, 0x000000070ac00000, 0x000000070ac00000|100%| S|CS|TAMS 0x000000070aa00000, 0x000000070aa00000| Complete 
|  74|0x000000070ac00000, 0x000000070ae00000, 0x000000070ae00000|100%| S|CS|TAMS 0x000000070ac00000, 0x000000070ac00000| Complete 
|  75|0x000000070ae00000, 0x000000070b000000, 0x000000070b000000|100%| S|CS|TAMS 0x000000070ae00000, 0x000000070ae00000| Complete 
|  76|0x000000070b000000, 0x000000070b000000, 0x000000070b200000|  0%| F|  |TAMS 0x000000070b000000, 0x000000070b000000| Untracked 
|  77|0x000000070b200000, 0x000000070b200000, 0x000000070b400000|  0%| F|  |TAMS 0x000000070b200000, 0x000000070b200000| Untracked 
|  78|0x000000070b400000, 0x000000070b400000, 0x000000070b600000|  0%| F|  |TAMS 0x000000070b400000, 0x000000070b400000| Untracked 
|  79|0x000000070b600000, 0x000000070b600000, 0x000000070b800000|  0%| F|  |TAMS 0x000000070b600000, 0x000000070b600000| Untracked 
|  80|0x000000070b800000, 0x000000070b800000, 0x000000070ba00000|  0%| F|  |TAMS 0x000000070b800000, 0x000000070b800000| Untracked 
|  81|0x000000070ba00000, 0x000000070ba00000, 0x000000070bc00000|  0%| F|  |TAMS 0x000000070ba00000, 0x000000070ba00000| Untracked 
|  82|0x000000070bc00000, 0x000000070bc00000, 0x000000070be00000|  0%| F|  |TAMS 0x000000070bc00000, 0x000000070bc00000| Untracked 
|  83|0x000000070be00000, 0x000000070be00000, 0x000000070c000000|  0%| F|  |TAMS 0x000000070be00000, 0x000000070be00000| Untracked 
|  84|0x000000070c000000, 0x000000070c000000, 0x000000070c200000|  0%| F|  |TAMS 0x000000070c000000, 0x000000070c000000| Untracked 
|  85|0x000000070c200000, 0x000000070c200000, 0x000000070c400000|  0%| F|  |TAMS 0x000000070c200000, 0x000000070c200000| Untracked 
|  86|0x000000070c400000, 0x000000070c400000, 0x000000070c600000|  0%| F|  |TAMS 0x000000070c400000, 0x000000070c400000| Untracked 
|  87|0x000000070c600000, 0x000000070c600000, 0x000000070c800000|  0%| F|  |TAMS 0x000000070c600000, 0x000000070c600000| Untracked 
|  88|0x000000070c800000, 0x000000070c800000, 0x000000070ca00000|  0%| F|  |TAMS 0x000000070c800000, 0x000000070c800000| Untracked 
|  89|0x000000070ca00000, 0x000000070ca00000, 0x000000070cc00000|  0%| F|  |TAMS 0x000000070ca00000, 0x000000070ca00000| Untracked 
|  90|0x000000070cc00000, 0x000000070cc00000, 0x000000070ce00000|  0%| F|  |TAMS 0x000000070cc00000, 0x000000070cc00000| Untracked 
|  91|0x000000070ce00000, 0x000000070ce00000, 0x000000070d000000|  0%| F|  |TAMS 0x000000070ce00000, 0x000000070ce00000| Untracked 
|  92|0x000000070d000000, 0x000000070d000000, 0x000000070d200000|  0%| F|  |TAMS 0x000000070d000000, 0x000000070d000000| Untracked 
|  93|0x000000070d200000, 0x000000070d200000, 0x000000070d400000|  0%| F|  |TAMS 0x000000070d200000, 0x000000070d200000| Untracked 
|  94|0x000000070d400000, 0x000000070d400000, 0x000000070d600000|  0%| F|  |TAMS 0x000000070d400000, 0x000000070d400000| Untracked 
|  95|0x000000070d600000, 0x000000070d600000, 0x000000070d800000|  0%| F|  |TAMS 0x000000070d600000, 0x000000070d600000| Untracked 
|  96|0x000000070d800000, 0x000000070d800000, 0x000000070da00000|  0%| F|  |TAMS 0x000000070d800000, 0x000000070d800000| Untracked 
|  97|0x000000070da00000, 0x000000070da00000, 0x000000070dc00000|  0%| F|  |TAMS 0x000000070da00000, 0x000000070da00000| Untracked 
|  98|0x000000070dc00000, 0x000000070dc00000, 0x000000070de00000|  0%| F|  |TAMS 0x000000070dc00000, 0x000000070dc00000| Untracked 
|  99|0x000000070de00000, 0x000000070de00000, 0x000000070e000000|  0%| F|  |TAMS 0x000000070de00000, 0x000000070de00000| Untracked 
| 100|0x000000070e000000, 0x000000070e000000, 0x000000070e200000|  0%| F|  |TAMS 0x000000070e000000, 0x000000070e000000| Untracked 
| 101|0x000000070e200000, 0x000000070e200000, 0x000000070e400000|  0%| F|  |TAMS 0x000000070e200000, 0x000000070e200000| Untracked 
| 102|0x000000070e400000, 0x000000070e400000, 0x000000070e600000|  0%| F|  |TAMS 0x000000070e400000, 0x000000070e400000| Untracked 
| 103|0x000000070e600000, 0x000000070e600000, 0x000000070e800000|  0%| F|  |TAMS 0x000000070e600000, 0x000000070e600000| Untracked 
| 104|0x000000070e800000, 0x000000070e800000, 0x000000070ea00000|  0%| F|  |TAMS 0x000000070e800000, 0x000000070e800000| Untracked 
| 105|0x000000070ea00000, 0x000000070ea00000, 0x000000070ec00000|  0%| F|  |TAMS 0x000000070ea00000, 0x000000070ea00000| Untracked 
| 106|0x000000070ec00000, 0x000000070ec00000, 0x000000070ee00000|  0%| F|  |TAMS 0x000000070ec00000, 0x000000070ec00000| Untracked 
| 107|0x000000070ee00000, 0x000000070ee00000, 0x000000070f000000|  0%| F|  |TAMS 0x000000070ee00000, 0x000000070ee00000| Untracked 
| 108|0x000000070f000000, 0x000000070f000000, 0x000000070f200000|  0%| F|  |TAMS 0x000000070f000000, 0x000000070f000000| Untracked 
| 109|0x000000070f200000, 0x000000070f200000, 0x000000070f400000|  0%| F|  |TAMS 0x000000070f200000, 0x000000070f200000| Untracked 
| 110|0x000000070f400000, 0x000000070f400000, 0x000000070f600000|  0%| F|  |TAMS 0x000000070f400000, 0x000000070f400000| Untracked 
| 111|0x000000070f600000, 0x000000070f600000, 0x000000070f800000|  0%| F|  |TAMS 0x000000070f600000, 0x000000070f600000| Untracked 
| 112|0x000000070f800000, 0x000000070f800000, 0x000000070fa00000|  0%| F|  |TAMS 0x000000070f800000, 0x000000070f800000| Untracked 
| 113|0x000000070fa00000, 0x000000070fa00000, 0x000000070fc00000|  0%| F|  |TAMS 0x000000070fa00000, 0x000000070fa00000| Untracked 
| 114|0x000000070fc00000, 0x000000070fc00000, 0x000000070fe00000|  0%| F|  |TAMS 0x000000070fc00000, 0x000000070fc00000| Untracked 
| 115|0x000000070fe00000, 0x000000070fe00000, 0x0000000710000000|  0%| F|  |TAMS 0x000000070fe00000, 0x000000070fe00000| Untracked 
| 116|0x0000000710000000, 0x0000000710000000, 0x0000000710200000|  0%| F|  |TAMS 0x0000000710000000, 0x0000000710000000| Untracked 
| 117|0x0000000710200000, 0x0000000710200000, 0x0000000710400000|  0%| F|  |TAMS 0x0000000710200000, 0x0000000710200000| Untracked 
| 118|0x0000000710400000, 0x0000000710400000, 0x0000000710600000|  0%| F|  |TAMS 0x0000000710400000, 0x0000000710400000| Untracked 
| 119|0x0000000710600000, 0x0000000710600000, 0x0000000710800000|  0%| F|  |TAMS 0x0000000710600000, 0x0000000710600000| Untracked 
| 120|0x0000000710800000, 0x0000000710800000, 0x0000000710a00000|  0%| F|  |TAMS 0x0000000710800000, 0x0000000710800000| Untracked 
| 121|0x0000000710a00000, 0x0000000710a00000, 0x0000000710c00000|  0%| F|  |TAMS 0x0000000710a00000, 0x0000000710a00000| Untracked 
| 122|0x0000000710c00000, 0x0000000710c00000, 0x0000000710e00000|  0%| F|  |TAMS 0x0000000710c00000, 0x0000000710c00000| Untracked 
| 123|0x0000000710e00000, 0x0000000710e00000, 0x0000000711000000|  0%| F|  |TAMS 0x0000000710e00000, 0x0000000710e00000| Untracked 
| 124|0x0000000711000000, 0x0000000711000000, 0x0000000711200000|  0%| F|  |TAMS 0x0000000711000000, 0x0000000711000000| Untracked 
| 125|0x0000000711200000, 0x0000000711200000, 0x0000000711400000|  0%| F|  |TAMS 0x0000000711200000, 0x0000000711200000| Untracked 
| 126|0x0000000711400000, 0x0000000711600000, 0x0000000711600000|100%| E|  |TAMS 0x0000000711400000, 0x0000000711400000| Complete 
| 127|0x0000000711600000, 0x0000000711800000, 0x0000000711800000|100%| E|CS|TAMS 0x0000000711600000, 0x0000000711600000| Complete 

Card table byte_map: [0x0000017225050000,0x0000017225850000] _byte_map_base: 0x0000017221844000

Marking Bits (Prev, Next): (CMBitMap*) 0x000001720dec5ea0, (CMBitMap*) 0x000001720dec5ee0
 Prev Bits: [0x0000017226050000, 0x0000017229ff0000)
 Next Bits: [0x0000017229ff0000, 0x000001722df90000)

Polling page: 0x000001720ab70000

Metaspace:

Usage:
  Non-class:     19.39 MB used.
      Class:      2.52 MB used.
       Both:     21.91 MB used.

Virtual space:
  Non-class space:       24.00 MB reserved,      19.50 MB ( 81%) committed,  3 nodes.
      Class space:        1.00 GB reserved,       2.62 MB ( <1%) committed,  1 nodes.
             Both:        1.02 GB reserved,      22.12 MB (  2%) committed. 

Chunk freelists:
   Non-Class:  3.77 MB
       Class:  1.31 MB
        Both:  5.08 MB

MaxMetaspaceSize: unlimited
CompressedClassSpaceSize: 1.00 GB
Initial GC threshold: 21.00 MB
Current GC threshold: 22.25 MB
CDS: on
MetaspaceReclaimPolicy: balanced
 - commit_granule_bytes: 65536.
 - commit_granule_words: 8192.
 - virtual_space_node_default_size: 1048576.
 - enlarge_chunks_in_place: 1.
 - new_chunks_are_fully_committed: 0.
 - uncommit_free_chunks: 1.
 - use_allocation_guard: 0.
 - handle_deallocations: 1.


Internal statistics:

num_allocs_failed_limit: 12.
num_arena_births: 126.
num_arena_deaths: 0.
num_vsnodes_births: 4.
num_vsnodes_deaths: 0.
num_space_committed: 354.
num_space_uncommitted: 0.
num_chunks_returned_to_freelist: 12.
num_chunks_taken_from_freelist: 908.
num_chunk_merges: 12.
num_chunk_splits: 663.
num_chunks_enlarged: 508.
num_purges: 0.
num_inconsistent_stats: 0.

CodeHeap 'non-profiled nmethods': size=120000Kb used=1911Kb max_used=1911Kb free=118089Kb
 bounds [0x000001721d210000, 0x000001721d480000, 0x0000017224740000]
CodeHeap 'profiled nmethods': size=120000Kb used=8200Kb max_used=8200Kb free=111799Kb
 bounds [0x0000017215ce0000, 0x00000172164f0000, 0x000001721d210000]
CodeHeap 'non-nmethods': size=5760Kb used=1205Kb max_used=1246Kb free=4554Kb
 bounds [0x0000017215740000, 0x00000172159b0000, 0x0000017215ce0000]
 total_blobs=4591 nmethods=4086 adapters=417
 compilation: enabled
              stopped_count=0, restarted_count=0
 full_count=0

Compilation events (20 events):
Event: 2.022 Thread 0x00000172307da5e0 3986       3       com.sun.tools.javac.util.Assert::checkNonNull (9 bytes)
Event: 2.022 Thread 0x00000172307da5e0 nmethod 3986 0x000001721646bc10 code [0x000001721646bdc0, 0x000001721646c028]
Event: 2.022 Thread 0x00000172307da5e0 3982       3       com.sun.tools.javac.util.SharedNameTable$NameImpl::<init> (6 bytes)
Event: 2.022 Thread 0x00000172307da5e0 nmethod 3982 0x000001721646c190 code [0x000001721646c340, 0x000001721646c578]
Event: 2.022 Thread 0x00000172307da5e0 3984       3       java.lang.invoke.DirectMethodHandle$Holder::newInvokeSpecial (21 bytes)
Event: 2.023 Thread 0x00000172307da5e0 nmethod 3984 0x000001721646c690 code [0x000001721646c880, 0x000001721646d028]
Event: 2.023 Thread 0x00000172307da5e0 3985       1       com.sun.tools.javac.code.Symbol$PackageSymbol::getQualifiedName (5 bytes)
Event: 2.023 Thread 0x00000172307da5e0 nmethod 3985 0x000001721d3df010 code [0x000001721d3df1a0, 0x000001721d3df278]
Event: 2.023 Thread 0x00000172307da5e0 3987       3       com.sun.tools.javac.util.Name$Table::equals (44 bytes)
Event: 2.023 Thread 0x00000172307da5e0 nmethod 3987 0x000001721646d210 code [0x000001721646d3c0, 0x000001721646d638]
Event: 2.023 Thread 0x0000017231458720 nmethod 3973 0x000001721d3df310 code [0x000001721d3df4e0, 0x000001721d3e0178]
Event: 2.025 Thread 0x0000017231458720 3988       4       jdk.internal.jimage.BasicImageReader::match (37 bytes)
Event: 2.030 Thread 0x0000017231458720 nmethod 3988 0x000001721d3e0890 code [0x000001721d3e0a40, 0x000001721d3e0e48]
Event: 2.031 Thread 0x0000017231458720 3989   !   4       jdk.internal.loader.BuiltinClassLoader::loadClassOrNull (143 bytes)
Event: 2.043 Thread 0x00000172307da5e0 3992       3       java.lang.ref.Reference::enqueueFromPending (19 bytes)
Event: 2.043 Thread 0x00000172307da5e0 nmethod 3992 0x000001721646d790 code [0x000001721646d940, 0x000001721646db68]
Event: 2.043 Thread 0x00000172307da5e0 3993   !   3       java.lang.ref.ReferenceQueue::enqueue (119 bytes)
Event: 2.043 Thread 0x00000172307da5e0 nmethod 3993 0x000001721646dc10 code [0x000001721646de00, 0x000001721646e508]
Event: 2.046 Thread 0x00000172307a4a70 nmethod 3972 0x000001721d3e1690 code [0x000001721d3e1880, 0x000001721d3e3218]
Event: 2.046 Thread 0x00000172307a4a70 3990       4       java.lang.StringBuilder::append (8 bytes)

GC Heap History (6 events):
Event: 0.464 GC heap before
{Heap before GC invocations=0 (full 0):
 garbage-first heap   total 262144K, used 20480K [0x0000000701800000, 0x0000000800000000)
  region size 2048K, 10 young (20480K), 0 survivors (0K)
 Metaspace       used 5622K, committed 5824K, reserved 1056768K
  class space    used 645K, committed 704K, reserved 1048576K
}
Event: 0.467 GC heap after
{Heap after GC invocations=1 (full 0):
 garbage-first heap   total 262144K, used 3855K [0x0000000701800000, 0x0000000800000000)
  region size 2048K, 2 young (4096K), 2 survivors (4096K)
 Metaspace       used 5622K, committed 5824K, reserved 1056768K
  class space    used 645K, committed 704K, reserved 1048576K
}
Event: 0.724 GC heap before
{Heap before GC invocations=1 (full 0):
 garbage-first heap   total 262144K, used 28431K [0x0000000701800000, 0x0000000800000000)
  region size 2048K, 14 young (28672K), 2 survivors (4096K)
 Metaspace       used 8862K, committed 9088K, reserved 1064960K
  class space    used 1049K, committed 1152K, reserved 1048576K
}
Event: 0.727 GC heap after
{Heap after GC invocations=2 (full 0):
 garbage-first heap   total 262144K, used 5414K [0x0000000701800000, 0x0000000800000000)
  region size 2048K, 1 young (2048K), 1 survivors (2048K)
 Metaspace       used 8862K, committed 9088K, reserved 1064960K
  class space    used 1049K, committed 1152K, reserved 1048576K
}
Event: 2.036 GC heap before
{Heap before GC invocations=2 (full 0):
 garbage-first heap   total 262144K, used 111910K [0x0000000701800000, 0x0000000800000000)
  region size 2048K, 52 young (106496K), 1 survivors (2048K)
 Metaspace       used 21256K, committed 21504K, reserved 1073152K
  class space    used 2481K, committed 2624K, reserved 1048576K
}
Event: 2.042 GC heap after
{Heap after GC invocations=3 (full 0):
 garbage-first heap   total 262144K, used 18874K [0x0000000701800000, 0x0000000800000000)
  region size 2048K, 6 young (12288K), 6 survivors (12288K)
 Metaspace       used 21256K, committed 21504K, reserved 1073152K
  class space    used 2481K, committed 2624K, reserved 1048576K
}

Deoptimization events (20 events):
Event: 1.856 Thread 0x000001720de60830 Uncommon trap: trap_request=0xffffff45 fr.pc=0x000001721d23a560 relative=0x0000000000000140
Event: 1.856 Thread 0x000001720de60830 Uncommon trap: reason=unstable_if action=reinterpret pc=0x000001721d23a560 method=java.lang.AbstractStringBuilder.putStringAt(ILjava/lang/String;II)V @ 8 c2
Event: 1.856 Thread 0x000001720de60830 DEOPT PACKING pc=0x000001721d23a560 sp=0x0000005d4a0fc0a0
Event: 1.856 Thread 0x000001720de60830 DEOPT UNPACKING pc=0x00000172157923a3 sp=0x0000005d4a0fbfe8 mode 2
Event: 1.856 Thread 0x000001720de60830 Uncommon trap: trap_request=0xffffff45 fr.pc=0x000001721d2d45b8 relative=0x0000000000000418
Event: 1.856 Thread 0x000001720de60830 Uncommon trap: reason=unstable_if action=reinterpret pc=0x000001721d2d45b8 method=java.lang.StringBuilder.toString()Ljava/lang/String; @ 4 c2
Event: 1.856 Thread 0x000001720de60830 DEOPT PACKING pc=0x000001721d2d45b8 sp=0x0000005d4a0fc170
Event: 1.856 Thread 0x000001720de60830 DEOPT UNPACKING pc=0x00000172157923a3 sp=0x0000005d4a0fc150 mode 2
Event: 1.868 Thread 0x000001720de60830 Uncommon trap: trap_request=0xffffff45 fr.pc=0x000001721d3c37c8 relative=0x0000000000000228
Event: 1.868 Thread 0x000001720de60830 Uncommon trap: reason=unstable_if action=reinterpret pc=0x000001721d3c37c8 method=jdk.nio.zipfs.ZipFileSystem$IndexNode.normalize([B)[B @ 66 c2
Event: 1.868 Thread 0x000001720de60830 DEOPT PACKING pc=0x000001721d3c37c8 sp=0x0000005d4a0fc420
Event: 1.868 Thread 0x000001720de60830 DEOPT UNPACKING pc=0x00000172157923a3 sp=0x0000005d4a0fc398 mode 2
Event: 1.888 Thread 0x000001720de60830 Uncommon trap: trap_request=0xffffff45 fr.pc=0x000001721d3c3c54 relative=0x0000000000000154
Event: 1.888 Thread 0x000001720de60830 Uncommon trap: reason=unstable_if action=reinterpret pc=0x000001721d3c3c54 method=java.util.Arrays.hashCode([B)I @ 1 c2
Event: 1.888 Thread 0x000001720de60830 DEOPT PACKING pc=0x000001721d3c3c54 sp=0x0000005d4a0fd340
Event: 1.888 Thread 0x000001720de60830 DEOPT UNPACKING pc=0x00000172157923a3 sp=0x0000005d4a0fd2b0 mode 2
Event: 1.889 Thread 0x000001720de60830 Uncommon trap: trap_request=0xffffff45 fr.pc=0x000001721d3c6380 relative=0x00000000000000e0
Event: 1.889 Thread 0x000001720de60830 Uncommon trap: reason=unstable_if action=reinterpret pc=0x000001721d3c6380 method=jdk.nio.zipfs.ZipConstants.pkSigAt([BIII)Z @ 5 c2
Event: 1.889 Thread 0x000001720de60830 DEOPT PACKING pc=0x000001721d3c6380 sp=0x0000005d4a0fd190
Event: 1.889 Thread 0x000001720de60830 DEOPT UNPACKING pc=0x00000172157923a3 sp=0x0000005d4a0fd138 mode 2

Classes unloaded (0 events):
No events

Classes redefined (0 events):
No events

Internal exceptions (20 events):
Event: 1.120 Thread 0x000001720de60830 Implicit null exception at 0x000001721d2a2690 to 0x000001721d2a2aa8
Event: 1.121 Thread 0x000001720de60830 Implicit null exception at 0x000001721d25cb0f to 0x000001721d25cb89
Event: 1.808 Thread 0x000001720de60830 Exception <a 'java/lang/NoSuchMethodError'{0x000000070bd7f378}: 'void java.lang.invoke.DirectMethodHandle$Holder.invokeSpecial(java.lang.Object, java.lang.Object, java.lang.Object)'> (0x000000070bd7f378) 
thrown [t:\workspace\open\src\hotspot\share\interpreter\linkResolver.cpp, line 766]
Event: 1.831 Thread 0x000001720de60830 Exception <a 'java/lang/NoSuchMethodError'{0x000000070bdef4c8}: 'java.lang.Object java.lang.invoke.DirectMethodHandle$Holder.invokeVirtual(java.lang.Object, java.lang.Object, java.lang.Object)'> (0x000000070bdef4c8) 
thrown [t:\workspace\open\src\hotspot\share\interpreter\linkResolver.cpp, line 766]
Event: 1.832 Thread 0x000001720de60830 Exception <a 'java/lang/NoSuchMethodError'{0x000000070bdf72d8}: 'int java.lang.invoke.DirectMethodHandle$Holder.invokeInterface(java.lang.Object, java.lang.Object)'> (0x000000070bdf72d8) 
thrown [t:\workspace\open\src\hotspot\share\interpreter\linkResolver.cpp, line 766]
Event: 1.846 Thread 0x000001720de60830 Exception <a 'java/lang/NoSuchMethodError'{0x000000070baeb810}: 'int java.lang.invoke.DirectMethodHandle$Holder.invokeVirtual(java.lang.Object, java.lang.Object, java.lang.Object)'> (0x000000070baeb810) 
thrown [t:\workspace\open\src\hotspot\share\interpreter\linkResolver.cpp, line 766]
Event: 1.846 Thread 0x000001720de60830 Exception <a 'java/lang/NoSuchMethodError'{0x000000070baf20d8}: 'void java.lang.invoke.DirectMethodHandle$Holder.invokeInterface(java.lang.Object, java.lang.Object, java.lang.Object)'> (0x000000070baf20d8) 
thrown [t:\workspace\open\src\hotspot\share\interpreter\linkResolver.cpp, line 766]
Event: 1.848 Thread 0x000001720de60830 Exception <a 'java/lang/NoSuchMethodError'{0x000000070bafe030}: 'int java.lang.invoke.DirectMethodHandle$Holder.invokeStaticInit(java.lang.Object, java.lang.Object, java.lang.Object)'> (0x000000070bafe030) 
thrown [t:\workspace\open\src\hotspot\share\interpreter\linkResolver.cpp, line 766]
Event: 1.856 Thread 0x000001720de60830 Exception <a 'java/lang/NoSuchMethodError'{0x000000070bb15038}: 'java.lang.Object java.lang.invoke.DirectMethodHandle$Holder.invokeInterface(java.lang.Object, java.lang.Object)'> (0x000000070bb15038) 
thrown [t:\workspace\open\src\hotspot\share\interpreter\linkResolver.cpp, line 766]
Event: 1.885 Thread 0x000001720de60830 Exception <a 'java/lang/NoSuchMethodError'{0x000000070b6b26c0}: 'int java.lang.invoke.DirectMethodHandle$Holder.invokeSpecial(java.lang.Object, java.lang.Object, java.lang.Object)'> (0x000000070b6b26c0) 
thrown [t:\workspace\open\src\hotspot\share\interpreter\linkResolver.cpp, line 766]
Event: 1.888 Thread 0x000001720de60830 Implicit null exception at 0x000001721d3c3b0c to 0x000001721d3c3c46
Event: 1.911 Thread 0x000001720de60830 Exception <a 'java/lang/NoSuchMethodError'{0x000000070b293ca8}: 'java.lang.Object java.lang.invoke.DirectMethodHandle$Holder.invokeStatic(java.lang.Object, int, java.lang.Object)'> (0x000000070b293ca8) 
thrown [t:\workspace\open\src\hotspot\share\interpreter\linkResolver.cpp, line 766]
Event: 1.914 Thread 0x000001720de60830 Exception <a 'java/lang/NoSuchMethodError'{0x000000070b2aceb0}: 'void java.lang.invoke.DirectMethodHandle$Holder.invokeStatic(java.lang.Object, java.lang.Object, java.lang.Object)'> (0x000000070b2aceb0) 
thrown [t:\workspace\open\src\hotspot\share\interpreter\linkResolver.cpp, line 766]
Event: 1.924 Thread 0x000001720de60830 Exception <a 'sun/nio/fs/WindowsException'{0x000000070b30f600}> (0x000000070b30f600) 
thrown [t:\workspace\open\src\hotspot\share\prims\jni.cpp, line 516]
Event: 1.924 Thread 0x000001720de60830 Exception <a 'sun/nio/fs/WindowsException'{0x000000070b30f8d0}> (0x000000070b30f8d0) 
thrown [t:\workspace\open\src\hotspot\share\prims\jni.cpp, line 516]
Event: 1.964 Thread 0x000001720de60830 Exception <a 'java/lang/NoSuchMethodError'{0x000000070b011730}: 'int java.lang.invoke.DirectMethodHandle$Holder.invokeStaticInit(java.lang.Object, java.lang.Object)'> (0x000000070b011730) 
thrown [t:\workspace\open\src\hotspot\share\interpreter\linkResolver.cpp, line 766]
Event: 2.005 Thread 0x000001720de60830 Exception <a 'java/lang/NoSuchMethodError'{0x000000070b0aabd0}: 'int java.lang.invoke.DirectMethodHandle$Holder.invokeVirtual(java.lang.Object, java.lang.Object)'> (0x000000070b0aabd0) 
thrown [t:\workspace\open\src\hotspot\share\interpreter\linkResolver.cpp, line 766]
Event: 2.009 Thread 0x000001720de60830 Exception <a 'java/lang/NoSuchMethodError'{0x000000070b0db090}: 'java.lang.Object java.lang.invoke.DirectMethodHandle$Holder.newInvokeSpecial(java.lang.Object, java.lang.Object, java.lang.Object, java.lang.Object, java.lang.Object, java.lang.Object)'> (0x000000070b0db090) 
thrown [t:\workspace\open\src\hotspot\share\interpreter\linkResolver.cpp, line 766]
Event: 2.032 Thread 0x000001720de60830 Exception <a 'sun/nio/fs/WindowsException'{0x000000070b1333a8}> (0x000000070b1333a8) 
thrown [t:\workspace\open\src\hotspot\share\prims\jni.cpp, line 516]
Event: 2.032 Thread 0x000001720de60830 Exception <a 'sun/nio/fs/WindowsException'{0x000000070b133600}> (0x000000070b133600) 
thrown [t:\workspace\open\src\hotspot\share\prims\jni.cpp, line 516]

VM Operations (20 events):
Event: 1.740 Executing VM operation: HandshakeAllThreads
Event: 1.740 Executing VM operation: HandshakeAllThreads done
Event: 1.830 Executing VM operation: HandshakeAllThreads
Event: 1.830 Executing VM operation: HandshakeAllThreads done
Event: 1.850 Executing VM operation: HandshakeAllThreads
Event: 1.850 Executing VM operation: HandshakeAllThreads done
Event: 1.852 Executing VM operation: HandshakeAllThreads
Event: 1.852 Executing VM operation: HandshakeAllThreads done
Event: 1.854 Executing VM operation: HandshakeAllThreads
Event: 1.854 Executing VM operation: HandshakeAllThreads done
Event: 1.854 Executing VM operation: HandshakeAllThreads
Event: 1.854 Executing VM operation: HandshakeAllThreads done
Event: 1.859 Executing VM operation: HandshakeAllThreads
Event: 1.859 Executing VM operation: HandshakeAllThreads done
Event: 1.916 Executing VM operation: HandshakeAllThreads
Event: 1.916 Executing VM operation: HandshakeAllThreads done
Event: 1.916 Executing VM operation: HandshakeAllThreads
Event: 1.916 Executing VM operation: HandshakeAllThreads done
Event: 2.036 Executing VM operation: CollectForMetadataAllocation
Event: 2.042 Executing VM operation: CollectForMetadataAllocation done

Events (20 events):
Event: 1.913 loading class jdk/internal/jimage/ImageReader$Node done
Event: 1.913 loading class jdk/internal/jimage/ImageReader$Directory done
Event: 1.913 loading class jdk/internal/jrtfs/SystemImage$1
Event: 1.913 loading class jdk/internal/jrtfs/SystemImage$1 done
Event: 1.913 loading class java/io/BufferedReader$1
Event: 1.913 loading class java/io/BufferedReader$1 done
Event: 1.915 loading class jdk/internal/jimage/ImageReader$SharedImageReader$LocationVisitor
Event: 1.915 loading class jdk/internal/jimage/ImageReader$SharedImageReader$LocationVisitor done
Event: 1.915 loading class java/nio/ByteBufferAsIntBufferL
Event: 1.915 loading class java/nio/ByteBufferAsIntBufferL done
Event: 1.916 loading class jdk/internal/jimage/ImageReader$Resource
Event: 1.916 loading class jdk/internal/jimage/ImageReader$Resource done
Event: 1.916 loading class jdk/internal/jrtfs/JrtFileAttributes
Event: 1.916 loading class jdk/internal/jrtfs/JrtFileAttributes done
Event: 1.922 loading class java/util/concurrent/atomic/AtomicBoolean
Event: 1.922 loading class java/util/concurrent/atomic/AtomicBoolean done
Event: 1.924 loading class sun/nio/fs/WindowsException
Event: 1.924 loading class sun/nio/fs/WindowsException done
Event: 2.020 loading class java/lang/invoke/MethodHandle$1
Event: 2.020 loading class java/lang/invoke/MethodHandle$1 done


Dynamic libraries:
0x00007ff6474e0000 - 0x00007ff6474f0000 	C:\Program Files\Java\jdk-17.0.3.1\bin\java.exe
0x00007ff9c4230000 - 0x00007ff9c4425000 	C:\Windows\SYSTEM32\ntdll.dll
0x00007ff9c3150000 - 0x00007ff9c320d000 	C:\Windows\System32\KERNEL32.DLL
0x00007ff9c1b20000 - 0x00007ff9c1ded000 	C:\Windows\System32\KERNELBASE.dll
0x00007ff9c1e70000 - 0x00007ff9c1f70000 	C:\Windows\System32\ucrtbase.dll
0x00007ff9bef90000 - 0x00007ff9befa8000 	C:\Program Files\Java\jdk-17.0.3.1\bin\jli.dll
0x00007ff9b9800000 - 0x00007ff9b981a000 	C:\Program Files\Java\jdk-17.0.3.1\bin\VCRUNTIME140.dll
0x00007ff9c3ff0000 - 0x00007ff9c409e000 	C:\Windows\System32\ADVAPI32.dll
0x00007ff9c3050000 - 0x00007ff9c30ee000 	C:\Windows\System32\msvcrt.dll
0x00007ff9c3f50000 - 0x00007ff9c3fec000 	C:\Windows\System32\sechost.dll
0x00007ff9c2f20000 - 0x00007ff9c3045000 	C:\Windows\System32\RPCRT4.dll
0x00007ff9c2840000 - 0x00007ff9c29e0000 	C:\Windows\System32\USER32.dll
0x00007ff9c1df0000 - 0x00007ff9c1e12000 	C:\Windows\System32\win32u.dll
0x00007ff9b06a0000 - 0x00007ff9b093a000 	C:\Windows\WinSxS\amd64_microsoft.windows.common-controls_6595b64144ccf1df_6.0.19041.1110_none_60b5254171f9507e\COMCTL32.dll
0x00007ff9c3ec0000 - 0x00007ff9c3eea000 	C:\Windows\System32\GDI32.dll
0x00007ff9c1fa0000 - 0x00007ff9c20ab000 	C:\Windows\System32\gdi32full.dll
0x00007ff9c1940000 - 0x00007ff9c19dd000 	C:\Windows\System32\msvcp_win.dll
0x00007ff9bb4e0000 - 0x00007ff9bb4ea000 	C:\Windows\SYSTEM32\VERSION.dll
0x00007ff9c40a0000 - 0x00007ff9c40d0000 	C:\Windows\System32\IMM32.DLL
0x00007ff998560000 - 0x00007ff99873d000 	C:\Program Files (x86)\Steam\gameoverlayrenderer64.dll
0x00007ff9c2280000 - 0x00007ff9c23aa000 	C:\Windows\System32\ole32.dll
0x00007ff9c2a00000 - 0x00007ff9c2d54000 	C:\Windows\System32\combase.dll
0x00007ff9c2d70000 - 0x00007ff9c2e3d000 	C:\Windows\System32\OLEAUT32.dll
0x00007ff9c2d60000 - 0x00007ff9c2d68000 	C:\Windows\System32\PSAPI.DLL
0x00007ff9b92a0000 - 0x00007ff9b92c7000 	C:\Windows\SYSTEM32\WINMM.dll
0x00007ff9bef80000 - 0x00007ff9bef8c000 	C:\Program Files\Java\jdk-17.0.3.1\bin\vcruntime140_1.dll
0x00007ff9a9540000 - 0x00007ff9a95cd000 	C:\Program Files\Java\jdk-17.0.3.1\bin\msvcp140.dll
0x00007ff9676c0000 - 0x00007ff968280000 	C:\Program Files\Java\jdk-17.0.3.1\bin\server\jvm.dll
0x00007ff9befb0000 - 0x00007ff9befb9000 	C:\Windows\SYSTEM32\WSOCK32.dll
0x00007ff9c3210000 - 0x00007ff9c327b000 	C:\Windows\System32\WS2_32.dll
0x00007ff9bf860000 - 0x00007ff9bf872000 	C:\Windows\SYSTEM32\kernel.appcore.dll
0x00007ff9b3e10000 - 0x00007ff9b3e1a000 	C:\Program Files\Java\jdk-17.0.3.1\bin\jimage.dll
0x00007ff9b94b0000 - 0x00007ff9b9694000 	C:\Windows\SYSTEM32\DBGHELP.DLL
0x00007ff9b4a00000 - 0x00007ff9b4a2c000 	C:\Windows\SYSTEM32\dbgcore.DLL
0x00007ff9c1a90000 - 0x00007ff9c1b12000 	C:\Windows\System32\bcryptPrimitives.dll
0x00007ff9b97f0000 - 0x00007ff9b97fe000 	C:\Program Files\Java\jdk-17.0.3.1\bin\instrument.dll
0x00007ff9b2cf0000 - 0x00007ff9b2d15000 	C:\Program Files\Java\jdk-17.0.3.1\bin\java.dll
0x00007ff9a41c0000 - 0x00007ff9a4296000 	C:\Program Files\Java\jdk-17.0.3.1\bin\jsvml.dll
0x00007ff9c3680000 - 0x00007ff9c3dc4000 	C:\Windows\System32\SHELL32.dll
0x00007ff9bfa60000 - 0x00007ff9c01f4000 	C:\Windows\SYSTEM32\windows.storage.dll
0x00007ff9c13a0000 - 0x00007ff9c13cc000 	C:\Windows\SYSTEM32\Wldp.dll
0x00007ff9c3280000 - 0x00007ff9c332d000 	C:\Windows\System32\SHCORE.dll
0x00007ff9c3ef0000 - 0x00007ff9c3f45000 	C:\Windows\System32\shlwapi.dll
0x00007ff9c1880000 - 0x00007ff9c189f000 	C:\Windows\SYSTEM32\profapi.dll
0x00007ff9b0bb0000 - 0x00007ff9b0bc8000 	C:\Program Files\Java\jdk-17.0.3.1\bin\zip.dll
0x00007ff9b1f00000 - 0x00007ff9b1f19000 	C:\Program Files\Java\jdk-17.0.3.1\bin\net.dll
0x00007ff9ba2b0000 - 0x00007ff9ba3ba000 	C:\Windows\SYSTEM32\WINHTTP.dll
0x00007ff9c1100000 - 0x00007ff9c116a000 	C:\Windows\system32\mswsock.dll
0x00007ff9b0eb0000 - 0x00007ff9b0ec6000 	C:\Program Files\Java\jdk-17.0.3.1\bin\nio.dll
0x00007ff9aed10000 - 0x00007ff9aed2a000 	E:\JetBrains\IntelliJ IDEA 2022.1.1\bin\breakgen64.dll
0x00007ff9b6660000 - 0x00007ff9b6670000 	C:\Program Files\Java\jdk-17.0.3.1\bin\verify.dll
0x00007ff9c12f0000 - 0x00007ff9c1308000 	C:\Windows\SYSTEM32\CRYPTSP.dll
0x00007ff9c0a10000 - 0x00007ff9c0a44000 	C:\Windows\system32\rsaenh.dll
0x00007ff9c1f70000 - 0x00007ff9c1f97000 	C:\Windows\System32\bcrypt.dll
0x00007ff9c1840000 - 0x00007ff9c186e000 	C:\Windows\SYSTEM32\USERENV.dll
0x00007ff9c1310000 - 0x00007ff9c131c000 	C:\Windows\SYSTEM32\CRYPTBASE.dll
0x00007ff9c0da0000 - 0x00007ff9c0ddb000 	C:\Windows\SYSTEM32\IPHLPAPI.DLL
0x00007ff9c23b0000 - 0x00007ff9c23b8000 	C:\Windows\System32\NSI.dll
0x00007ff9bbd30000 - 0x00007ff9bbd47000 	C:\Windows\SYSTEM32\dhcpcsvc6.DLL
0x00007ff9bbd10000 - 0x00007ff9bbd2d000 	C:\Windows\SYSTEM32\dhcpcsvc.DLL
0x00007ff9c0de0000 - 0x00007ff9c0eab000 	C:\Windows\SYSTEM32\DNSAPI.dll
0x00007ff9b2e10000 - 0x00007ff9b2e1a000 	C:\Users\stalo\AppData\Local\Temp\jansi-1.17.1-16994854361274142741.dll
0x00007ff9b1100000 - 0x00007ff9b110a000 	C:\Users\stalo\AppData\Local\Temp\jansi-1.17.1-7905257777757837294.dll

dbghelp: loaded successfully - version: 4.0.5 - missing functions: none
symbol engine: initialized successfully - sym options: 0x614 - pdb path: .;C:\Program Files\Java\jdk-17.0.3.1\bin;C:\Windows\SYSTEM32;C:\Windows\WinSxS\amd64_microsoft.windows.common-controls_6595b64144ccf1df_6.0.19041.1110_none_60b5254171f9507e;C:\Program Files (x86)\Steam;C:\Program Files\Java\jdk-17.0.3.1\bin\server;E:\JetBrains\IntelliJ IDEA 2022.1.1\bin;C:\Users\stalo\AppData\Local\Temp

VM Arguments:
jvm_args: -Dmaven.multiModuleProjectDirectory=C:\Users\stalo\Documents\GitHub\HotelMenager -Dmaven.home=E:\JetBrains\IntelliJ IDEA 2022.1.1\plugins\maven\lib\maven3 -Dclassworlds.conf=E:\JetBrains\IntelliJ IDEA 2022.1.1\plugins\maven\lib\maven3\bin\m2.conf -Dmaven.ext.class.path=E:\JetBrains\IntelliJ IDEA 2022.1.1\plugins\maven\lib\maven-event-listener.jar -javaagent:E:\JetBrains\IntelliJ IDEA 2022.1.1\lib\idea_rt.jar=62642:E:\JetBrains\IntelliJ IDEA 2022.1.1\bin -Dfile.encoding=UTF-8 
java_command: org.codehaus.classworlds.Launcher -Didea.version=2022.1.1 clean package javafx:run
java_class_path (initial): E:\JetBrains\IntelliJ IDEA 2022.1.1\plugins\maven\lib\maven3\boot\plexus-classworlds-2.6.0.jar;E:\JetBrains\IntelliJ IDEA 2022.1.1\plugins\maven\lib\maven3\boot\plexus-classworlds.license
Launcher Type: SUN_STANDARD

[Global flags]
     intx CICompilerCount                          = 3                                         {product} {ergonomic}
     uint ConcGCThreads                            = 2                                         {product} {ergonomic}
     uint G1ConcRefinementThreads                  = 6                                         {product} {ergonomic}
   size_t G1HeapRegionSize                         = 2097152                                   {product} {ergonomic}
    uintx GCDrainStackTargetSize                   = 64                                        {product} {ergonomic}
   size_t InitialHeapSize                          = 268435456                                 {product} {ergonomic}
   size_t MarkStackSize                            = 4194304                                   {product} {ergonomic}
   size_t MaxHeapSize                              = 4269801472                                {product} {ergonomic}
   size_t MaxNewSize                               = 2560622592                                {product} {ergonomic}
   size_t MinHeapDeltaBytes                        = 2097152                                   {product} {ergonomic}
   size_t MinHeapSize                              = 8388608                                   {product} {ergonomic}
    uintx NonNMethodCodeHeapSize                   = 5832780                                {pd product} {ergonomic}
    uintx NonProfiledCodeHeapSize                  = 122912730                              {pd product} {ergonomic}
    uintx ProfiledCodeHeapSize                     = 122912730                              {pd product} {ergonomic}
    uintx ReservedCodeCacheSize                    = 251658240                              {pd product} {ergonomic}
     bool SegmentedCodeCache                       = true                                      {product} {ergonomic}
   size_t SoftMaxHeapSize                          = 4269801472                             {manageable} {ergonomic}
     bool UseCompressedClassPointers               = true                           {product lp64_product} {ergonomic}
     bool UseCompressedOops                        = true                           {product lp64_product} {ergonomic}
     bool UseG1GC                                  = true                                      {product} {ergonomic}
     bool UseLargePagesIndividualAllocation        = false                                  {pd product} {ergonomic}

Logging:
Log output configuration:
 #0: stdout all=warning uptime,level,tags
 #1: stderr all=off uptime,level,tags

Environment Variables:
PATH=C:\Program Files (x86)\Steam;C:\Program Files (x86)\Steam;C:\Program Files\Common Files\Oracle\Java\javapath;C:\Windows\system32;C:\Windows;C:\Windows\System32\Wbem;C:\Windows\System32\WindowsPowerShell\v1.0\;C:\Windows\System32\OpenSSH\;C:\Program Files\Git\cmd;C:\Users\stalo\AppData\Local\Microsoft\WindowsApps;E:\JetBrains\IntelliJ IDEA 2022.1.1\bin
USERNAME=stalo
OS=Windows_NT
PROCESSOR_IDENTIFIER=Intel64 Family 6 Model 158 Stepping 10, GenuineIntel



---------------  S Y S T E M  ---------------

OS:
 Windows 10 , 64 bit Build 19041 (10.0.19041.1706)
OS uptime: 2 days 11:33 hours

CPU: total 6 (initial active 6) (6 cores per cpu, 1 threads per core) family 6 model 158 stepping 10 microcode 0xb4, cx8, cmov, fxsr, mmx, 3dnowpref, sse, sse2, sse3, ssse3, sse4.1, sse4.2, popcnt, lzcnt, tsc, tscinvbit, avx, avx2, aes, erms, clmul, bmi1, bmi2, rtm, adx, fma, vzeroupper, clflush, clflushopt

Memory: 4k page, system-wide physical 16285M (5167M free)
TotalPageFile size 23965M (AvailPageFile size 4008M)
current process WorkingSet (physical memory assigned to process): 248M, peak: 248M
current process commit charge ("private bytes"): 405M, peak: 405M

vm_info: Java HotSpot(TM) 64-Bit Server VM (17.0.3.1+2-LTS-6) for windows-amd64 JRE (17.0.3.1+2-LTS-6), built on Apr 25 2022 22:04:21 by "mach5one" with MS VC++ 16.8 / 16.9 (VS2019)

END.
